      {
        "wazuh_id": "1790971133.895407",
        "received_at": "2026-10-02T19:59:07.065056Z",
        "level": 4,
        "event": {
          "event_id": "evt_wz_1790971133_895407",
          "timestamp": "2026-10-02T19:58:53.444000Z",
          "ingested_at": null,
          "source": "wazuh",
          "category": "other",
          "event_type": "wazuh:60608",
          "host": "my-pc",
          "user": null,
          "outcome": "unknown",
          "process": null,
          "network": null,
          "file_path": null,
          "message": "Summary event of the report's signatures.",
          "raw": {
            "id": "1790971133.895407",
            "data": {
              "win": {
                "system": {
                  "task": "0",
                  "level": "4",
                  "opcode": "0",
                  "channel": "Application",
                  "eventID": "1001",
                  "message": "\"Fault bucket , type 0\r\nEvent Name: LiveKernelEvent\r\nResponse: Not available\r\nCab Id: 0\r\n\r\nProblem signature:\r\nP1: 193\r\nP2: aaaaaaaaaaaaaaaa\r\nP3: aaaaaaaaaaaaaaaa\r\nP4: aaaaaaaaaaaaaaaa\r\nP5: aaaaaaaaaaaaaaaa\r\nP6: 10_0_26200\r\nP7: 0_0\r\nP8: 768_1\r\nP9: \r\nP10: \r\n\r\nAttached files:\r\n\\\\?\\C:\\WINDOWS\\LiveKernelReports\\WATCHDOG\\WATCHDOG-20260926-0346.dmp\r\n\\\\?\\C:\\WINDOWS\\SystemTemp\\WER-11994531-0.sysdata.xml\r\n\\\\?\\C:\\ProgramData\\Microsoft\\Windows\\WER\\Temp\\WER.0f1c2eb3-5c59-4ac0-b129-66f427a2b328.tmp.xml\r\n\r\nThese files may be available here:\r\n\\\\?\\C:\\ProgramData\\Microsoft\\Windows\\WER\\ReportQueue\\Kernel_193_f9e20219aaf295c75aa6f6c7ea5fd1dac91c2_00000000_b8499660-2f64-4882-9922-726d358db9c8\r\n\r\nAnalysis symbol: \r\nRechecking for solution: 0\r\nReport Id: b8499660-2f64-4882-9922-726d358db9c8\r\nReport Status: 2049\r\nHashed bucket: \r\nCab Guid: 0\"",
                  "version": "0",
                  "computer": "MY-PC",
                  "keywords": "0x8000000000000000",
                  "threadID": "18460",
                  "processID": "17840",
                  "systemTime": "2026-10-02T18:10:30.2941924Z",
                  "providerGuid": "{0ead09bd-2157-539a-8d6d-c87f95b64d70}",
                  "providerName": "Windows Error Reporting",
                  "eventRecordID": "126777",
                  "severityValue": "INFORMATION"
                },
                "eventdata": {
                  "p1": "193",
                  "p2": "aaaaaaaaaaaaaaaa",
                  "p3": "aaaaaaaaaaaaaaaa",
                  "p4": "aaaaaaaaaaaaaaaa",
                  "p5": "aaaaaaaaaaaaaaaa",
                  "p6": "10_0_26200",
                  "p7": "0_0",
                  "p8": "768_1",
                  "cabId": "0",
                  "cabGuid": "0",
                  "reportId": "b8499660-2f64-4882-9922-726d358db9c8",
                  "response": "Not available",
                  "eventName": "LiveKernelEvent",
                  "storePath": "\\\\\\\\?\\\\C:\\\\ProgramData\\\\Microsoft\\\\Windows\\\\WER\\\\ReportQueue\\\\Kernel_193_f9e20219aaf295c75aa6f6c7ea5fd1dac91c2_00000000_b8499660-2f64-4882-9922-726d358db9c8",
                  "bucketType": "0",
                  "rechecking": "0",
                  "reportStatus": "2049",
                  "attachedFiles": "  \\\\\\\\?\\\\C:\\\\WINDOWS\\\\LiveKernelReports\\\\WATCHDOG\\\\WATCHDOG-20260926-0346.dmp  \\\\\\\\?\\\\C:\\\\WINDOWS\\\\SystemTemp\\\\WER-11994531-0.sysdata.xml  \\\\\\\\?\\\\C:\\\\ProgramData\\\\Microsoft\\\\Windows\\\\WER\\\\Temp\\\\WER.0f1c2eb3-5c59-4ac0-b129-66f427a2b328.tmp.xml"
                }
              }
            },
            "rule": {
              "id": "60608",
              "mail": false,
              "level": 4,
              "groups": [
                "windows",
                "windows_application"
              ],
              "firedtimes": 150,
              "description": "Summary event of the report's signatures."
            },
            "agent": {
              "id": "001",
              "ip": "127.0.0.1",
              "name": "my-pc"
            },
            "decoder": {
              "name": "windows_eventchannel"
            },
            "manager": {
              "name": "wazuh.manager"
            },
            "location": "EventChannel",
            "timestamp": "2026-10-02T19:58:53.444+0000"
          },
          "case_id": null
        },
        "alert": {
          "alert_id": "alr_wz_1790971133_895407",
          "rule_id": "wazuh-60608",
          "rule_name": "Summary event of the report's signatures.",
          "rule_severity": "low",
          "timestamp": "2026-10-02T19:58:53.444000Z",
          "host": "my-pc",
          "user": null,
          "src_ip": null,
          "description": "Summary event of the report's signatures.",
          "event_ids": [
            "evt_wz_1790971133_895407"
          ],
          "suggested_techniques": [],
          "case_id": null
        }
      },
      {
        "wazuh_id": "1790971133.890721",
        "received_at": "2026-10-02T19:59:06.981675Z",
        "level": 4,
        "event": {
          "event_id": "evt_wz_1790971133_890721",
          "timestamp": "2026-10-02T19:58:53.429000Z",
          "ingested_at": null,
          "source": "wazuh",
          "category": "other",
          "event_type": "wazuh:60608",
          "host": "my-pc",
          "user": null,
          "outcome": "unknown",
          "process": null,
          "network": null,
          "file_path": null,
          "message": "Summary event of the report's signatures.",
          "raw": {
            "id": "1790971133.890721",
            "data": {
              "win": {
                "system": {
                  "task": "0",
                  "level": "4",
                  "opcode": "0",
                  "channel": "Application",
                  "eventID": "1001",
                  "message": "\"Fault bucket , type 0\r\nEvent Name: LiveKernelEvent\r\nResponse: Not available\r\nCab Id: 0\r\n\r\nProblem signature:\r\nP1: 193\r\nP2: aaaaaaaaaaaaaaaa\r\nP3: aaaaaaaaaaaaaaaa\r\nP4: aaaaaaaaaaaaaaaa\r\nP5: aaaaaaaaaaaaaaaa\r\nP6: 10_0_26200\r\nP7: 0_0\r\nP8: 768_1\r\nP9: \r\nP10: \r\n\r\nAttached files:\r\n\\\\?\\C:\\WINDOWS\\LiveKernelReports\\WATCHDOG\\WATCHDOG-20260918-2307.dmp\r\n\\\\?\\C:\\WINDOWS\\SystemTemp\\WER-791078-0.sysdata.xml\r\n\\\\?\\C:\\ProgramData\\Microsoft\\Windows\\WER\\Temp\\WER.301db7be-393e-47ad-b53c-507f12f17830.tmp.xml\r\n\r\nThese files may be available here:\r\n\\\\?\\C:\\ProgramData\\Microsoft\\Windows\\WER\\ReportQueue\\Kernel_193_f9e20219aaf295c75aa6f6c7ea5fd1dac91c2_00000000_84536305-dea7-4e34-a752-cf6d4f20851f\r\n\r\nAnalysis symbol: \r\nRechecking for solution: 0\r\nReport Id: 84536305-dea7-4e34-a752-cf6d4f20851f\r\nReport Status: 2051\r\nHashed bucket: \r\nCab Guid: 0\"",
                  "version": "0",
                  "computer": "MY-PC",
                  "keywords": "0x8000000000000000",
                  "threadID": "18460",
                  "processID": "17840",
                  "systemTime": "2026-10-02T18:10:30.2481266Z",
                  "providerGuid": "{0ead09bd-2157-539a-8d6d-c87f95b64d70}",
                  "providerName": "Windows Error Reporting",
                  "eventRecordID": "126776",
                  "severityValue": "INFORMATION"
                },
                "eventdata": {
                  "p1": "193",
                  "p2": "aaaaaaaaaaaaaaaa",
                  "p3": "aaaaaaaaaaaaaaaa",
                  "p4": "aaaaaaaaaaaaaaaa",
                  "p5": "aaaaaaaaaaaaaaaa",
                  "p6": "10_0_26200",
                  "p7": "0_0",
                  "p8": "768_1",
                  "cabId": "0",
                  "cabGuid": "0",
                  "reportId": "84536305-dea7-4e34-a752-cf6d4f20851f",
                  "response": "Not available",
                  "eventName": "LiveKernelEvent",
                  "storePath": "\\\\\\\\?\\\\C:\\\\ProgramData\\\\Microsoft\\\\Windows\\\\WER\\\\ReportQueue\\\\Kernel_193_f9e20219aaf295c75aa6f6c7ea5fd1dac91c2_00000000_84536305-dea7-4e34-a752-cf6d4f20851f",
                  "bucketType": "0",
                  "rechecking": "0",
                  "reportStatus": "2051",
                  "attachedFiles": "  \\\\\\\\?\\\\C:\\\\WINDOWS\\\\LiveKernelReports\\\\WATCHDOG\\\\WATCHDOG-20260918-2307.dmp  \\\\\\\\?\\\\C:\\\\WINDOWS\\\\SystemTemp\\\\WER-791078-0.sysdata.xml  \\\\\\\\?\\\\C:\\\\ProgramData\\\\Microsoft\\\\Windows\\\\WER\\\\Temp\\\\WER.301db7be-393e-47ad-b53c-507f12f17830.tmp.xml"
                }
              }
            },
            "rule": {
              "id": "60608",
              "mail": false,
              "level": 4,
              "groups": [
                "windows",
                "windows_application"
              ],
              "firedtimes": 149,
              "description": "Summary event of the report's signatures."
            },
            "agent": {
              "id": "001",
              "ip": "127.0.0.1",
              "name": "my-pc"
            },
            "decoder": {
              "name": "windows_eventchannel"
            },
            "manager": {
              "name": "wazuh.manager"
            },
            "location": "EventChannel",
            "timestamp": "2026-10-02T19:58:53.429+0000"
          },
          "case_id": null
        },
        "alert": {
          "alert_id": "alr_wz_1790971133_890721",
          "rule_id": "wazuh-60608",
          "rule_name": "Summary event of the report's signatures.",
          "rule_severity": "low",
          "timestamp": "2026-10-02T19:58:53.429000Z",
          "host": "my-pc",
          "user": null,
          "src_ip": null,
          "description": "Summary event of the report's signatures.",
          "event_ids": [
            "evt_wz_1790971133_890721"
          ],
          "suggested_techniques": [],
          "case_id": null
        }
      },
      {
        "wazuh_id": "1790971133.886031",
        "received_at": "2026-10-02T19:59:06.881966Z",
        "level": 4,
        "event": {
          "event_id": "evt_wz_1790971133_886031",
          "timestamp": "2026-10-02T19:58:53.413000Z",
          "ingested_at": null,
          "source": "wazuh",
          "category": "other",
          "event_type": "wazuh:60608",
          "host": "my-pc",
          "user": null,
          "outcome": "unknown",
          "process": null,
          "network": null,
          "file_path": null,
          "message": "Summary event of the report's signatures.",
          "raw": {
            "id": "1790971133.886031",
            "data": {
              "win": {
                "system": {
                  "task": "0",
                  "level": "4",
                  "opcode": "0",
                  "channel": "Application",
                  "eventID": "1001",
                  "message": "\"Fault bucket , type 0\r\nEvent Name: LiveKernelEvent\r\nResponse: Not available\r\nCab Id: 0\r\n\r\nProblem signature:\r\nP1: 193\r\nP2: aaaaaaaaaaaaaaaa\r\nP3: aaaaaaaaaaaaaaaa\r\nP4: aaaaaaaaaaaaaaaa\r\nP5: aaaaaaaaaaaaaaaa\r\nP6: 10_0_26200\r\nP7: 0_0\r\nP8: 768_1\r\nP9: \r\nP10: \r\n\r\nAttached files:\r\n\\\\?\\C:\\WINDOWS\\LiveKernelReports\\WATCHDOG\\WATCHDOG-20260916-1951.dmp\r\n\\\\?\\C:\\WINDOWS\\SystemTemp\\WER-3854890-0.sysdata.xml\r\n\\\\?\\C:\\ProgramData\\Microsoft\\Windows\\WER\\Temp\\WER.b03e77ed-3da9-47bc-b97c-f257fe1a57d7.tmp.xml\r\n\r\nThese files may be available here:\r\n\\\\?\\C:\\ProgramData\\Microsoft\\Windows\\WER\\ReportQueue\\Kernel_193_f9e20219aaf295c75aa6f6c7ea5fd1dac91c2_00000000_aa544b61-73ac-4608-87db-887b09f5e4b9\r\n\r\nAnalysis symbol: \r\nRechecking for solution: 0\r\nReport Id: aa544b61-73ac-4608-87db-887b09f5e4b9\r\nReport Status: 2051\r\nHashed bucket: \r\nCab Guid: 0\"",
                  "version": "0",
                  "computer": "MY-PC",
                  "keywords": "0x8000000000000000",
                  "threadID": "18460",
                  "processID": "17840",
                  "systemTime": "2026-10-02T18:10:30.2005137Z",
                  "providerGuid": "{0ead09bd-2157-539a-8d6d-c87f95b64d70}",
                  "providerName": "Windows Error Reporting",
                  "eventRecordID": "126775",
                  "severityValue": "INFORMATION"
                },
                "eventdata": {
                  "p1": "193",
                  "p2": "aaaaaaaaaaaaaaaa",
                  "p3": "aaaaaaaaaaaaaaaa",
                  "p4": "aaaaaaaaaaaaaaaa",
                  "p5": "aaaaaaaaaaaaaaaa",
                  "p6": "10_0_26200",
                  "p7": "0_0",
                  "p8": "768_1",
                  "cabId": "0",
                  "cabGuid": "0",
                  "reportId": "aa544b61-73ac-4608-87db-887b09f5e4b9",
                  "response": "Not available",
                  "eventName": "LiveKernelEvent",
                  "storePath": "\\\\\\\\?\\\\C:\\\\ProgramData\\\\Microsoft\\\\Windows\\\\WER\\\\ReportQueue\\\\Kernel_193_f9e20219aaf295c75aa6f6c7ea5fd1dac91c2_00000000_aa544b61-73ac-4608-87db-887b09f5e4b9",
                  "bucketType": "0",
                  "rechecking": "0",
                  "reportStatus": "2051",
                  "attachedFiles": "  \\\\\\\\?\\\\C:\\\\WINDOWS\\\\LiveKernelReports\\\\WATCHDOG\\\\WATCHDOG-20260916-1951.dmp  \\\\\\\\?\\\\C:\\\\WINDOWS\\\\SystemTemp\\\\WER-3854890-0.sysdata.xml  \\\\\\\\?\\\\C:\\\\ProgramData\\\\Microsoft\\\\Windows\\\\WER\\\\Temp\\\\WER.b03e77ed-3da9-47bc-b97c-f257fe1a57d7.tmp.xml"
                }
              }
            },
            "rule": {
              "id": "60608",
              "mail": false,
              "level": 4,
              "groups": [
                "windows",
                "windows_application"
              ],
              "firedtimes": 148,
              "description": "Summary event of the report's signatures."
            },
            "agent": {
              "id": "001",
              "ip": "127.0.0.1",
              "name": "my-pc"
            },
            "decoder": {
              "name": "windows_eventchannel"
            },
            "manager": {
              "name": "wazuh.manager"
            },
            "location": "EventChannel",
            "timestamp": "2026-10-02T19:58:53.413+0000"
          },
          "case_id": null
        },
        "alert": {
          "alert_id": "alr_wz_1790971133_886031",
          "rule_id": "wazuh-60608",
          "rule_name": "Summary event of the report's signatures.",
          "rule_severity": "low",
          "timestamp": "2026-10-02T19:58:53.413000Z",
          "host": "my-pc",
          "user": null,
          "src_ip": null,
          "description": "Summary event of the report's signatures.",
          "event_ids": [
            "evt_wz_1790971133_886031"
          ],
          "suggested_techniques": [],
          "case_id": null
        }
      },
      {
        "wazuh_id": "1790971133.881341",
        "received_at": "2026-10-02T19:59:06.753401Z",
        "level": 4,
        "event": {
          "event_id": "evt_wz_1790971133_881341",
          "timestamp": "2026-10-02T19:58:53.397000Z",
          "ingested_at": null,
          "source": "wazuh",
          "category": "other",
          "event_type": "wazuh:60608",
          "host": "my-pc",
          "user": null,
          "outcome": "unknown",
          "process": null,
          "network": null,
          "file_path": null,
          "message": "Summary event of the report's signatures.",
          "raw": {
            "id": "1790971133.881341",
            "data": {
              "win": {
                "system": {
                  "task": "0",
                  "level": "4",
                  "opcode": "0",
                  "channel": "Application",
                  "eventID": "1001",
                  "message": "\"Fault bucket , type 0\r\nEvent Name: LiveKernelEvent\r\nResponse: Not available\r\nCab Id: 0\r\n\r\nProblem signature:\r\nP1: 193\r\nP2: aaaaaaaaaaaaaaaa\r\nP3: aaaaaaaaaaaaaaaa\r\nP4: aaaaaaaaaaaaaaaa\r\nP5: aaaaaaaaaaaaaaaa\r\nP6: 10_0_26200\r\nP7: 0_0\r\nP8: 768_1\r\nP9: \r\nP10: \r\n\r\nAttached files:\r\n\\\\?\\C:\\WINDOWS\\LiveKernelReports\\WATCHDOG\\WATCHDOG-20260909-2054.dmp\r\n\\\\?\\C:\\WINDOWS\\SystemTemp\\WER-1564078-0.sysdata.xml\r\n\\\\?\\C:\\ProgramData\\Microsoft\\Windows\\WER\\Temp\\WER.a8dd5be7-9a2b-4075-96dc-5a6a60de468c.tmp.xml\r\n\r\nThese files may be available here:\r\n\\\\?\\C:\\ProgramData\\Microsoft\\Windows\\WER\\ReportQueue\\Kernel_193_f9e20219aaf295c75aa6f6c7ea5fd1dac91c2_00000000_194aad27-048f-4a6a-9dd3-353ec8f4a912\r\n\r\nAnalysis symbol: \r\nRechecking for solution: 0\r\nReport Id: 194aad27-048f-4a6a-9dd3-353ec8f4a912\r\nReport Status: 2051\r\nHashed bucket: \r\nCab Guid: 0\"",
                  "version": "0",
                  "computer": "MY-PC",
                  "keywords": "0x8000000000000000",
                  "threadID": "18460",
                  "processID": "17840",
                  "systemTime": "2026-10-02T18:10:30.1514068Z",
                  "providerGuid": "{0ead09bd-2157-539a-8d6d-c87f95b64d70}",
                  "providerName": "Windows Error Reporting",
                  "eventRecordID": "126774",
                  "severityValue": "INFORMATION"
                },
                "eventdata": {
                  "p1": "193",
                  "p2": "aaaaaaaaaaaaaaaa",
                  "p3": "aaaaaaaaaaaaaaaa",
                  "p4": "aaaaaaaaaaaaaaaa",
                  "p5": "aaaaaaaaaaaaaaaa",
                  "p6": "10_0_26200",
                  "p7": "0_0",
                  "p8": "768_1",
                  "cabId": "0",
                  "cabGuid": "0",
                  "reportId": "194aad27-048f-4a6a-9dd3-353ec8f4a912",
                  "response": "Not available",
                  "eventName": "LiveKernelEvent",
                  "storePath": "\\\\\\\\?\\\\C:\\\\ProgramData\\\\Microsoft\\\\Windows\\\\WER\\\\ReportQueue\\\\Kernel_193_f9e20219aaf295c75aa6f6c7ea5fd1dac91c2_00000000_194aad27-048f-4a6a-9dd3-353ec8f4a912",
                  "bucketType": "0",
                  "rechecking": "0",
                  "reportStatus": "2051",
                  "attachedFiles": "  \\\\\\\\?\\\\C:\\\\WINDOWS\\\\LiveKernelReports\\\\WATCHDOG\\\\WATCHDOG-20260909-2054.dmp  \\\\\\\\?\\\\C:\\\\WINDOWS\\\\SystemTemp\\\\WER-1564078-0.sysdata.xml  \\\\\\\\?\\\\C:\\\\ProgramData\\\\Microsoft\\\\Windows\\\\WER\\\\Temp\\\\WER.a8dd5be7-9a2b-4075-96dc-5a6a60de468c.tmp.xml"
                }
              }
            },
            "rule": {
              "id": "60608",
              "mail": false,
              "level": 4,
              "groups": [
                "windows",
                "windows_application"
              ],
              "firedtimes": 147,
              "description": "Summary event of the report's signatures."
            },
            "agent": {
              "id": "001",
              "ip": "127.0.0.1",
              "name": "my-pc"
            },
            "decoder": {
              "name": "windows_eventchannel"
            },
            "manager": {
              "name": "wazuh.manager"
            },
            "location": "EventChannel",
            "timestamp": "2026-10-02T19:58:53.397+0000"
          },
          "case_id": null
        },
        "alert": {
          "alert_id": "alr_wz_1790971133_881341",
          "rule_id": "wazuh-60608",
          "rule_name": "Summary event of the report's signatures.",
          "rule_severity": "low",
          "timestamp": "2026-10-02T19:58:53.397000Z",
          "host": "my-pc",
          "user": null,
          "src_ip": null,
          "description": "Summary event of the report's signatures.",
          "event_ids": [
            "evt_wz_1790971133_881341"
          ],
          "suggested_techniques": [],
          "case_id": null
        }
      },
      {
        "wazuh_id": "1790971133.876747",
        "received_at": "2026-10-02T19:59:06.633706Z",
        "level": 4,
        "event": {
          "event_id": "evt_wz_1790971133_876747",
          "timestamp": "2026-10-02T19:58:53.382000Z",
          "ingested_at": null,
          "source": "wazuh",
          "category": "other",
          "event_type": "wazuh:60608",
          "host": "my-pc",
          "user": null,
          "outcome": "unknown",
          "process": null,
          "network": null,
          "file_path": null,
          "message": "Summary event of the report's signatures.",
          "raw": {
            "id": "1790971133.876747",
            "data": {
              "win": {
                "system": {
                  "task": "0",
                  "level": "4",
                  "opcode": "0",
                  "channel": "Application",
                  "eventID": "1001",
                  "message": "\"Fault bucket , type 0\r\nEvent Name: LiveKernelEvent\r\nResponse: Not available\r\nCab Id: 0\r\n\r\nProblem signature:\r\nP1: 193\r\nP2: 80e\r\nP3: ffffaf0f15cee080\r\nP4: ffffe38f3a553ae0\r\nP5: 0\r\nP6: 10_0_26200\r\nP7: 0_0\r\nP8: 768_1\r\nP9: \r\nP10: \r\n\r\nAttached files:\r\n\\\\?\\C:\\WINDOWS\\LiveKernelReports\\WATCHDOG\\WATCHDOG-20260820-1930.dmp\r\n\\\\?\\C:\\WINDOWS\\SystemTemp\\WER-13987281-0.sysdata.xml\r\n\\\\?\\C:\\ProgramData\\Microsoft\\Windows\\WER\\Temp\\WER.c2380d66-f050-4bfb-89ab-1f79b9ecdecd.tmp.xml\r\n\r\nThese files may be available here:\r\n\\\\?\\C:\\ProgramData\\Microsoft\\Windows\\WER\\ReportQueue\\Kernel_193_f58c1fdd5dae865ed750d3e3d2a97948d344b4a4_00000000_f1060779-22ff-48fd-a646-b6bf7e187e0f\r\n\r\nAnalysis symbol: \r\nRechecking for solution: 0\r\nReport Id: f1060779-22ff-48fd-a646-b6bf7e187e0f\r\nReport Status: 2051\r\nHashed bucket: \r\nCab Guid: 0\"",
                  "version": "0",
                  "computer": "MY-PC",
                  "keywords": "0x8000000000000000",
                  "threadID": "18460",
                  "processID": "17840",
                  "systemTime": "2026-10-02T18:10:30.1029464Z",
                  "providerGuid": "{0ead09bd-2157-539a-8d6d-c87f95b64d70}",
                  "providerName": "Windows Error Reporting",
                  "eventRecordID": "126773",
                  "severityValue": "INFORMATION"
                },
                "eventdata": {
                  "p1": "193",
                  "p2": "80e",
                  "p3": "ffffaf0f15cee080",
                  "p4": "ffffe38f3a553ae0",
                  "p5": "0",
                  "p6": "10_0_26200",
                  "p7": "0_0",
                  "p8": "768_1",
                  "cabId": "0",
                  "cabGuid": "0",
                  "reportId": "f1060779-22ff-48fd-a646-b6bf7e187e0f",
                  "response": "Not available",
                  "eventName": "LiveKernelEvent",
                  "storePath": "\\\\\\\\?\\\\C:\\\\ProgramData\\\\Microsoft\\\\Windows\\\\WER\\\\ReportQueue\\\\Kernel_193_f58c1fdd5dae865ed750d3e3d2a97948d344b4a4_00000000_f1060779-22ff-48fd-a646-b6bf7e187e0f",
                  "bucketType": "0",
                  "rechecking": "0",
                  "reportStatus": "2051",
                  "attachedFiles": "  \\\\\\\\?\\\\C:\\\\WINDOWS\\\\LiveKernelReports\\\\WATCHDOG\\\\WATCHDOG-20260820-1930.dmp  \\\\\\\\?\\\\C:\\\\WINDOWS\\\\SystemTemp\\\\WER-13987281-0.sysdata.xml  \\\\\\\\?\\\\C:\\\\ProgramData\\\\Microsoft\\\\Windows\\\\WER\\\\Temp\\\\WER.c2380d66-f050-4bfb-89ab-1f79b9ecdecd.tmp.xml"
                }
              }
            },
            "rule": {
              "id": "60608",
              "mail": false,
              "level": 4,
              "groups": [
                "windows",
                "windows_application"
              ],
              "firedtimes": 146,
              "description": "Summary event of the report's signatures."
            },
            "agent": {
              "id": "001",
              "ip": "127.0.0.1",
              "name": "my-pc"
            },
            "decoder": {
              "name": "windows_eventchannel"
            },
            "manager": {
              "name": "wazuh.manager"
            },
            "location": "EventChannel",
            "timestamp": "2026-10-02T19:58:53.382+0000"
          },
          "case_id": null
        },
        "alert": {
          "alert_id": "alr_wz_1790971133_876747",
          "rule_id": "wazuh-60608",
          "rule_name": "Summary event of the report's signatures.",
          "rule_severity": "low",
          "timestamp": "2026-10-02T19:58:53.382000Z",
          "host": "my-pc",
          "user": null,
          "src_ip": null,
          "description": "Summary event of the report's signatures.",
          "event_ids": [
            "evt_wz_1790971133_876747"
          ],
          "suggested_techniques": [],
          "case_id": null
        }
      },
      {
        "wazuh_id": "1790971133.872161",
        "received_at": "2026-10-02T19:59:06.525584Z",
        "level": 4,
        "event": {
          "event_id": "evt_wz_1790971133_872161",
          "timestamp": "2026-10-02T19:58:53.367000Z",
          "ingested_at": null,
          "source": "wazuh",
          "category": "other",
          "event_type": "wazuh:60608",
          "host": "my-pc",
          "user": null,
          "outcome": "unknown",
          "process": null,
          "network": null,
          "file_path": null,
          "message": "Summary event of the report's signatures.",
          "raw": {
            "id": "1790971133.872161",
            "data": {
              "win": {
                "system": {
                  "task": "0",
                  "level": "4",
                  "opcode": "0",
                  "channel": "Application",
                  "eventID": "1001",
                  "message": "\"Fault bucket , type 0\r\nEvent Name: LiveKernelEvent\r\nResponse: Not available\r\nCab Id: 0\r\n\r\nProblem signature:\r\nP1: 193\r\nP2: 80e\r\nP3: ffffd785644e9080\r\nP4: ffffc70558ae87a0\r\nP5: 0\r\nP6: 10_0_26200\r\nP7: 0_0\r\nP8: 768_1\r\nP9: \r\nP10: \r\n\r\nAttached files:\r\n\\\\?\\C:\\WINDOWS\\LiveKernelReports\\WATCHDOG\\WATCHDOG-20260814-1846.dmp\r\n\\\\?\\C:\\WINDOWS\\SystemTemp\\WER-14002093-0.sysdata.xml\r\n\\\\?\\C:\\ProgramData\\Microsoft\\Windows\\WER\\Temp\\WER.67dab7e1-5c12-447c-a4a4-d957bdd7b76e.tmp.xml\r\n\r\nThese files may be available here:\r\n\\\\?\\C:\\ProgramData\\Microsoft\\Windows\\WER\\ReportQueue\\Kernel_193_28be9475c0b9589f181848d89d6f682be87499_00000000_f0d48cf1-811b-468d-b181-a9aeec35272b\r\n\r\nAnalysis symbol: \r\nRechecking for solution: 0\r\nReport Id: f0d48cf1-811b-468d-b181-a9aeec35272b\r\nReport Status: 2051\r\nHashed bucket: \r\nCab Guid: 0\"",
                  "version": "0",
                  "computer": "MY-PC",
                  "keywords": "0x8000000000000000",
                  "threadID": "18460",
                  "processID": "17840",
                  "systemTime": "2026-10-02T18:10:30.0437567Z",
                  "providerGuid": "{0ead09bd-2157-539a-8d6d-c87f95b64d70}",
                  "providerName": "Windows Error Reporting",
                  "eventRecordID": "126772",
                  "severityValue": "INFORMATION"
                },
                "eventdata": {
                  "p1": "193",
                  "p2": "80e",
                  "p3": "ffffd785644e9080",
                  "p4": "ffffc70558ae87a0",
                  "p5": "0",
                  "p6": "10_0_26200",
                  "p7": "0_0",
                  "p8": "768_1",
                  "cabId": "0",
                  "cabGuid": "0",
                  "reportId": "f0d48cf1-811b-468d-b181-a9aeec35272b",
                  "response": "Not available",
                  "eventName": "LiveKernelEvent",
                  "storePath": "\\\\\\\\?\\\\C:\\\\ProgramData\\\\Microsoft\\\\Windows\\\\WER\\\\ReportQueue\\\\Kernel_193_28be9475c0b9589f181848d89d6f682be87499_00000000_f0d48cf1-811b-468d-b181-a9aeec35272b",
                  "bucketType": "0",
                  "rechecking": "0",
                  "reportStatus": "2051",
                  "attachedFiles": "  \\\\\\\\?\\\\C:\\\\WINDOWS\\\\LiveKernelReports\\\\WATCHDOG\\\\WATCHDOG-20260814-1846.dmp  \\\\\\\\?\\\\C:\\\\WINDOWS\\\\SystemTemp\\\\WER-14002093-0.sysdata.xml  \\\\\\\\?\\\\C:\\\\ProgramData\\\\Microsoft\\\\Windows\\\\WER\\\\Temp\\\\WER.67dab7e1-5c12-447c-a4a4-d957bdd7b76e.tmp.xml"
                }
              }
            },
            "rule": {
              "id": "60608",
              "mail": false,
              "level": 4,
              "groups": [
                "windows",
                "windows_application"
              ],
              "firedtimes": 145,
              "description": "Summary event of the report's signatures."
            },
            "agent": {
              "id": "001",
              "ip": "127.0.0.1",
              "name": "my-pc"
            },
            "decoder": {
              "name": "windows_eventchannel"
            },
            "manager": {
              "name": "wazuh.manager"
            },
            "location": "EventChannel",
            "timestamp": "2026-10-02T19:58:53.367+0000"
          },
          "case_id": null
        },
        "alert": {
          "alert_id": "alr_wz_1790971133_872161",
          "rule_id": "wazuh-60608",
          "rule_name": "Summary event of the report's signatures.",
          "rule_severity": "low",
          "timestamp": "2026-10-02T19:58:53.367000Z",
          "host": "my-pc",
          "user": null,
          "src_ip": null,
          "description": "Summary event of the report's signatures.",
          "event_ids": [
            "evt_wz_1790971133_872161"
          ],
          "suggested_techniques": [],
          "case_id": null
        }
      },
      {
        "wazuh_id": "1790971133.867567",
        "received_at": "2026-10-02T19:59:06.440565Z",
        "level": 4,
        "event": {
          "event_id": "evt_wz_1790971133_867567",
          "timestamp": "2026-10-02T19:58:53.351000Z",
          "ingested_at": null,
          "source": "wazuh",
          "category": "other",
          "event_type": "wazuh:60608",
          "host": "my-pc",
          "user": null,
          "outcome": "unknown",
          "process": null,
          "network": null,
          "file_path": null,
          "message": "Summary event of the report's signatures.",
          "raw": {
            "id": "1790971133.867567",
            "data": {
              "win": {
                "system": {
                  "task": "0",
                  "level": "4",
                  "opcode": "0",
                  "channel": "Application",
                  "eventID": "1001",
                  "message": "\"Fault bucket , type 0\r\nEvent Name: LiveKernelEvent\r\nResponse: Not available\r\nCab Id: 0\r\n\r\nProblem signature:\r\nP1: 193\r\nP2: 80e\r\nP3: ffffc382257ba080\r\nP4: ffffb08ab7645d70\r\nP5: 0\r\nP6: 10_0_26200\r\nP7: 0_0\r\nP8: 768_1\r\nP9: \r\nP10: \r\n\r\nAttached files:\r\n\\\\?\\C:\\WINDOWS\\LiveKernelReports\\WATCHDOG\\WATCHDOG-20260804-1339.dmp\r\n\\\\?\\C:\\WINDOWS\\SystemTemp\\WER-15976046-0.sysdata.xml\r\n\\\\?\\C:\\ProgramData\\Microsoft\\Windows\\WER\\Temp\\WER.32c39287-120a-40ad-b68b-2c9b6700a14d.tmp.xml\r\n\r\nThese files may be available here:\r\n\\\\?\\C:\\ProgramData\\Microsoft\\Windows\\WER\\ReportQueue\\Kernel_193_f3f6bb5313e047f6daa5cc696ff59640439557db_00000000_c923f3ac-0c53-44f2-8305-0717e74e1379\r\n\r\nAnalysis symbol: \r\nRechecking for solution: 0\r\nReport Id: c923f3ac-0c53-44f2-8305-0717e74e1379\r\nReport Status: 2051\r\nHashed bucket: \r\nCab Guid: 0\"",
                  "version": "0",
                  "computer": "MY-PC",
                  "keywords": "0x8000000000000000",
                  "threadID": "18460",
                  "processID": "17840",
                  "systemTime": "2026-10-02T18:10:29.9879101Z",
                  "providerGuid": "{0ead09bd-2157-539a-8d6d-c87f95b64d70}",
                  "providerName": "Windows Error Reporting",
                  "eventRecordID": "126771",
                  "severityValue": "INFORMATION"
                },
                "eventdata": {
                  "p1": "193",
                  "p2": "80e",
                  "p3": "ffffc382257ba080",
                  "p4": "ffffb08ab7645d70",
                  "p5": "0",
                  "p6": "10_0_26200",
                  "p7": "0_0",
                  "p8": "768_1",
                  "cabId": "0",
                  "cabGuid": "0",
                  "reportId": "c923f3ac-0c53-44f2-8305-0717e74e1379",
                  "response": "Not available",
                  "eventName": "LiveKernelEvent",
                  "storePath": "\\\\\\\\?\\\\C:\\\\ProgramData\\\\Microsoft\\\\Windows\\\\WER\\\\ReportQueue\\\\Kernel_193_f3f6bb5313e047f6daa5cc696ff59640439557db_00000000_c923f3ac-0c53-44f2-8305-0717e74e1379",
                  "bucketType": "0",
                  "rechecking": "0",
                  "reportStatus": "2051",
                  "attachedFiles": "  \\\\\\\\?\\\\C:\\\\WINDOWS\\\\LiveKernelReports\\\\WATCHDOG\\\\WATCHDOG-20260804-1339.dmp  \\\\\\\\?\\\\C:\\\\WINDOWS\\\\SystemTemp\\\\WER-15976046-0.sysdata.xml  \\\\\\\\?\\\\C:\\\\ProgramData\\\\Microsoft\\\\Windows\\\\WER\\\\Temp\\\\WER.32c39287-120a-40ad-b68b-2c9b6700a14d.tmp.xml"
                }
              }
            },
            "rule": {
              "id": "60608",
              "mail": false,
              "level": 4,
              "groups": [
                "windows",
                "windows_application"
              ],
              "firedtimes": 144,
              "description": "Summary event of the report's signatures."
            },
            "agent": {
              "id": "001",
              "ip": "127.0.0.1",
              "name": "my-pc"
            },
            "decoder": {
              "name": "windows_eventchannel"
            },
            "manager": {
              "name": "wazuh.manager"
            },
            "location": "EventChannel",
            "timestamp": "2026-10-02T19:58:53.351+0000"
          },
          "case_id": null
        },
        "alert": {
          "alert_id": "alr_wz_1790971133_867567",
          "rule_id": "wazuh-60608",
          "rule_name": "Summary event of the report's signatures.",
          "rule_severity": "low",
          "timestamp": "2026-10-02T19:58:53.351000Z",
          "host": "my-pc",
          "user": null,
          "src_ip": null,
          "description": "Summary event of the report's signatures.",
          "event_ids": [
            "evt_wz_1790971133_867567"
          ],
          "suggested_techniques": [],
          "case_id": null
        }
      },
      {
        "wazuh_id": "1790971133.862985",
        "received_at": "2026-10-02T19:59:06.351310Z",
        "level": 4,
        "event": {
          "event_id": "evt_wz_1790971133_862985",
          "timestamp": "2026-10-02T19:58:53.336000Z",
          "ingested_at": null,
          "source": "wazuh",
          "category": "other",
          "event_type": "wazuh:60608",
          "host": "my-pc",
          "user": null,
          "outcome": "unknown",
          "process": null,
          "network": null,
          "file_path": null,
          "message": "Summary event of the report's signatures.",
          "raw": {
            "id": "1790971133.862985",
            "data": {
              "win": {
                "system": {
                  "task": "0",
                  "level": "4",
                  "opcode": "0",
                  "channel": "Application",
                  "eventID": "1001",
                  "message": "\"Fault bucket , type 0\r\nEvent Name: LiveKernelEvent\r\nResponse: Not available\r\nCab Id: 0\r\n\r\nProblem signature:\r\nP1: 193\r\nP2: 80e\r\nP3: ffffc083dcfaa080\r\nP4: ffff8600d472bc10\r\nP5: 0\r\nP6: 10_0_26200\r\nP7: 0_0\r\nP8: 768_1\r\nP9: \r\nP10: \r\n\r\nAttached files:\r\n\\\\?\\C:\\WINDOWS\\LiveKernelReports\\WATCHDOG\\WATCHDOG-20260803-2059.dmp\r\n\\\\?\\C:\\WINDOWS\\SystemTemp\\WER-6223875-0.sysdata.xml\r\n\\\\?\\C:\\ProgramData\\Microsoft\\Windows\\WER\\Temp\\WER.8da711ff-387e-423f-bbc5-bdbf594b83c9.tmp.xml\r\n\r\nThese files may be available here:\r\n\\\\?\\C:\\ProgramData\\Microsoft\\Windows\\WER\\ReportQueue\\Kernel_193_dee3bbc23469c935af49d6014328ab9d7246f3_00000000_69871388-fd9e-4ad2-9f8b-76464525d8d1\r\n\r\nAnalysis symbol: \r\nRechecking for solution: 0\r\nReport Id: 69871388-fd9e-4ad2-9f8b-76464525d8d1\r\nReport Status: 2051\r\nHashed bucket: \r\nCab Guid: 0\"",
                  "version": "0",
                  "computer": "MY-PC",
                  "keywords": "0x8000000000000000",
                  "threadID": "18460",
                  "processID": "17840",
                  "systemTime": "2026-10-02T18:10:29.9382058Z",
                  "providerGuid": "{0ead09bd-2157-539a-8d6d-c87f95b64d70}",
                  "providerName": "Windows Error Reporting",
                  "eventRecordID": "126770",
                  "severityValue": "INFORMATION"
                },
                "eventdata": {
                  "p1": "193",
                  "p2": "80e",
                  "p3": "ffffc083dcfaa080",
                  "p4": "ffff8600d472bc10",
                  "p5": "0",
                  "p6": "10_0_26200",
                  "p7": "0_0",
                  "p8": "768_1",
                  "cabId": "0",
                  "cabGuid": "0",
                  "reportId": "69871388-fd9e-4ad2-9f8b-76464525d8d1",
                  "response": "Not available",
                  "eventName": "LiveKernelEvent",
                  "storePath": "\\\\\\\\?\\\\C:\\\\ProgramData\\\\Microsoft\\\\Windows\\\\WER\\\\ReportQueue\\\\Kernel_193_dee3bbc23469c935af49d6014328ab9d7246f3_00000000_69871388-fd9e-4ad2-9f8b-76464525d8d1",
                  "bucketType": "0",
                  "rechecking": "0",
                  "reportStatus": "2051",
                  "attachedFiles": "  \\\\\\\\?\\\\C:\\\\WINDOWS\\\\LiveKernelReports\\\\WATCHDOG\\\\WATCHDOG-20260803-2059.dmp  \\\\\\\\?\\\\C:\\\\WINDOWS\\\\SystemTemp\\\\WER-6223875-0.sysdata.xml  \\\\\\\\?\\\\C:\\\\ProgramData\\\\Microsoft\\\\Windows\\\\WER\\\\Temp\\\\WER.8da711ff-387e-423f-bbc5-bdbf594b83c9.tmp.xml"
                }
              }
            },
            "rule": {
              "id": "60608",
              "mail": false,
              "level": 4,
              "groups": [
                "windows",
                "windows_application"
              ],
              "firedtimes": 143,
              "description": "Summary event of the report's signatures."
            },
            "agent": {
              "id": "001",
              "ip": "127.0.0.1",
              "name": "my-pc"
            },
            "decoder": {
              "name": "windows_eventchannel"
            },
            "manager": {
              "name": "wazuh.manager"
            },
            "location": "EventChannel",
            "timestamp": "2026-10-02T19:58:53.336+0000"
          },
          "case_id": null
        },
        "alert": {
          "alert_id": "alr_wz_1790971133_862985",
          "rule_id": "wazuh-60608",
          "rule_name": "Summary event of the report's signatures.",
          "rule_severity": "low",
          "timestamp": "2026-10-02T19:58:53.336000Z",
          "host": "my-pc",
          "user": null,
          "src_ip": null,
          "description": "Summary event of the report's signatures.",
          "event_ids": [
            "evt_wz_1790971133_862985"
          ],
          "suggested_techniques": [],
          "case_id": null
        }
      },
      {
        "wazuh_id": "1790971133.858403",
        "received_at": "2026-10-02T19:59:06.257176Z",
        "level": 4,
        "event": {
          "event_id": "evt_wz_1790971133_858403",
          "timestamp": "2026-10-02T19:58:53.320000Z",
          "ingested_at": null,
          "source": "wazuh",
          "category": "other",
          "event_type": "wazuh:60608",
          "host": "my-pc",
          "user": null,
          "outcome": "unknown",
          "process": null,
          "network": null,
          "file_path": null,
          "message": "Summary event of the report's signatures.",
          "raw": {
            "id": "1790971133.858403",
            "data": {
              "win": {
                "system": {
                  "task": "0",
                  "level": "4",
                  "opcode": "0",
                  "channel": "Application",
                  "eventID": "1001",
                  "message": "\"Fault bucket , type 0\r\nEvent Name: LiveKernelEvent\r\nResponse: Not available\r\nCab Id: 0\r\n\r\nProblem signature:\r\nP1: 193\r\nP2: 80e\r\nP3: ffffe38352743080\r\nP4: ffff928d0109bd70\r\nP5: 0\r\nP6: 10_0_26200\r\nP7: 0_0\r\nP8: 768_1\r\nP9: \r\nP10: \r\n\r\nAttached files:\r\n\\\\?\\C:\\WINDOWS\\LiveKernelReports\\WATCHDOG\\WATCHDOG-20260802-1607.dmp\r\n\\\\?\\C:\\WINDOWS\\SystemTemp\\WER-1098421-0.sysdata.xml\r\n\\\\?\\C:\\ProgramData\\Microsoft\\Windows\\WER\\Temp\\WER.a9942a3f-3f3e-4ca1-8086-78acab060773.tmp.xml\r\n\r\nThese files may be available here:\r\n\\\\?\\C:\\ProgramData\\Microsoft\\Windows\\WER\\ReportQueue\\Kernel_193_2e1542de95cee345cb4fad5724129513939dd3_00000000_3fefaf67-e6e3-46b2-8a9c-c20aaf758098\r\n\r\nAnalysis symbol: \r\nRechecking for solution: 0\r\nReport Id: 3fefaf67-e6e3-46b2-8a9c-c20aaf758098\r\nReport Status: 2051\r\nHashed bucket: \r\nCab Guid: 0\"",
                  "version": "0",
                  "computer": "MY-PC",
                  "keywords": "0x8000000000000000",
                  "threadID": "18460",
                  "processID": "17840",
                  "systemTime": "2026-10-02T18:10:29.8882192Z",
                  "providerGuid": "{0ead09bd-2157-539a-8d6d-c87f95b64d70}",
                  "providerName": "Windows Error Reporting",
                  "eventRecordID": "126769",
                  "severityValue": "INFORMATION"
                },
                "eventdata": {
                  "p1": "193",
                  "p2": "80e",
                  "p3": "ffffe38352743080",
                  "p4": "ffff928d0109bd70",
                  "p5": "0",
                  "p6": "10_0_26200",
                  "p7": "0_0",
                  "p8": "768_1",
                  "cabId": "0",
                  "cabGuid": "0",
                  "reportId": "3fefaf67-e6e3-46b2-8a9c-c20aaf758098",
                  "response": "Not available",
                  "eventName": "LiveKernelEvent",
                  "storePath": "\\\\\\\\?\\\\C:\\\\ProgramData\\\\Microsoft\\\\Windows\\\\WER\\\\ReportQueue\\\\Kernel_193_2e1542de95cee345cb4fad5724129513939dd3_00000000_3fefaf67-e6e3-46b2-8a9c-c20aaf758098",
                  "bucketType": "0",
                  "rechecking": "0",
                  "reportStatus": "2051",
                  "attachedFiles": "  \\\\\\\\?\\\\C:\\\\WINDOWS\\\\LiveKernelReports\\\\WATCHDOG\\\\WATCHDOG-20260802-1607.dmp  \\\\\\\\?\\\\C:\\\\WINDOWS\\\\SystemTemp\\\\WER-1098421-0.sysdata.xml  \\\\\\\\?\\\\C:\\\\ProgramData\\\\Microsoft\\\\Windows\\\\WER\\\\Temp\\\\WER.a9942a3f-3f3e-4ca1-8086-78acab060773.tmp.xml"
                }
              }
            },
            "rule": {
              "id": "60608",
              "mail": false,
              "level": 4,
              "groups": [
                "windows",
                "windows_application"
              ],
              "firedtimes": 142,
              "description": "Summary event of the report's signatures."
            },
            "agent": {
              "id": "001",
              "ip": "127.0.0.1",
              "name": "my-pc"
            },
            "decoder": {
              "name": "windows_eventchannel"
            },
            "manager": {
              "name": "wazuh.manager"
            },
            "location": "EventChannel",
            "timestamp": "2026-10-02T19:58:53.320+0000"
          },
          "case_id": null
        },
        "alert": {
          "alert_id": "alr_wz_1790971133_858403",
          "rule_id": "wazuh-60608",
          "rule_name": "Summary event of the report's signatures.",
          "rule_severity": "low",
          "timestamp": "2026-10-02T19:58:53.320000Z",
          "host": "my-pc",
          "user": null,
          "src_ip": null,
          "description": "Summary event of the report's signatures.",
          "event_ids": [
            "evt_wz_1790971133_858403"
          ],
          "suggested_techniques": [],
          "case_id": null
        }
      },
      {
        "wazuh_id": "1790971133.853829",
        "received_at": "2026-10-02T19:59:06.166591Z",
        "level": 4,
        "event": {
          "event_id": "evt_wz_1790971133_853829",
          "timestamp": "2026-10-02T19:58:53.304000Z",
          "ingested_at": null,
          "source": "wazuh",
          "category": "other",
          "event_type": "wazuh:60608",
          "host": "my-pc",
          "user": null,
          "outcome": "unknown",
          "process": null,
          "network": null,
          "file_path": null,
          "message": "Summary event of the report's signatures.",
          "raw": {
            "id": "1790971133.853829",
            "data": {
              "win": {
                "system": {
                  "task": "0",
                  "level": "4",
                  "opcode": "0",
                  "channel": "Application",
                  "eventID": "1001",
                  "message": "\"Fault bucket , type 0\r\nEvent Name: LiveKernelEvent\r\nResponse: Not available\r\nCab Id: 0\r\n\r\nProblem signature:\r\nP1: 193\r\nP2: 80e\r\nP3: ffffaa0705ce0080\r\nP4: ffffcb8d5798ad70\r\nP5: 0\r\nP6: 10_0_26200\r\nP7: 0_0\r\nP8: 768_1\r\nP9: \r\nP10: \r\n\r\nAttached files:\r\n\\\\?\\C:\\WINDOWS\\LiveKernelReports\\WATCHDOG\\WATCHDOG-20260729-2136.dmp\r\n\\\\?\\C:\\WINDOWS\\SystemTemp\\WER-70093-0.sysdata.xml\r\n\\\\?\\C:\\ProgramData\\Microsoft\\Windows\\WER\\Temp\\WER.b8ee0a53-01e6-4b50-b27d-13368c69e77b.tmp.xml\r\n\r\nThese files may be available here:\r\n\\\\?\\C:\\ProgramData\\Microsoft\\Windows\\WER\\ReportQueue\\Kernel_193_2dca4b25f7531d99949324a8f719a3151a5977_00000000_38779be6-aa63-4568-8f20-73959e52e04d\r\n\r\nAnalysis symbol: \r\nRechecking for solution: 0\r\nReport Id: 38779be6-aa63-4568-8f20-73959e52e04d\r\nReport Status: 2051\r\nHashed bucket: \r\nCab Guid: 0\"",
                  "version": "0",
                  "computer": "MY-PC",
                  "keywords": "0x8000000000000000",
                  "threadID": "18460",
                  "processID": "17840",
                  "systemTime": "2026-10-02T18:10:29.8383368Z",
                  "providerGuid": "{0ead09bd-2157-539a-8d6d-c87f95b64d70}",
                  "providerName": "Windows Error Reporting",
                  "eventRecordID": "126768",
                  "severityValue": "INFORMATION"
                },
                "eventdata": {
                  "p1": "193",
                  "p2": "80e",
                  "p3": "ffffaa0705ce0080",
                  "p4": "ffffcb8d5798ad70",
                  "p5": "0",
                  "p6": "10_0_26200",
                  "p7": "0_0",
                  "p8": "768_1",
                  "cabId": "0",
                  "cabGuid": "0",
                  "reportId": "38779be6-aa63-4568-8f20-73959e52e04d",
                  "response": "Not available",
                  "eventName": "LiveKernelEvent",
                  "storePath": "\\\\\\\\?\\\\C:\\\\ProgramData\\\\Microsoft\\\\Windows\\\\WER\\\\ReportQueue\\\\Kernel_193_2dca4b25f7531d99949324a8f719a3151a5977_00000000_38779be6-aa63-4568-8f20-73959e52e04d",
                  "bucketType": "0",
                  "rechecking": "0",
                  "reportStatus": "2051",
                  "attachedFiles": "  \\\\\\\\?\\\\C:\\\\WINDOWS\\\\LiveKernelReports\\\\WATCHDOG\\\\WATCHDOG-20260729-2136.dmp  \\\\\\\\?\\\\C:\\\\WINDOWS\\\\SystemTemp\\\\WER-70093-0.sysdata.xml  \\\\\\\\?\\\\C:\\\\ProgramData\\\\Microsoft\\\\Windows\\\\WER\\\\Temp\\\\WER.b8ee0a53-01e6-4b50-b27d-13368c69e77b.tmp.xml"
                }
              }
            },
            "rule": {
              "id": "60608",
              "mail": false,
              "level": 4,
              "groups": [
                "windows",
                "windows_application"
              ],
              "firedtimes": 141,
              "description": "Summary event of the report's signatures."
            },
            "agent": {
              "id": "001",
              "ip": "127.0.0.1",
              "name": "my-pc"
            },
            "decoder": {
              "name": "windows_eventchannel"
            },
            "manager": {
              "name": "wazuh.manager"
            },
            "location": "EventChannel",
            "timestamp": "2026-10-02T19:58:53.304+0000"
          },
          "case_id": null
        },
        "alert": {
          "alert_id": "alr_wz_1790971133_853829",
          "rule_id": "wazuh-60608",
          "rule_name": "Summary event of the report's signatures.",
          "rule_severity": "low",
          "timestamp": "2026-10-02T19:58:53.304000Z",
          "host": "my-pc",
          "user": null,
          "src_ip": null,
          "description": "Summary event of the report's signatures.",
          "event_ids": [
            "evt_wz_1790971133_853829"
          ],
          "suggested_techniques": [],
          "case_id": null
        }
      },
