      {
        "wazuh_id": "1790971133.805255",
        "received_at": "2026-10-02T19:59:05.293458Z",
        "level": 4,
        "event": {
          "event_id": "evt_wz_1790971133_805255",
          "timestamp": "2026-10-02T19:58:53.147000Z",
          "ingested_at": null,
          "source": "wazuh",
          "category": "other",
          "event_type": "wazuh:60608",
          "host": "my-pc",
          "user": null,
          "outcome": "unknown",
          "process": null,
          "network": null,
          "file_path": null,
          "message": "Summary event of the report's signatures.",
          "raw": {
            "id": "1790971133.805255",
            "data": {
              "win": {
                "system": {
                  "task": "0",
                  "level": "4",
                  "opcode": "0",
                  "channel": "Application",
                  "eventID": "1001",
                  "message": "\"Fault bucket , type 0\r\nEvent Name: LiveKernelEvent\r\nResponse: Not available\r\nCab Id: 0\r\n\r\nProblem signature:\r\nP1: 193\r\nP2: 80e\r\nP3: ffffa382be311080\r\nP4: ffff808e023df760\r\nP5: 0\r\nP6: 10_0_26200\r\nP7: 0_0\r\nP8: 768_1\r\nP9: \r\nP10: \r\n\r\nAttached files:\r\n\\\\?\\C:\\WINDOWS\\LiveKernelReports\\WATCHDOG\\WATCHDOG-20260708-0038.dmp\r\n\\\\?\\C:\\WINDOWS\\SystemTemp\\WER-1613750-0.sysdata.xml\r\n\\\\?\\C:\\ProgramData\\Microsoft\\Windows\\WER\\Temp\\WER.1a473693-fe8b-4e5c-895a-96d6dbc19527.tmp.WERInternalMetadata.xml\r\n\\\\?\\C:\\ProgramData\\Microsoft\\Windows\\WER\\Temp\\WER.ad38543b-f9e9-434e-8885-dd3ec18f2444.tmp.csv\r\n\\\\?\\C:\\ProgramData\\Microsoft\\Windows\\WER\\Temp\\WER.929caa5a-6396-4bc3-8432-4ef9101d8de8.tmp.txt\r\n\\\\?\\C:\\ProgramData\\Microsoft\\Windows\\WER\\Temp\\WER.5c2d4dae-37c7-4a96-a1c6-5d8881411c93.tmp.xml\r\n\r\nThese files may be available here:\r\n\\\\?\\C:\\ProgramData\\Microsoft\\Windows\\WER\\ReportQueue\\Kernel_193_b8772c060607f745fe2db320cc71d7c26d7cb_00000000_89d412ff-092d-42e4-b208-99be040b9582\r\n\r\nAnalysis symbol: \r\nRechecking for solution: 0\r\nReport Id: 89d412ff-092d-42e4-b208-99be040b9582\r\nReport Status: 2051\r\nHashed bucket: \r\nCab Guid: 0\"",
                  "version": "0",
                  "computer": "MY-PC",
                  "keywords": "0x8000000000000000",
                  "threadID": "18460",
                  "processID": "17840",
                  "systemTime": "2026-10-02T18:10:29.3251045Z",
                  "providerGuid": "{0ead09bd-2157-539a-8d6d-c87f95b64d70}",
                  "providerName": "Windows Error Reporting",
                  "eventRecordID": "126758",
                  "severityValue": "INFORMATION"
                },
                "eventdata": {
                  "p1": "193",
                  "p2": "80e",
                  "p3": "ffffa382be311080",
                  "p4": "ffff808e023df760",
                  "p5": "0",
                  "p6": "10_0_26200",
                  "p7": "0_0",
                  "p8": "768_1",
                  "cabId": "0",
                  "cabGuid": "0",
                  "reportId": "89d412ff-092d-42e4-b208-99be040b9582",
                  "response": "Not available",
                  "eventName": "LiveKernelEvent",
                  "storePath": "\\\\\\\\?\\\\C:\\\\ProgramData\\\\Microsoft\\\\Windows\\\\WER\\\\ReportQueue\\\\Kernel_193_b8772c060607f745fe2db320cc71d7c26d7cb_00000000_89d412ff-092d-42e4-b208-99be040b9582",
                  "bucketType": "0",
                  "rechecking": "0",
                  "reportStatus": "2051",
                  "attachedFiles": "  \\\\\\\\?\\\\C:\\\\WINDOWS\\\\LiveKernelReports\\\\WATCHDOG\\\\WATCHDOG-20260708-0038.dmp  \\\\\\\\?\\\\C:\\\\WINDOWS\\\\SystemTemp\\\\WER-1613750-0.sysdata.xml  \\\\\\\\?\\\\C:\\\\ProgramData\\\\Microsoft\\\\Windows\\\\WER\\\\Temp\\\\WER.1a473693-fe8b-4e5c-895a-96d6dbc19527.tmp.WERInternalMetadata.xml  \\\\\\\\?\\\\C:\\\\ProgramData\\\\Microsoft\\\\Windows\\\\WER\\\\Temp\\\\WER.ad38543b-f9e9-434e-8885-dd3ec18f2444.tmp.csv  \\\\\\\\?\\\\C:\\\\ProgramData\\\\Microsoft\\\\Windows\\\\WER\\\\Temp\\\\WER.929caa5a-6396-4bc3-8432-4ef9101d8de8.tmp.txt  \\\\\\\\?\\\\C:\\\\ProgramData\\\\Microsoft\\\\Windows\\\\WER\\\\Temp\\\\WER.5c2d4dae-37c7-4a96-a1c6-5d8881411c93.tmp.xml"
                }
              }
            },
            "rule": {
              "id": "60608",
              "mail": false,
              "level": 4,
              "groups": [
                "windows",
                "windows_application"
              ],
              "firedtimes": 131,
              "description": "Summary event of the report's signatures."
            },
            "agent": {
              "id": "001",
              "ip": "127.0.0.1",
              "name": "my-pc"
            },
            "decoder": {
              "name": "windows_eventchannel"
            },
            "manager": {
              "name": "wazuh.manager"
            },
            "location": "EventChannel",
            "timestamp": "2026-10-02T19:58:53.147+0000"
          },
          "case_id": null
        },
        "alert": {
          "alert_id": "alr_wz_1790971133_805255",
          "rule_id": "wazuh-60608",
          "rule_name": "Summary event of the report's signatures.",
          "rule_severity": "low",
          "timestamp": "2026-10-02T19:58:53.147000Z",
          "host": "my-pc",
          "user": null,
          "src_ip": null,
          "description": "Summary event of the report's signatures.",
          "event_ids": [
            "evt_wz_1790971133_805255"
          ],
          "suggested_techniques": [],
          "case_id": null
        }
      },
      {
        "wazuh_id": "1790971133.799288",
        "received_at": "2026-10-02T19:59:05.206067Z",
        "level": 4,
        "event": {
          "event_id": "evt_wz_1790971133_799288",
          "timestamp": "2026-10-02T19:58:53.132000Z",
          "ingested_at": null,
          "source": "wazuh",
          "category": "other",
          "event_type": "wazuh:60608",
          "host": "my-pc",
          "user": null,
          "outcome": "unknown",
          "process": null,
          "network": null,
          "file_path": null,
          "message": "Summary event of the report's signatures.",
          "raw": {
            "id": "1790971133.799288",
            "data": {
              "win": {
                "system": {
                  "task": "0",
                  "level": "4",
                  "opcode": "0",
                  "channel": "Application",
                  "eventID": "1001",
                  "message": "\"Fault bucket , type 0\r\nEvent Name: LiveKernelEvent\r\nResponse: Not available\r\nCab Id: 0\r\n\r\nProblem signature:\r\nP1: 193\r\nP2: 80e\r\nP3: ffffbe030eea2080\r\nP4: ffffe60dbb041d30\r\nP5: 0\r\nP6: 10_0_26200\r\nP7: 0_0\r\nP8: 768_1\r\nP9: \r\nP10: \r\n\r\nAttached files:\r\n\\\\?\\C:\\WINDOWS\\LiveKernelReports\\WATCHDOG\\WATCHDOG-20260706-0121.dmp\r\n\\\\?\\C:\\WINDOWS\\SystemTemp\\WER-82316000-0.sysdata.xml\r\n\\\\?\\C:\\ProgramData\\Microsoft\\Windows\\WER\\Temp\\WER.a2554b70-0d57-41bb-9928-f9b1d526c044.tmp.WERInternalMetadata.xml\r\n\\\\?\\C:\\ProgramData\\Microsoft\\Windows\\WER\\Temp\\WER.fb8353e1-6f04-4144-933a-0a2aa05c4677.tmp.csv\r\n\\\\?\\C:\\ProgramData\\Microsoft\\Windows\\WER\\Temp\\WER.e2fc7818-4f50-4d6a-8e7a-a3bcbd8d2587.tmp.txt\r\n\\\\?\\C:\\ProgramData\\Microsoft\\Windows\\WER\\Temp\\WER.5f6f6d41-a2f7-4271-8f9a-db0771185ec1.tmp.xml\r\n\r\nThese files may be available here:\r\n\\\\?\\C:\\ProgramData\\Microsoft\\Windows\\WER\\ReportQueue\\Kernel_193_75692d9b37544ce6b12cac8fa2b93475b9908084_00000000_b23b3ee7-12f0-4c7f-b4ea-e3af23f0d6bc\r\n\r\nAnalysis symbol: \r\nRechecking for solution: 0\r\nReport Id: b23b3ee7-12f0-4c7f-b4ea-e3af23f0d6bc\r\nReport Status: 2051\r\nHashed bucket: \r\nCab Guid: 0\"",
                  "version": "0",
                  "computer": "MY-PC",
                  "keywords": "0x8000000000000000",
                  "threadID": "18460",
                  "processID": "17840",
                  "systemTime": "2026-10-02T18:10:29.2732145Z",
                  "providerGuid": "{0ead09bd-2157-539a-8d6d-c87f95b64d70}",
                  "providerName": "Windows Error Reporting",
                  "eventRecordID": "126757",
                  "severityValue": "INFORMATION"
                },
                "eventdata": {
                  "p1": "193",
                  "p2": "80e",
                  "p3": "ffffbe030eea2080",
                  "p4": "ffffe60dbb041d30",
                  "p5": "0",
                  "p6": "10_0_26200",
                  "p7": "0_0",
                  "p8": "768_1",
                  "cabId": "0",
                  "cabGuid": "0",
                  "reportId": "b23b3ee7-12f0-4c7f-b4ea-e3af23f0d6bc",
                  "response": "Not available",
                  "eventName": "LiveKernelEvent",
                  "storePath": "\\\\\\\\?\\\\C:\\\\ProgramData\\\\Microsoft\\\\Windows\\\\WER\\\\ReportQueue\\\\Kernel_193_75692d9b37544ce6b12cac8fa2b93475b9908084_00000000_b23b3ee7-12f0-4c7f-b4ea-e3af23f0d6bc",
                  "bucketType": "0",
                  "rechecking": "0",
                  "reportStatus": "2051",
                  "attachedFiles": "  \\\\\\\\?\\\\C:\\\\WINDOWS\\\\LiveKernelReports\\\\WATCHDOG\\\\WATCHDOG-20260706-0121.dmp  \\\\\\\\?\\\\C:\\\\WINDOWS\\\\SystemTemp\\\\WER-82316000-0.sysdata.xml  \\\\\\\\?\\\\C:\\\\ProgramData\\\\Microsoft\\\\Windows\\\\WER\\\\Temp\\\\WER.a2554b70-0d57-41bb-9928-f9b1d526c044.tmp.WERInternalMetadata.xml  \\\\\\\\?\\\\C:\\\\ProgramData\\\\Microsoft\\\\Windows\\\\WER\\\\Temp\\\\WER.fb8353e1-6f04-4144-933a-0a2aa05c4677.tmp.csv  \\\\\\\\?\\\\C:\\\\ProgramData\\\\Microsoft\\\\Windows\\\\WER\\\\Temp\\\\WER.e2fc7818-4f50-4d6a-8e7a-a3bcbd8d2587.tmp.txt  \\\\\\\\?\\\\C:\\\\ProgramData\\\\Microsoft\\\\Windows\\\\WER\\\\Temp\\\\WER.5f6f6d41-a2f7-4271-8f9a-db0771185ec1.tmp.xml"
                }
              }
            },
            "rule": {
              "id": "60608",
              "mail": false,
              "level": 4,
              "groups": [
                "windows",
                "windows_application"
              ],
              "firedtimes": 130,
              "description": "Summary event of the report's signatures."
            },
            "agent": {
              "id": "001",
              "ip": "127.0.0.1",
              "name": "my-pc"
            },
            "decoder": {
              "name": "windows_eventchannel"
            },
            "manager": {
              "name": "wazuh.manager"
            },
            "location": "EventChannel",
            "timestamp": "2026-10-02T19:58:53.132+0000"
          },
          "case_id": null
        },
        "alert": {
          "alert_id": "alr_wz_1790971133_799288",
          "rule_id": "wazuh-60608",
          "rule_name": "Summary event of the report's signatures.",
          "rule_severity": "low",
          "timestamp": "2026-10-02T19:58:53.132000Z",
          "host": "my-pc",
          "user": null,
          "src_ip": null,
          "description": "Summary event of the report's signatures.",
          "event_ids": [
            "evt_wz_1790971133_799288"
          ],
          "suggested_techniques": [],
          "case_id": null
        }
      },
      {
        "wazuh_id": "1790971133.793325",
        "received_at": "2026-10-02T19:59:05.121415Z",
        "level": 4,
        "event": {
          "event_id": "evt_wz_1790971133_793325",
          "timestamp": "2026-10-02T19:58:53.117000Z",
          "ingested_at": null,
          "source": "wazuh",
          "category": "other",
          "event_type": "wazuh:60608",
          "host": "my-pc",
          "user": null,
          "outcome": "unknown",
          "process": null,
          "network": null,
          "file_path": null,
          "message": "Summary event of the report's signatures.",
          "raw": {
            "id": "1790971133.793325",
            "data": {
              "win": {
                "system": {
                  "task": "0",
                  "level": "4",
                  "opcode": "0",
                  "channel": "Application",
                  "eventID": "1001",
                  "message": "\"Fault bucket , type 0\r\nEvent Name: LiveKernelEvent\r\nResponse: Not available\r\nCab Id: 0\r\n\r\nProblem signature:\r\nP1: 141\r\nP2: ffff818fd6b87050\r\nP3: fffff8071eda7e60\r\nP4: 0\r\nP5: 0\r\nP6: 10_0_26200\r\nP7: 0_0\r\nP8: 768_1\r\nP9: \r\nP10: \r\n\r\nAttached files:\r\n\\\\?\\C:\\WINDOWS\\LiveKernelReports\\WATCHDOG\\WATCHDOG-20260703-1920.dmp\r\n\\\\?\\C:\\WINDOWS\\SystemTemp\\WER-498853906-0.sysdata.xml\r\n\\\\?\\C:\\ProgramData\\Microsoft\\Windows\\WER\\Temp\\WER.18e984c6-3785-43c2-afb1-f5b54de5397a.tmp.WERInternalMetadata.xml\r\n\\\\?\\C:\\ProgramData\\Microsoft\\Windows\\WER\\Temp\\WER.43e1be3e-8b42-4259-9c69-a60aeeaab268.tmp.csv\r\n\\\\?\\C:\\ProgramData\\Microsoft\\Windows\\WER\\Temp\\WER.d0a07041-3f3e-4bd6-ba58-a7ab77907897.tmp.txt\r\n\\\\?\\C:\\ProgramData\\Microsoft\\Windows\\WER\\Temp\\WER.03b9c982-6580-4b9e-93aa-7469bf1ac43e.tmp.xml\r\n\r\nThese files may be available here:\r\n\\\\?\\C:\\ProgramData\\Microsoft\\Windows\\WER\\ReportQueue\\Kernel_141_a11247f01b878964434e7ce513766f2113487e77_00000000_dce1ff81-c6c2-4825-b692-2359d20df2e9\r\n\r\nAnalysis symbol: \r\nRechecking for solution: 0\r\nReport Id: dce1ff81-c6c2-4825-b692-2359d20df2e9\r\nReport Status: 2051\r\nHashed bucket: \r\nCab Guid: 0\"",
                  "version": "0",
                  "computer": "MY-PC",
                  "keywords": "0x8000000000000000",
                  "threadID": "18460",
                  "processID": "17840",
                  "systemTime": "2026-10-02T18:10:29.2260438Z",
                  "providerGuid": "{0ead09bd-2157-539a-8d6d-c87f95b64d70}",
                  "providerName": "Windows Error Reporting",
                  "eventRecordID": "126756",
                  "severityValue": "INFORMATION"
                },
                "eventdata": {
                  "p1": "141",
                  "p2": "ffff818fd6b87050",
                  "p3": "fffff8071eda7e60",
                  "p4": "0",
                  "p5": "0",
                  "p6": "10_0_26200",
                  "p7": "0_0",
                  "p8": "768_1",
                  "cabId": "0",
                  "cabGuid": "0",
                  "reportId": "dce1ff81-c6c2-4825-b692-2359d20df2e9",
                  "response": "Not available",
                  "eventName": "LiveKernelEvent",
                  "storePath": "\\\\\\\\?\\\\C:\\\\ProgramData\\\\Microsoft\\\\Windows\\\\WER\\\\ReportQueue\\\\Kernel_141_a11247f01b878964434e7ce513766f2113487e77_00000000_dce1ff81-c6c2-4825-b692-2359d20df2e9",
                  "bucketType": "0",
                  "rechecking": "0",
                  "reportStatus": "2051",
                  "attachedFiles": "  \\\\\\\\?\\\\C:\\\\WINDOWS\\\\LiveKernelReports\\\\WATCHDOG\\\\WATCHDOG-20260703-1920.dmp  \\\\\\\\?\\\\C:\\\\WINDOWS\\\\SystemTemp\\\\WER-498853906-0.sysdata.xml  \\\\\\\\?\\\\C:\\\\ProgramData\\\\Microsoft\\\\Windows\\\\WER\\\\Temp\\\\WER.18e984c6-3785-43c2-afb1-f5b54de5397a.tmp.WERInternalMetadata.xml  \\\\\\\\?\\\\C:\\\\ProgramData\\\\Microsoft\\\\Windows\\\\WER\\\\Temp\\\\WER.43e1be3e-8b42-4259-9c69-a60aeeaab268.tmp.csv  \\\\\\\\?\\\\C:\\\\ProgramData\\\\Microsoft\\\\Windows\\\\WER\\\\Temp\\\\WER.d0a07041-3f3e-4bd6-ba58-a7ab77907897.tmp.txt  \\\\\\\\?\\\\C:\\\\ProgramData\\\\Microsoft\\\\Windows\\\\WER\\\\Temp\\\\WER.03b9c982-6580-4b9e-93aa-7469bf1ac43e.tmp.xml"
                }
              }
            },
            "rule": {
              "id": "60608",
              "mail": false,
              "level": 4,
              "groups": [
                "windows",
                "windows_application"
              ],
              "firedtimes": 129,
              "description": "Summary event of the report's signatures."
            },
            "agent": {
              "id": "001",
              "ip": "127.0.0.1",
              "name": "my-pc"
            },
            "decoder": {
              "name": "windows_eventchannel"
            },
            "manager": {
              "name": "wazuh.manager"
            },
            "location": "EventChannel",
            "timestamp": "2026-10-02T19:58:53.117+0000"
          },
          "case_id": null
        },
        "alert": {
          "alert_id": "alr_wz_1790971133_793325",
          "rule_id": "wazuh-60608",
          "rule_name": "Summary event of the report's signatures.",
          "rule_severity": "low",
          "timestamp": "2026-10-02T19:58:53.117000Z",
          "host": "my-pc",
          "user": null,
          "src_ip": null,
          "description": "Summary event of the report's signatures.",
          "event_ids": [
            "evt_wz_1790971133_793325"
          ],
          "suggested_techniques": [],
          "case_id": null
        }
      },
      {
        "wazuh_id": "1790971133.787374",
        "received_at": "2026-10-02T19:59:05.036744Z",
        "level": 4,
        "event": {
          "event_id": "evt_wz_1790971133_787374",
          "timestamp": "2026-10-02T19:58:53.101000Z",
          "ingested_at": null,
          "source": "wazuh",
          "category": "other",
          "event_type": "wazuh:60608",
          "host": "my-pc",
          "user": null,
          "outcome": "unknown",
          "process": null,
          "network": null,
          "file_path": null,
          "message": "Summary event of the report's signatures.",
          "raw": {
            "id": "1790971133.787374",
            "data": {
              "win": {
                "system": {
                  "task": "0",
                  "level": "4",
                  "opcode": "0",
                  "channel": "Application",
                  "eventID": "1001",
                  "message": "\"Fault bucket , type 0\r\nEvent Name: LiveKernelEvent\r\nResponse: Not available\r\nCab Id: 0\r\n\r\nProblem signature:\r\nP1: 193\r\nP2: 80e\r\nP3: ffff818fc12680c0\r\nP4: ffffb08809743640\r\nP5: 0\r\nP6: 10_0_26200\r\nP7: 0_0\r\nP8: 768_1\r\nP9: \r\nP10: \r\n\r\nAttached files:\r\n\\\\?\\C:\\WINDOWS\\LiveKernelReports\\WATCHDOG\\WATCHDOG-20260628-0218.dmp\r\n\\\\?\\C:\\WINDOWS\\SystemTemp\\WER-5554421-0.sysdata.xml\r\n\\\\?\\C:\\ProgramData\\Microsoft\\Windows\\WER\\Temp\\WER.b0050c6e-b319-40b6-b8d9-8dcb0fd46523.tmp.WERInternalMetadata.xml\r\n\\\\?\\C:\\ProgramData\\Microsoft\\Windows\\WER\\Temp\\WER.f816b99e-c7c5-4bca-b696-88c9a5c96135.tmp.csv\r\n\\\\?\\C:\\ProgramData\\Microsoft\\Windows\\WER\\Temp\\WER.56d94f9c-f086-48ca-9f37-deb1599175b5.tmp.txt\r\n\\\\?\\C:\\ProgramData\\Microsoft\\Windows\\WER\\Temp\\WER.b468b85f-e33d-4c9b-b40b-14d4e8a8f919.tmp.xml\r\n\r\nThese files may be available here:\r\n\\\\?\\C:\\ProgramData\\Microsoft\\Windows\\WER\\ReportQueue\\Kernel_193_827a9fda546afad5074e5e7e2e8e4622fec2e_00000000_1dae88cd-5deb-4577-ae8c-2c45810c6a46\r\n\r\nAnalysis symbol: \r\nRechecking for solution: 0\r\nReport Id: 1dae88cd-5deb-4577-ae8c-2c45810c6a46\r\nReport Status: 2051\r\nHashed bucket: \r\nCab Guid: 0\"",
                  "version": "0",
                  "computer": "MY-PC",
                  "keywords": "0x8000000000000000",
                  "threadID": "18460",
                  "processID": "17840",
                  "systemTime": "2026-10-02T18:10:29.1697985Z",
                  "providerGuid": "{0ead09bd-2157-539a-8d6d-c87f95b64d70}",
                  "providerName": "Windows Error Reporting",
                  "eventRecordID": "126755",
                  "severityValue": "INFORMATION"
                },
                "eventdata": {
                  "p1": "193",
                  "p2": "80e",
                  "p3": "ffff818fc12680c0",
                  "p4": "ffffb08809743640",
                  "p5": "0",
                  "p6": "10_0_26200",
                  "p7": "0_0",
                  "p8": "768_1",
                  "cabId": "0",
                  "cabGuid": "0",
                  "reportId": "1dae88cd-5deb-4577-ae8c-2c45810c6a46",
                  "response": "Not available",
                  "eventName": "LiveKernelEvent",
                  "storePath": "\\\\\\\\?\\\\C:\\\\ProgramData\\\\Microsoft\\\\Windows\\\\WER\\\\ReportQueue\\\\Kernel_193_827a9fda546afad5074e5e7e2e8e4622fec2e_00000000_1dae88cd-5deb-4577-ae8c-2c45810c6a46",
                  "bucketType": "0",
                  "rechecking": "0",
                  "reportStatus": "2051",
                  "attachedFiles": "  \\\\\\\\?\\\\C:\\\\WINDOWS\\\\LiveKernelReports\\\\WATCHDOG\\\\WATCHDOG-20260628-0218.dmp  \\\\\\\\?\\\\C:\\\\WINDOWS\\\\SystemTemp\\\\WER-5554421-0.sysdata.xml  \\\\\\\\?\\\\C:\\\\ProgramData\\\\Microsoft\\\\Windows\\\\WER\\\\Temp\\\\WER.b0050c6e-b319-40b6-b8d9-8dcb0fd46523.tmp.WERInternalMetadata.xml  \\\\\\\\?\\\\C:\\\\ProgramData\\\\Microsoft\\\\Windows\\\\WER\\\\Temp\\\\WER.f816b99e-c7c5-4bca-b696-88c9a5c96135.tmp.csv  \\\\\\\\?\\\\C:\\\\ProgramData\\\\Microsoft\\\\Windows\\\\WER\\\\Temp\\\\WER.56d94f9c-f086-48ca-9f37-deb1599175b5.tmp.txt  \\\\\\\\?\\\\C:\\\\ProgramData\\\\Microsoft\\\\Windows\\\\WER\\\\Temp\\\\WER.b468b85f-e33d-4c9b-b40b-14d4e8a8f919.tmp.xml"
                }
              }
            },
            "rule": {
              "id": "60608",
              "mail": false,
              "level": 4,
              "groups": [
                "windows",
                "windows_application"
              ],
              "firedtimes": 128,
              "description": "Summary event of the report's signatures."
            },
            "agent": {
              "id": "001",
              "ip": "127.0.0.1",
              "name": "my-pc"
            },
            "decoder": {
              "name": "windows_eventchannel"
            },
            "manager": {
              "name": "wazuh.manager"
            },
            "location": "EventChannel",
            "timestamp": "2026-10-02T19:58:53.101+0000"
          },
          "case_id": null
        },
        "alert": {
          "alert_id": "alr_wz_1790971133_787374",
          "rule_id": "wazuh-60608",
          "rule_name": "Summary event of the report's signatures.",
          "rule_severity": "low",
          "timestamp": "2026-10-02T19:58:53.101000Z",
          "host": "my-pc",
          "user": null,
          "src_ip": null,
          "description": "Summary event of the report's signatures.",
          "event_ids": [
            "evt_wz_1790971133_787374"
          ],
          "suggested_techniques": [],
          "case_id": null
        }
      },
      {
        "wazuh_id": "1790971133.781411",
        "received_at": "2026-10-02T19:59:04.938552Z",
        "level": 4,
        "event": {
          "event_id": "evt_wz_1790971133_781411",
          "timestamp": "2026-10-02T19:58:53.086000Z",
          "ingested_at": null,
          "source": "wazuh",
          "category": "other",
          "event_type": "wazuh:60608",
          "host": "my-pc",
          "user": null,
          "outcome": "unknown",
          "process": null,
          "network": null,
          "file_path": null,
          "message": "Summary event of the report's signatures.",
          "raw": {
            "id": "1790971133.781411",
            "data": {
              "win": {
                "system": {
                  "task": "0",
                  "level": "4",
                  "opcode": "0",
                  "channel": "Application",
                  "eventID": "1001",
                  "message": "\"Fault bucket , type 0\r\nEvent Name: LiveKernelEvent\r\nResponse: Not available\r\nCab Id: 0\r\n\r\nProblem signature:\r\nP1: 193\r\nP2: 80e\r\nP3: ffffe38d8bd55080\r\nP4: ffffbe0688181d40\r\nP5: 0\r\nP6: 10_0_26200\r\nP7: 0_0\r\nP8: 768_1\r\nP9: \r\nP10: \r\n\r\nAttached files:\r\n\\\\?\\C:\\WINDOWS\\LiveKernelReports\\WATCHDOG\\WATCHDOG-20260627-1906.dmp\r\n\\\\?\\C:\\WINDOWS\\SystemTemp\\WER-50526859-0.sysdata.xml\r\n\\\\?\\C:\\ProgramData\\Microsoft\\Windows\\WER\\Temp\\WER.33b27657-5b24-4b15-a195-b2d87e3d3667.tmp.WERInternalMetadata.xml\r\n\\\\?\\C:\\ProgramData\\Microsoft\\Windows\\WER\\Temp\\WER.80e03e6d-593c-487f-b2c2-2627a6ea9622.tmp.csv\r\n\\\\?\\C:\\ProgramData\\Microsoft\\Windows\\WER\\Temp\\WER.e3abc2ae-a488-458f-b19c-81f328682ff3.tmp.txt\r\n\\\\?\\C:\\ProgramData\\Microsoft\\Windows\\WER\\Temp\\WER.2ebfeb44-125d-4231-a8ce-a74def174e95.tmp.xml\r\n\r\nThese files may be available here:\r\n\\\\?\\C:\\ProgramData\\Microsoft\\Windows\\WER\\ReportQueue\\Kernel_193_d88bff8bdf1f75beb97f13f68957797e3fee656_00000000_c27d3523-7673-4277-89b0-8a8863a0ca4a\r\n\r\nAnalysis symbol: \r\nRechecking for solution: 0\r\nReport Id: c27d3523-7673-4277-89b0-8a8863a0ca4a\r\nReport Status: 2051\r\nHashed bucket: \r\nCab Guid: 0\"",
                  "version": "0",
                  "computer": "MY-PC",
                  "keywords": "0x8000000000000000",
                  "threadID": "18460",
                  "processID": "17840",
                  "systemTime": "2026-10-02T18:10:29.1078329Z",
                  "providerGuid": "{0ead09bd-2157-539a-8d6d-c87f95b64d70}",
                  "providerName": "Windows Error Reporting",
                  "eventRecordID": "126754",
                  "severityValue": "INFORMATION"
                },
                "eventdata": {
                  "p1": "193",
                  "p2": "80e",
                  "p3": "ffffe38d8bd55080",
                  "p4": "ffffbe0688181d40",
                  "p5": "0",
                  "p6": "10_0_26200",
                  "p7": "0_0",
                  "p8": "768_1",
                  "cabId": "0",
                  "cabGuid": "0",
                  "reportId": "c27d3523-7673-4277-89b0-8a8863a0ca4a",
                  "response": "Not available",
                  "eventName": "LiveKernelEvent",
                  "storePath": "\\\\\\\\?\\\\C:\\\\ProgramData\\\\Microsoft\\\\Windows\\\\WER\\\\ReportQueue\\\\Kernel_193_d88bff8bdf1f75beb97f13f68957797e3fee656_00000000_c27d3523-7673-4277-89b0-8a8863a0ca4a",
                  "bucketType": "0",
                  "rechecking": "0",
                  "reportStatus": "2051",
                  "attachedFiles": "  \\\\\\\\?\\\\C:\\\\WINDOWS\\\\LiveKernelReports\\\\WATCHDOG\\\\WATCHDOG-20260627-1906.dmp  \\\\\\\\?\\\\C:\\\\WINDOWS\\\\SystemTemp\\\\WER-50526859-0.sysdata.xml  \\\\\\\\?\\\\C:\\\\ProgramData\\\\Microsoft\\\\Windows\\\\WER\\\\Temp\\\\WER.33b27657-5b24-4b15-a195-b2d87e3d3667.tmp.WERInternalMetadata.xml  \\\\\\\\?\\\\C:\\\\ProgramData\\\\Microsoft\\\\Windows\\\\WER\\\\Temp\\\\WER.80e03e6d-593c-487f-b2c2-2627a6ea9622.tmp.csv  \\\\\\\\?\\\\C:\\\\ProgramData\\\\Microsoft\\\\Windows\\\\WER\\\\Temp\\\\WER.e3abc2ae-a488-458f-b19c-81f328682ff3.tmp.txt  \\\\\\\\?\\\\C:\\\\ProgramData\\\\Microsoft\\\\Windows\\\\WER\\\\Temp\\\\WER.2ebfeb44-125d-4231-a8ce-a74def174e95.tmp.xml"
                }
              }
            },
            "rule": {
              "id": "60608",
              "mail": false,
              "level": 4,
              "groups": [
                "windows",
                "windows_application"
              ],
              "firedtimes": 127,
              "description": "Summary event of the report's signatures."
            },
            "agent": {
              "id": "001",
              "ip": "127.0.0.1",
              "name": "my-pc"
            },
            "decoder": {
              "name": "windows_eventchannel"
            },
            "manager": {
              "name": "wazuh.manager"
            },
            "location": "EventChannel",
            "timestamp": "2026-10-02T19:58:53.086+0000"
          },
          "case_id": null
        },
        "alert": {
          "alert_id": "alr_wz_1790971133_781411",
          "rule_id": "wazuh-60608",
          "rule_name": "Summary event of the report's signatures.",
          "rule_severity": "low",
          "timestamp": "2026-10-02T19:58:53.086000Z",
          "host": "my-pc",
          "user": null,
          "src_ip": null,
          "description": "Summary event of the report's signatures.",
          "event_ids": [
            "evt_wz_1790971133_781411"
          ],
          "suggested_techniques": [],
          "case_id": null
        }
      },
      {
        "wazuh_id": "1790971133.775448",
        "received_at": "2026-10-02T19:59:04.852994Z",
        "level": 4,
        "event": {
          "event_id": "evt_wz_1790971133_775448",
          "timestamp": "2026-10-02T19:58:53.054000Z",
          "ingested_at": null,
          "source": "wazuh",
          "category": "other",
          "event_type": "wazuh:60608",
          "host": "my-pc",
          "user": null,
          "outcome": "unknown",
          "process": null,
          "network": null,
          "file_path": null,
          "message": "Summary event of the report's signatures.",
          "raw": {
            "id": "1790971133.775448",
            "data": {
              "win": {
                "system": {
                  "task": "0",
                  "level": "4",
                  "opcode": "0",
                  "channel": "Application",
                  "eventID": "1001",
                  "message": "\"Fault bucket , type 0\r\nEvent Name: LiveKernelEvent\r\nResponse: Not available\r\nCab Id: 0\r\n\r\nProblem signature:\r\nP1: 193\r\nP2: 80e\r\nP3: ffffd504f90e8080\r\nP4: ffffc00c5de5ad70\r\nP5: 0\r\nP6: 10_0_26200\r\nP7: 0_0\r\nP8: 768_1\r\nP9: \r\nP10: \r\n\r\nAttached files:\r\n\\\\?\\C:\\WINDOWS\\LiveKernelReports\\WATCHDOG\\WATCHDOG-20260624-2019.dmp\r\n\\\\?\\C:\\WINDOWS\\SystemTemp\\WER-5449609-0.sysdata.xml\r\n\\\\?\\C:\\ProgramData\\Microsoft\\Windows\\WER\\Temp\\WER.3f803749-b038-484b-a908-7e243c997a49.tmp.WERInternalMetadata.xml\r\n\\\\?\\C:\\ProgramData\\Microsoft\\Windows\\WER\\Temp\\WER.5c5c45a5-7a97-420c-85ec-7e0cc5bce5a6.tmp.csv\r\n\\\\?\\C:\\ProgramData\\Microsoft\\Windows\\WER\\Temp\\WER.ce33cc4b-c76b-4b14-8b66-8c5cd0f7d8ee.tmp.txt\r\n\\\\?\\C:\\ProgramData\\Microsoft\\Windows\\WER\\Temp\\WER.8f2f6c13-c545-46a9-ac0e-691c1a8bea59.tmp.xml\r\n\r\nThese files may be available here:\r\n\\\\?\\C:\\ProgramData\\Microsoft\\Windows\\WER\\ReportQueue\\Kernel_193_7095f9d4f4b4868494c0b8591614c2beee9a4de5_00000000_36ac9686-a35a-47c2-860a-9906f6ada077\r\n\r\nAnalysis symbol: \r\nRechecking for solution: 0\r\nReport Id: 36ac9686-a35a-47c2-860a-9906f6ada077\r\nReport Status: 2051\r\nHashed bucket: \r\nCab Guid: 0\"",
                  "version": "0",
                  "computer": "MY-PC",
                  "keywords": "0x8000000000000000",
                  "threadID": "18460",
                  "processID": "17840",
                  "systemTime": "2026-10-02T18:10:29.0573043Z",
                  "providerGuid": "{0ead09bd-2157-539a-8d6d-c87f95b64d70}",
                  "providerName": "Windows Error Reporting",
                  "eventRecordID": "126753",
                  "severityValue": "INFORMATION"
                },
                "eventdata": {
                  "p1": "193",
                  "p2": "80e",
                  "p3": "ffffd504f90e8080",
                  "p4": "ffffc00c5de5ad70",
                  "p5": "0",
                  "p6": "10_0_26200",
                  "p7": "0_0",
                  "p8": "768_1",
                  "cabId": "0",
                  "cabGuid": "0",
                  "reportId": "36ac9686-a35a-47c2-860a-9906f6ada077",
                  "response": "Not available",
                  "eventName": "LiveKernelEvent",
                  "storePath": "\\\\\\\\?\\\\C:\\\\ProgramData\\\\Microsoft\\\\Windows\\\\WER\\\\ReportQueue\\\\Kernel_193_7095f9d4f4b4868494c0b8591614c2beee9a4de5_00000000_36ac9686-a35a-47c2-860a-9906f6ada077",
                  "bucketType": "0",
                  "rechecking": "0",
                  "reportStatus": "2051",
                  "attachedFiles": "  \\\\\\\\?\\\\C:\\\\WINDOWS\\\\LiveKernelReports\\\\WATCHDOG\\\\WATCHDOG-20260624-2019.dmp  \\\\\\\\?\\\\C:\\\\WINDOWS\\\\SystemTemp\\\\WER-5449609-0.sysdata.xml  \\\\\\\\?\\\\C:\\\\ProgramData\\\\Microsoft\\\\Windows\\\\WER\\\\Temp\\\\WER.3f803749-b038-484b-a908-7e243c997a49.tmp.WERInternalMetadata.xml  \\\\\\\\?\\\\C:\\\\ProgramData\\\\Microsoft\\\\Windows\\\\WER\\\\Temp\\\\WER.5c5c45a5-7a97-420c-85ec-7e0cc5bce5a6.tmp.csv  \\\\\\\\?\\\\C:\\\\ProgramData\\\\Microsoft\\\\Windows\\\\WER\\\\Temp\\\\WER.ce33cc4b-c76b-4b14-8b66-8c5cd0f7d8ee.tmp.txt  \\\\\\\\?\\\\C:\\\\ProgramData\\\\Microsoft\\\\Windows\\\\WER\\\\Temp\\\\WER.8f2f6c13-c545-46a9-ac0e-691c1a8bea59.tmp.xml"
                }
              }
            },
            "rule": {
              "id": "60608",
              "mail": false,
              "level": 4,
              "groups": [
                "windows",
                "windows_application"
              ],
              "firedtimes": 126,
              "description": "Summary event of the report's signatures."
            },
            "agent": {
              "id": "001",
              "ip": "127.0.0.1",
              "name": "my-pc"
            },
            "decoder": {
              "name": "windows_eventchannel"
            },
            "manager": {
              "name": "wazuh.manager"
            },
            "location": "EventChannel",
            "timestamp": "2026-10-02T19:58:53.054+0000"
          },
          "case_id": null
        },
        "alert": {
          "alert_id": "alr_wz_1790971133_775448",
          "rule_id": "wazuh-60608",
          "rule_name": "Summary event of the report's signatures.",
          "rule_severity": "low",
          "timestamp": "2026-10-02T19:58:53.054000Z",
          "host": "my-pc",
          "user": null,
          "src_ip": null,
          "description": "Summary event of the report's signatures.",
          "event_ids": [
            "evt_wz_1790971133_775448"
          ],
          "suggested_techniques": [],
          "case_id": null
        }
      },
      {
        "wazuh_id": "1790971133.769485",
        "received_at": "2026-10-02T19:59:04.766770Z",
        "level": 4,
        "event": {
          "event_id": "evt_wz_1790971133_769485",
          "timestamp": "2026-10-02T19:58:53.037000Z",
          "ingested_at": null,
          "source": "wazuh",
          "category": "other",
          "event_type": "wazuh:60608",
          "host": "my-pc",
          "user": null,
          "outcome": "unknown",
          "process": null,
          "network": null,
          "file_path": null,
          "message": "Summary event of the report's signatures.",
          "raw": {
            "id": "1790971133.769485",
            "data": {
              "win": {
                "system": {
                  "task": "0",
                  "level": "4",
                  "opcode": "0",
                  "channel": "Application",
                  "eventID": "1001",
                  "message": "\"Fault bucket , type 0\r\nEvent Name: LiveKernelEvent\r\nResponse: Not available\r\nCab Id: 0\r\n\r\nProblem signature:\r\nP1: 193\r\nP2: 80e\r\nP3: ffffcb0c93abd0c0\r\nP4: ffff920513922930\r\nP5: 0\r\nP6: 10_0_26200\r\nP7: 0_0\r\nP8: 768_1\r\nP9: \r\nP10: \r\n\r\nAttached files:\r\n\\\\?\\C:\\WINDOWS\\LiveKernelReports\\WATCHDOG\\WATCHDOG-20260623-2349.dmp\r\n\\\\?\\C:\\WINDOWS\\SystemTemp\\WER-17537500-0.sysdata.xml\r\n\\\\?\\C:\\ProgramData\\Microsoft\\Windows\\WER\\Temp\\WER.a5aa1fde-e6b9-4da7-9330-84031d60572d.tmp.WERInternalMetadata.xml\r\n\\\\?\\C:\\ProgramData\\Microsoft\\Windows\\WER\\Temp\\WER.f2b2d225-19f6-47ed-9330-8fbe82582062.tmp.csv\r\n\\\\?\\C:\\ProgramData\\Microsoft\\Windows\\WER\\Temp\\WER.874455ef-cb74-4e3d-a8ec-a2f76d00b2f7.tmp.txt\r\n\\\\?\\C:\\ProgramData\\Microsoft\\Windows\\WER\\Temp\\WER.d731df2f-8e88-43e1-b72a-0a55d123f72d.tmp.xml\r\n\r\nThese files may be available here:\r\n\\\\?\\C:\\ProgramData\\Microsoft\\Windows\\WER\\ReportQueue\\Kernel_193_391b22c082f4ef6e7bf086b49e626a655445751_00000000_41cd9fe1-af2c-4f1f-95a5-f5dccd2e2a4c\r\n\r\nAnalysis symbol: \r\nRechecking for solution: 0\r\nReport Id: 41cd9fe1-af2c-4f1f-95a5-f5dccd2e2a4c\r\nReport Status: 2051\r\nHashed bucket: \r\nCab Guid: 0\"",
                  "version": "0",
                  "computer": "MY-PC",
                  "keywords": "0x8000000000000000",
                  "threadID": "18460",
                  "processID": "17840",
                  "systemTime": "2026-10-02T18:10:29.0105362Z",
                  "providerGuid": "{0ead09bd-2157-539a-8d6d-c87f95b64d70}",
                  "providerName": "Windows Error Reporting",
                  "eventRecordID": "126752",
                  "severityValue": "INFORMATION"
                },
                "eventdata": {
                  "p1": "193",
                  "p2": "80e",
                  "p3": "ffffcb0c93abd0c0",
                  "p4": "ffff920513922930",
                  "p5": "0",
                  "p6": "10_0_26200",
                  "p7": "0_0",
                  "p8": "768_1",
                  "cabId": "0",
                  "cabGuid": "0",
                  "reportId": "41cd9fe1-af2c-4f1f-95a5-f5dccd2e2a4c",
                  "response": "Not available",
                  "eventName": "LiveKernelEvent",
                  "storePath": "\\\\\\\\?\\\\C:\\\\ProgramData\\\\Microsoft\\\\Windows\\\\WER\\\\ReportQueue\\\\Kernel_193_391b22c082f4ef6e7bf086b49e626a655445751_00000000_41cd9fe1-af2c-4f1f-95a5-f5dccd2e2a4c",
                  "bucketType": "0",
                  "rechecking": "0",
                  "reportStatus": "2051",
                  "attachedFiles": "  \\\\\\\\?\\\\C:\\\\WINDOWS\\\\LiveKernelReports\\\\WATCHDOG\\\\WATCHDOG-20260623-2349.dmp  \\\\\\\\?\\\\C:\\\\WINDOWS\\\\SystemTemp\\\\WER-17537500-0.sysdata.xml  \\\\\\\\?\\\\C:\\\\ProgramData\\\\Microsoft\\\\Windows\\\\WER\\\\Temp\\\\WER.a5aa1fde-e6b9-4da7-9330-84031d60572d.tmp.WERInternalMetadata.xml  \\\\\\\\?\\\\C:\\\\ProgramData\\\\Microsoft\\\\Windows\\\\WER\\\\Temp\\\\WER.f2b2d225-19f6-47ed-9330-8fbe82582062.tmp.csv  \\\\\\\\?\\\\C:\\\\ProgramData\\\\Microsoft\\\\Windows\\\\WER\\\\Temp\\\\WER.874455ef-cb74-4e3d-a8ec-a2f76d00b2f7.tmp.txt  \\\\\\\\?\\\\C:\\\\ProgramData\\\\Microsoft\\\\Windows\\\\WER\\\\Temp\\\\WER.d731df2f-8e88-43e1-b72a-0a55d123f72d.tmp.xml"
                }
              }
            },
            "rule": {
              "id": "60608",
              "mail": false,
              "level": 4,
              "groups": [
                "windows",
                "windows_application"
              ],
              "firedtimes": 125,
              "description": "Summary event of the report's signatures."
            },
            "agent": {
              "id": "001",
              "ip": "127.0.0.1",
              "name": "my-pc"
            },
            "decoder": {
              "name": "windows_eventchannel"
            },
            "manager": {
              "name": "wazuh.manager"
            },
            "location": "EventChannel",
            "timestamp": "2026-10-02T19:58:53.037+0000"
          },
          "case_id": null
        },
        "alert": {
          "alert_id": "alr_wz_1790971133_769485",
          "rule_id": "wazuh-60608",
          "rule_name": "Summary event of the report's signatures.",
          "rule_severity": "low",
          "timestamp": "2026-10-02T19:58:53.037000Z",
          "host": "my-pc",
          "user": null,
          "src_ip": null,
          "description": "Summary event of the report's signatures.",
          "event_ids": [
            "evt_wz_1790971133_769485"
          ],
          "suggested_techniques": [],
          "case_id": null
        }
      },
      {
        "wazuh_id": "1790971133.763538",
        "received_at": "2026-10-02T19:59:04.671663Z",
        "level": 4,
        "event": {
          "event_id": "evt_wz_1790971133_763538",
          "timestamp": "2026-10-02T19:58:53.022000Z",
          "ingested_at": null,
          "source": "wazuh",
          "category": "other",
          "event_type": "wazuh:60608",
          "host": "my-pc",
          "user": null,
          "outcome": "unknown",
          "process": null,
          "network": null,
          "file_path": null,
          "message": "Summary event of the report's signatures.",
          "raw": {
            "id": "1790971133.763538",
            "data": {
              "win": {
                "system": {
                  "task": "0",
                  "level": "4",
                  "opcode": "0",
                  "channel": "Application",
                  "eventID": "1001",
                  "message": "\"Fault bucket , type 0\r\nEvent Name: LiveKernelEvent\r\nResponse: Not available\r\nCab Id: 0\r\n\r\nProblem signature:\r\nP1: 193\r\nP2: 80e\r\nP3: ffff840216398080\r\nP4: ffffba8989672c20\r\nP5: 0\r\nP6: 10_0_26200\r\nP7: 0_0\r\nP8: 768_1\r\nP9: \r\nP10: \r\n\r\nAttached files:\r\n\\\\?\\C:\\WINDOWS\\LiveKernelReports\\WATCHDOG\\WATCHDOG-20260622-2326.dmp\r\n\\\\?\\C:\\WINDOWS\\SystemTemp\\WER-99234-0.sysdata.xml\r\n\\\\?\\C:\\ProgramData\\Microsoft\\Windows\\WER\\Temp\\WER.347b7407-2d78-4b9e-a0e1-8f6d509b39fd.tmp.WERInternalMetadata.xml\r\n\\\\?\\C:\\ProgramData\\Microsoft\\Windows\\WER\\Temp\\WER.81a1d1fb-5ba3-47a7-9497-6a2b3a03c1df.tmp.csv\r\n\\\\?\\C:\\ProgramData\\Microsoft\\Windows\\WER\\Temp\\WER.4fa07c1d-d3f0-4e9a-a213-a1e0e6663709.tmp.txt\r\n\\\\?\\C:\\ProgramData\\Microsoft\\Windows\\WER\\Temp\\WER.7de66ffb-2d01-4a60-9178-a81422976fa3.tmp.xml\r\n\r\nThese files may be available here:\r\n\\\\?\\C:\\ProgramData\\Microsoft\\Windows\\WER\\ReportQueue\\Kernel_193_852c3e64fc32fa5bad2936a13faa72527ca3f8_00000000_8966906c-0399-49b5-a44a-5f00f1590f8a\r\n\r\nAnalysis symbol: \r\nRechecking for solution: 0\r\nReport Id: 8966906c-0399-49b5-a44a-5f00f1590f8a\r\nReport Status: 2051\r\nHashed bucket: \r\nCab Guid: 0\"",
                  "version": "0",
                  "computer": "MY-PC",
                  "keywords": "0x8000000000000000",
                  "threadID": "18460",
                  "processID": "17840",
                  "systemTime": "2026-10-02T18:10:28.9619995Z",
                  "providerGuid": "{0ead09bd-2157-539a-8d6d-c87f95b64d70}",
                  "providerName": "Windows Error Reporting",
                  "eventRecordID": "126751",
                  "severityValue": "INFORMATION"
                },
                "eventdata": {
                  "p1": "193",
                  "p2": "80e",
                  "p3": "ffff840216398080",
                  "p4": "ffffba8989672c20",
                  "p5": "0",
                  "p6": "10_0_26200",
                  "p7": "0_0",
                  "p8": "768_1",
                  "cabId": "0",
                  "cabGuid": "0",
                  "reportId": "8966906c-0399-49b5-a44a-5f00f1590f8a",
                  "response": "Not available",
                  "eventName": "LiveKernelEvent",
                  "storePath": "\\\\\\\\?\\\\C:\\\\ProgramData\\\\Microsoft\\\\Windows\\\\WER\\\\ReportQueue\\\\Kernel_193_852c3e64fc32fa5bad2936a13faa72527ca3f8_00000000_8966906c-0399-49b5-a44a-5f00f1590f8a",
                  "bucketType": "0",
                  "rechecking": "0",
                  "reportStatus": "2051",
                  "attachedFiles": "  \\\\\\\\?\\\\C:\\\\WINDOWS\\\\LiveKernelReports\\\\WATCHDOG\\\\WATCHDOG-20260622-2326.dmp  \\\\\\\\?\\\\C:\\\\WINDOWS\\\\SystemTemp\\\\WER-99234-0.sysdata.xml  \\\\\\\\?\\\\C:\\\\ProgramData\\\\Microsoft\\\\Windows\\\\WER\\\\Temp\\\\WER.347b7407-2d78-4b9e-a0e1-8f6d509b39fd.tmp.WERInternalMetadata.xml  \\\\\\\\?\\\\C:\\\\ProgramData\\\\Microsoft\\\\Windows\\\\WER\\\\Temp\\\\WER.81a1d1fb-5ba3-47a7-9497-6a2b3a03c1df.tmp.csv  \\\\\\\\?\\\\C:\\\\ProgramData\\\\Microsoft\\\\Windows\\\\WER\\\\Temp\\\\WER.4fa07c1d-d3f0-4e9a-a213-a1e0e6663709.tmp.txt  \\\\\\\\?\\\\C:\\\\ProgramData\\\\Microsoft\\\\Windows\\\\WER\\\\Temp\\\\WER.7de66ffb-2d01-4a60-9178-a81422976fa3.tmp.xml"
                }
              }
            },
            "rule": {
              "id": "60608",
              "mail": false,
              "level": 4,
              "groups": [
                "windows",
                "windows_application"
              ],
              "firedtimes": 124,
              "description": "Summary event of the report's signatures."
            },
            "agent": {
              "id": "001",
              "ip": "127.0.0.1",
              "name": "my-pc"
            },
            "decoder": {
              "name": "windows_eventchannel"
            },
            "manager": {
              "name": "wazuh.manager"
            },
            "location": "EventChannel",
            "timestamp": "2026-10-02T19:58:53.022+0000"
          },
          "case_id": null
        },
        "alert": {
          "alert_id": "alr_wz_1790971133_763538",
          "rule_id": "wazuh-60608",
          "rule_name": "Summary event of the report's signatures.",
          "rule_severity": "low",
          "timestamp": "2026-10-02T19:58:53.022000Z",
          "host": "my-pc",
          "user": null,
          "src_ip": null,
          "description": "Summary event of the report's signatures.",
          "event_ids": [
            "evt_wz_1790971133_763538"
          ],
          "suggested_techniques": [],
          "case_id": null
        }
      },
