      {
        "wazuh_id": "1790971133.757724",
        "received_at": "2026-10-02T19:59:04.582105Z",
        "level": 4,
        "event": {
          "event_id": "evt_wz_1790971133_757724",
          "timestamp": "2026-10-02T19:58:53.006000Z",
          "ingested_at": null,
          "source": "wazuh",
          "category": "other",
          "event_type": "wazuh:60608",
          "host": "my-pc",
          "user": null,
          "outcome": "unknown",
          "process": null,
          "network": null,
          "file_path": null,
          "message": "Summary event of the report's signatures.",
          "raw": {
            "id": "1790971133.757724",
            "data": {
              "win": {
                "system": {
                  "task": "0",
                  "level": "4",
                  "opcode": "0",
                  "channel": "Application",
                  "eventID": "1001",
                  "message": "\"Fault bucket , type 0\r\nEvent Name: BlueScreen\r\nResponse: Not available\r\nCab Id: 0\r\n\r\nProblem signature:\r\nP1: 50\r\nP2: ffffb18897c911c4\r\nP3: 0\r\nP4: fffff8056eb03633\r\nP5: 2\r\nP6: 10_0_26200\r\nP7: 0_0\r\nP8: 768_1\r\nP9: \r\nP10: \r\n\r\nAttached files:\r\n\\\\?\\C:\\WINDOWS\\Minidumps\\062226-19765-01.dmp\r\n\\\\?\\C:\\WINDOWS\\SystemTemp\\WER-19765-0.sysdata.xml\r\n\\\\?\\C:\\ProgramData\\Microsoft\\Windows\\WER\\Temp\\WER.9af12fff-2679-4084-88f8-ce13b52a2aae.tmp.WERInternalMetadata.xml\r\n\\\\?\\C:\\ProgramData\\Microsoft\\Windows\\WER\\Temp\\WER.b6583315-ea0b-4cfc-ad25-cb9eb742147e.tmp.csv\r\n\\\\?\\C:\\ProgramData\\Microsoft\\Windows\\WER\\Temp\\WER.9d69ae7a-d8fb-43c0-8fec-2abf0b05ff94.tmp.txt\r\n\\\\?\\C:\\ProgramData\\Microsoft\\Windows\\WER\\Temp\\WER.2887bf25-304f-4d19-8962-ca82c069c51b.tmp.xml\r\n\r\nThese files may be available here:\r\n\\\\?\\C:\\ProgramData\\Microsoft\\Windows\\WER\\ReportQueue\\Kernel_50_58962e14a77d66265335f4cfaf457fa3e763db3_00000000_c5f7187e-f76a-4a42-89ab-eaac574cdf43\r\n\r\nAnalysis symbol: \r\nRechecking for solution: 0\r\nReport Id: 8fbbd5ee-b3ca-4b57-80b5-3fb1b37e8290\r\nReport Status: 2051\r\nHashed bucket: \r\nCab Guid: 0\"",
                  "version": "0",
                  "computer": "MY-PC",
                  "keywords": "0x8000000000000000",
                  "threadID": "18460",
                  "processID": "17840",
                  "systemTime": "2026-10-02T18:10:28.9088057Z",
                  "providerGuid": "{0ead09bd-2157-539a-8d6d-c87f95b64d70}",
                  "providerName": "Windows Error Reporting",
                  "eventRecordID": "126750",
                  "severityValue": "INFORMATION"
                },
                "eventdata": {
                  "p1": "50",
                  "p2": "ffffb18897c911c4",
                  "p3": "0",
                  "p4": "fffff8056eb03633",
                  "p5": "2",
                  "p6": "10_0_26200",
                  "p7": "0_0",
                  "p8": "768_1",
                  "cabId": "0",
                  "cabGuid": "0",
                  "reportId": "8fbbd5ee-b3ca-4b57-80b5-3fb1b37e8290",
                  "response": "Not available",
                  "eventName": "BlueScreen",
                  "storePath": "\\\\\\\\?\\\\C:\\\\ProgramData\\\\Microsoft\\\\Windows\\\\WER\\\\ReportQueue\\\\Kernel_50_58962e14a77d66265335f4cfaf457fa3e763db3_00000000_c5f7187e-f76a-4a42-89ab-eaac574cdf43",
                  "bucketType": "0",
                  "rechecking": "0",
                  "reportStatus": "2051",
                  "attachedFiles": "  \\\\\\\\?\\\\C:\\\\WINDOWS\\\\Minidumps\\\\062226-19765-01.dmp  \\\\\\\\?\\\\C:\\\\WINDOWS\\\\SystemTemp\\\\WER-19765-0.sysdata.xml  \\\\\\\\?\\\\C:\\\\ProgramData\\\\Microsoft\\\\Windows\\\\WER\\\\Temp\\\\WER.9af12fff-2679-4084-88f8-ce13b52a2aae.tmp.WERInternalMetadata.xml  \\\\\\\\?\\\\C:\\\\ProgramData\\\\Microsoft\\\\Windows\\\\WER\\\\Temp\\\\WER.b6583315-ea0b-4cfc-ad25-cb9eb742147e.tmp.csv  \\\\\\\\?\\\\C:\\\\ProgramData\\\\Microsoft\\\\Windows\\\\WER\\\\Temp\\\\WER.9d69ae7a-d8fb-43c0-8fec-2abf0b05ff94.tmp.txt  \\\\\\\\?\\\\C:\\\\ProgramData\\\\Microsoft\\\\Windows\\\\WER\\\\Temp\\\\WER.2887bf25-304f-4d19-8962-ca82c069c51b.tmp.xml"
                }
              }
            },
            "rule": {
              "id": "60608",
              "mail": false,
              "level": 4,
              "groups": [
                "windows",
                "windows_application"
              ],
              "firedtimes": 123,
              "description": "Summary event of the report's signatures."
            },
            "agent": {
              "id": "001",
              "ip": "127.0.0.1",
              "name": "my-pc"
            },
            "decoder": {
              "name": "windows_eventchannel"
            },
            "manager": {
              "name": "wazuh.manager"
            },
            "location": "EventChannel",
            "timestamp": "2026-10-02T19:58:53.006+0000"
          },
          "case_id": null
        },
        "alert": {
          "alert_id": "alr_wz_1790971133_757724",
          "rule_id": "wazuh-60608",
          "rule_name": "Summary event of the report's signatures.",
          "rule_severity": "low",
          "timestamp": "2026-10-02T19:58:53.006000Z",
          "host": "my-pc",
          "user": null,
          "src_ip": null,
          "description": "Summary event of the report's signatures.",
          "event_ids": [
            "evt_wz_1790971133_757724"
          ],
          "suggested_techniques": [],
          "case_id": null
        }
      },
      {
        "wazuh_id": "1790971132.751773",
        "received_at": "2026-10-02T19:59:04.495028Z",
        "level": 4,
        "event": {
          "event_id": "evt_wz_1790971132_751773",
          "timestamp": "2026-10-02T19:58:52.990000Z",
          "ingested_at": null,
          "source": "wazuh",
          "category": "other",
          "event_type": "wazuh:60608",
          "host": "my-pc",
          "user": null,
          "outcome": "unknown",
          "process": null,
          "network": null,
          "file_path": null,
          "message": "Summary event of the report's signatures.",
          "raw": {
            "id": "1790971132.751773",
            "data": {
              "win": {
                "system": {
                  "task": "0",
                  "level": "4",
                  "opcode": "0",
                  "channel": "Application",
                  "eventID": "1001",
                  "message": "\"Fault bucket , type 0\r\nEvent Name: LiveKernelEvent\r\nResponse: Not available\r\nCab Id: 0\r\n\r\nProblem signature:\r\nP1: 193\r\nP2: 80e\r\nP3: ffffb188a5ebb080\r\nP4: ffffd70abd39bc70\r\nP5: 0\r\nP6: 10_0_26200\r\nP7: 0_0\r\nP8: 768_1\r\nP9: \r\nP10: \r\n\r\nAttached files:\r\n\\\\?\\C:\\WINDOWS\\LiveKernelReports\\WATCHDOG\\WATCHDOG-20260622-2137.dmp\r\n\\\\?\\C:\\WINDOWS\\SystemTemp\\WER-414625-0.sysdata.xml\r\n\\\\?\\C:\\ProgramData\\Microsoft\\Windows\\WER\\Temp\\WER.80b1fed8-1315-4cf1-8abc-8f4413d9e946.tmp.WERInternalMetadata.xml\r\n\\\\?\\C:\\ProgramData\\Microsoft\\Windows\\WER\\Temp\\WER.c06375d4-c18a-4445-922b-7e568be9b558.tmp.csv\r\n\\\\?\\C:\\ProgramData\\Microsoft\\Windows\\WER\\Temp\\WER.c2d2c2fe-250a-4106-a122-6dee339b7a2d.tmp.txt\r\n\\\\?\\C:\\ProgramData\\Microsoft\\Windows\\WER\\Temp\\WER.e7c051ab-67b3-4ce0-9970-b163021a9bf0.tmp.xml\r\n\r\nThese files may be available here:\r\n\\\\?\\C:\\ProgramData\\Microsoft\\Windows\\WER\\ReportQueue\\Kernel_193_31db4bedc62284dd87efab28c4266fbee55447_00000000_327b5159-3104-41a0-bb2c-ab9c6311d6db\r\n\r\nAnalysis symbol: \r\nRechecking for solution: 0\r\nReport Id: 327b5159-3104-41a0-bb2c-ab9c6311d6db\r\nReport Status: 2051\r\nHashed bucket: \r\nCab Guid: 0\"",
                  "version": "0",
                  "computer": "MY-PC",
                  "keywords": "0x8000000000000000",
                  "threadID": "18460",
                  "processID": "17840",
                  "systemTime": "2026-10-02T18:10:28.8567589Z",
                  "providerGuid": "{0ead09bd-2157-539a-8d6d-c87f95b64d70}",
                  "providerName": "Windows Error Reporting",
                  "eventRecordID": "126749",
                  "severityValue": "INFORMATION"
                },
                "eventdata": {
                  "p1": "193",
                  "p2": "80e",
                  "p3": "ffffb188a5ebb080",
                  "p4": "ffffd70abd39bc70",
                  "p5": "0",
                  "p6": "10_0_26200",
                  "p7": "0_0",
                  "p8": "768_1",
                  "cabId": "0",
                  "cabGuid": "0",
                  "reportId": "327b5159-3104-41a0-bb2c-ab9c6311d6db",
                  "response": "Not available",
                  "eventName": "LiveKernelEvent",
                  "storePath": "\\\\\\\\?\\\\C:\\\\ProgramData\\\\Microsoft\\\\Windows\\\\WER\\\\ReportQueue\\\\Kernel_193_31db4bedc62284dd87efab28c4266fbee55447_00000000_327b5159-3104-41a0-bb2c-ab9c6311d6db",
                  "bucketType": "0",
                  "rechecking": "0",
                  "reportStatus": "2051",
                  "attachedFiles": "  \\\\\\\\?\\\\C:\\\\WINDOWS\\\\LiveKernelReports\\\\WATCHDOG\\\\WATCHDOG-20260622-2137.dmp  \\\\\\\\?\\\\C:\\\\WINDOWS\\\\SystemTemp\\\\WER-414625-0.sysdata.xml  \\\\\\\\?\\\\C:\\\\ProgramData\\\\Microsoft\\\\Windows\\\\WER\\\\Temp\\\\WER.80b1fed8-1315-4cf1-8abc-8f4413d9e946.tmp.WERInternalMetadata.xml  \\\\\\\\?\\\\C:\\\\ProgramData\\\\Microsoft\\\\Windows\\\\WER\\\\Temp\\\\WER.c06375d4-c18a-4445-922b-7e568be9b558.tmp.csv  \\\\\\\\?\\\\C:\\\\ProgramData\\\\Microsoft\\\\Windows\\\\WER\\\\Temp\\\\WER.c2d2c2fe-250a-4106-a122-6dee339b7a2d.tmp.txt  \\\\\\\\?\\\\C:\\\\ProgramData\\\\Microsoft\\\\Windows\\\\WER\\\\Temp\\\\WER.e7c051ab-67b3-4ce0-9970-b163021a9bf0.tmp.xml"
                }
              }
            },
            "rule": {
              "id": "60608",
              "mail": false,
              "level": 4,
              "groups": [
                "windows",
                "windows_application"
              ],
              "firedtimes": 122,
              "description": "Summary event of the report's signatures."
            },
            "agent": {
              "id": "001",
              "ip": "127.0.0.1",
              "name": "my-pc"
            },
            "decoder": {
              "name": "windows_eventchannel"
            },
            "manager": {
              "name": "wazuh.manager"
            },
            "location": "EventChannel",
            "timestamp": "2026-10-02T19:58:52.990+0000"
          },
          "case_id": null
        },
        "alert": {
          "alert_id": "alr_wz_1790971132_751773",
          "rule_id": "wazuh-60608",
          "rule_name": "Summary event of the report's signatures.",
          "rule_severity": "low",
          "timestamp": "2026-10-02T19:58:52.990000Z",
          "host": "my-pc",
          "user": null,
          "src_ip": null,
          "description": "Summary event of the report's signatures.",
          "event_ids": [
            "evt_wz_1790971132_751773"
          ],
          "suggested_techniques": [],
          "case_id": null
        }
      },
      {
        "wazuh_id": "1790971132.745955",
        "received_at": "2026-10-02T19:59:04.393793Z",
        "level": 4,
        "event": {
          "event_id": "evt_wz_1790971132_745955",
          "timestamp": "2026-10-02T19:58:52.975000Z",
          "ingested_at": null,
          "source": "wazuh",
          "category": "other",
          "event_type": "wazuh:60608",
          "host": "my-pc",
          "user": null,
          "outcome": "unknown",
          "process": null,
          "network": null,
          "file_path": null,
          "message": "Summary event of the report's signatures.",
          "raw": {
            "id": "1790971132.745955",
            "data": {
              "win": {
                "system": {
                  "task": "0",
                  "level": "4",
                  "opcode": "0",
                  "channel": "Application",
                  "eventID": "1001",
                  "message": "\"Fault bucket , type 0\r\nEvent Name: BlueScreen\r\nResponse: Not available\r\nCab Id: 0\r\n\r\nProblem signature:\r\nP1: 50\r\nP2: ffff820277c911c4\r\nP3: 0\r\nP4: fffff80022af3633\r\nP5: 2\r\nP6: 10_0_26200\r\nP7: 0_0\r\nP8: 768_1\r\nP9: \r\nP10: \r\n\r\nAttached files:\r\n\\\\?\\C:\\WINDOWS\\Minidumps\\062226-19468-01.dmp\r\n\\\\?\\C:\\WINDOWS\\SystemTemp\\WER-19468-0.sysdata.xml\r\n\\\\?\\C:\\ProgramData\\Microsoft\\Windows\\WER\\Temp\\WER.9bf1adc9-8b96-437d-bfff-89c48578fe02.tmp.WERInternalMetadata.xml\r\n\\\\?\\C:\\ProgramData\\Microsoft\\Windows\\WER\\Temp\\WER.723ace1f-aebf-43f0-9c6a-f173bf1a6267.tmp.csv\r\n\\\\?\\C:\\ProgramData\\Microsoft\\Windows\\WER\\Temp\\WER.226cc2a6-744b-47f1-a88b-21ae5cda1d04.tmp.txt\r\n\\\\?\\C:\\ProgramData\\Microsoft\\Windows\\WER\\Temp\\WER.46213e43-1f0b-411d-bf6d-26de8cc182f8.tmp.xml\r\n\r\nThese files may be available here:\r\n\\\\?\\C:\\ProgramData\\Microsoft\\Windows\\WER\\ReportQueue\\Kernel_50_39581fa27e559215458bf0c5e62db9d922d43873_00000000_a0e8eea5-b45a-479a-ab28-2d61c1e2bf78\r\n\r\nAnalysis symbol: \r\nRechecking for solution: 0\r\nReport Id: 3724815c-4c44-4d89-931e-9a44b55cf7ab\r\nReport Status: 2051\r\nHashed bucket: \r\nCab Guid: 0\"",
                  "version": "0",
                  "computer": "MY-PC",
                  "keywords": "0x8000000000000000",
                  "threadID": "18460",
                  "processID": "17840",
                  "systemTime": "2026-10-02T18:10:28.8067165Z",
                  "providerGuid": "{0ead09bd-2157-539a-8d6d-c87f95b64d70}",
                  "providerName": "Windows Error Reporting",
                  "eventRecordID": "126748",
                  "severityValue": "INFORMATION"
                },
                "eventdata": {
                  "p1": "50",
                  "p2": "ffff820277c911c4",
                  "p3": "0",
                  "p4": "fffff80022af3633",
                  "p5": "2",
                  "p6": "10_0_26200",
                  "p7": "0_0",
                  "p8": "768_1",
                  "cabId": "0",
                  "cabGuid": "0",
                  "reportId": "3724815c-4c44-4d89-931e-9a44b55cf7ab",
                  "response": "Not available",
                  "eventName": "BlueScreen",
                  "storePath": "\\\\\\\\?\\\\C:\\\\ProgramData\\\\Microsoft\\\\Windows\\\\WER\\\\ReportQueue\\\\Kernel_50_39581fa27e559215458bf0c5e62db9d922d43873_00000000_a0e8eea5-b45a-479a-ab28-2d61c1e2bf78",
                  "bucketType": "0",
                  "rechecking": "0",
                  "reportStatus": "2051",
                  "attachedFiles": "  \\\\\\\\?\\\\C:\\\\WINDOWS\\\\Minidumps\\\\062226-19468-01.dmp  \\\\\\\\?\\\\C:\\\\WINDOWS\\\\SystemTemp\\\\WER-19468-0.sysdata.xml  \\\\\\\\?\\\\C:\\\\ProgramData\\\\Microsoft\\\\Windows\\\\WER\\\\Temp\\\\WER.9bf1adc9-8b96-437d-bfff-89c48578fe02.tmp.WERInternalMetadata.xml  \\\\\\\\?\\\\C:\\\\ProgramData\\\\Microsoft\\\\Windows\\\\WER\\\\Temp\\\\WER.723ace1f-aebf-43f0-9c6a-f173bf1a6267.tmp.csv  \\\\\\\\?\\\\C:\\\\ProgramData\\\\Microsoft\\\\Windows\\\\WER\\\\Temp\\\\WER.226cc2a6-744b-47f1-a88b-21ae5cda1d04.tmp.txt  \\\\\\\\?\\\\C:\\\\ProgramData\\\\Microsoft\\\\Windows\\\\WER\\\\Temp\\\\WER.46213e43-1f0b-411d-bf6d-26de8cc182f8.tmp.xml"
                }
              }
            },
            "rule": {
              "id": "60608",
              "mail": false,
              "level": 4,
              "groups": [
                "windows",
                "windows_application"
              ],
              "firedtimes": 121,
              "description": "Summary event of the report's signatures."
            },
            "agent": {
              "id": "001",
              "ip": "127.0.0.1",
              "name": "my-pc"
            },
            "decoder": {
              "name": "windows_eventchannel"
            },
            "manager": {
              "name": "wazuh.manager"
            },
            "location": "EventChannel",
            "timestamp": "2026-10-02T19:58:52.975+0000"
          },
          "case_id": null
        },
        "alert": {
          "alert_id": "alr_wz_1790971132_745955",
          "rule_id": "wazuh-60608",
          "rule_name": "Summary event of the report's signatures.",
          "rule_severity": "low",
          "timestamp": "2026-10-02T19:58:52.975000Z",
          "host": "my-pc",
          "user": null,
          "src_ip": null,
          "description": "Summary event of the report's signatures.",
          "event_ids": [
            "evt_wz_1790971132_745955"
          ],
          "suggested_techniques": [],
          "case_id": null
        }
      },
      {
        "wazuh_id": "1790971132.740149",
        "received_at": "2026-10-02T19:59:04.292769Z",
        "level": 4,
        "event": {
          "event_id": "evt_wz_1790971132_740149",
          "timestamp": "2026-10-02T19:58:52.959000Z",
          "ingested_at": null,
          "source": "wazuh",
          "category": "other",
          "event_type": "wazuh:60608",
          "host": "my-pc",
          "user": null,
          "outcome": "unknown",
          "process": null,
          "network": null,
          "file_path": null,
          "message": "Summary event of the report's signatures.",
          "raw": {
            "id": "1790971132.740149",
            "data": {
              "win": {
                "system": {
                  "task": "0",
                  "level": "4",
                  "opcode": "0",
                  "channel": "Application",
                  "eventID": "1001",
                  "message": "\"Fault bucket , type 0\r\nEvent Name: BlueScreen\r\nResponse: Not available\r\nCab Id: 0\r\n\r\nProblem signature:\r\nP1: a\r\nP2: ffffa80e4a5d1860\r\nP3: ff\r\nP4: 0\r\nP5: fffff801a127452f\r\nP6: 10_0_26200\r\nP7: 0_0\r\nP8: 768_1\r\nP9: \r\nP10: \r\n\r\nAttached files:\r\n\\\\?\\C:\\WINDOWS\\Minidumps\\062226-19921-01.dmp\r\n\\\\?\\C:\\WINDOWS\\SystemTemp\\WER-19921-0.sysdata.xml\r\n\\\\?\\C:\\ProgramData\\Microsoft\\Windows\\WER\\Temp\\WER.0f779bdf-d331-46c1-8fa0-8a7fcd5013f6.tmp.WERInternalMetadata.xml\r\n\\\\?\\C:\\ProgramData\\Microsoft\\Windows\\WER\\Temp\\WER.d14db7ac-ae9a-487a-bc8c-a254c3615225.tmp.csv\r\n\\\\?\\C:\\ProgramData\\Microsoft\\Windows\\WER\\Temp\\WER.7c01d665-12e7-46d2-aefb-98b18b82078b.tmp.txt\r\n\\\\?\\C:\\ProgramData\\Microsoft\\Windows\\WER\\Temp\\WER.68cb605c-879a-4d34-8a18-e2b6a8d704dd.tmp.xml\r\n\r\nThese files may be available here:\r\n\\\\?\\C:\\ProgramData\\Microsoft\\Windows\\WER\\ReportQueue\\Kernel_a_1094afc1459871a3a76442e943ab45c1379c3e_00000000_7e308e9c-e3ff-47cc-bc64-fb3363c096ec\r\n\r\nAnalysis symbol: \r\nRechecking for solution: 0\r\nReport Id: 740d7239-5d4a-4d93-8f81-56db3075cc91\r\nReport Status: 2051\r\nHashed bucket: \r\nCab Guid: 0\"",
                  "version": "0",
                  "computer": "MY-PC",
                  "keywords": "0x8000000000000000",
                  "threadID": "18460",
                  "processID": "17840",
                  "systemTime": "2026-10-02T18:10:28.7582748Z",
                  "providerGuid": "{0ead09bd-2157-539a-8d6d-c87f95b64d70}",
                  "providerName": "Windows Error Reporting",
                  "eventRecordID": "126747",
                  "severityValue": "INFORMATION"
                },
                "eventdata": {
                  "p1": "a",
                  "p2": "ffffa80e4a5d1860",
                  "p3": "ff",
                  "p4": "0",
                  "p5": "fffff801a127452f",
                  "p6": "10_0_26200",
                  "p7": "0_0",
                  "p8": "768_1",
                  "cabId": "0",
                  "cabGuid": "0",
                  "reportId": "740d7239-5d4a-4d93-8f81-56db3075cc91",
                  "response": "Not available",
                  "eventName": "BlueScreen",
                  "storePath": "\\\\\\\\?\\\\C:\\\\ProgramData\\\\Microsoft\\\\Windows\\\\WER\\\\ReportQueue\\\\Kernel_a_1094afc1459871a3a76442e943ab45c1379c3e_00000000_7e308e9c-e3ff-47cc-bc64-fb3363c096ec",
                  "bucketType": "0",
                  "rechecking": "0",
                  "reportStatus": "2051",
                  "attachedFiles": "  \\\\\\\\?\\\\C:\\\\WINDOWS\\\\Minidumps\\\\062226-19921-01.dmp  \\\\\\\\?\\\\C:\\\\WINDOWS\\\\SystemTemp\\\\WER-19921-0.sysdata.xml  \\\\\\\\?\\\\C:\\\\ProgramData\\\\Microsoft\\\\Windows\\\\WER\\\\Temp\\\\WER.0f779bdf-d331-46c1-8fa0-8a7fcd5013f6.tmp.WERInternalMetadata.xml  \\\\\\\\?\\\\C:\\\\ProgramData\\\\Microsoft\\\\Windows\\\\WER\\\\Temp\\\\WER.d14db7ac-ae9a-487a-bc8c-a254c3615225.tmp.csv  \\\\\\\\?\\\\C:\\\\ProgramData\\\\Microsoft\\\\Windows\\\\WER\\\\Temp\\\\WER.7c01d665-12e7-46d2-aefb-98b18b82078b.tmp.txt  \\\\\\\\?\\\\C:\\\\ProgramData\\\\Microsoft\\\\Windows\\\\WER\\\\Temp\\\\WER.68cb605c-879a-4d34-8a18-e2b6a8d704dd.tmp.xml"
                }
              }
            },
            "rule": {
              "id": "60608",
              "mail": false,
              "level": 4,
              "groups": [
                "windows",
                "windows_application"
              ],
              "firedtimes": 120,
              "description": "Summary event of the report's signatures."
            },
            "agent": {
              "id": "001",
              "ip": "127.0.0.1",
              "name": "my-pc"
            },
            "decoder": {
              "name": "windows_eventchannel"
            },
            "manager": {
              "name": "wazuh.manager"
            },
            "location": "EventChannel",
            "timestamp": "2026-10-02T19:58:52.959+0000"
          },
          "case_id": null
        },
        "alert": {
          "alert_id": "alr_wz_1790971132_740149",
          "rule_id": "wazuh-60608",
          "rule_name": "Summary event of the report's signatures.",
          "rule_severity": "low",
          "timestamp": "2026-10-02T19:58:52.959000Z",
          "host": "my-pc",
          "user": null,
          "src_ip": null,
          "description": "Summary event of the report's signatures.",
          "event_ids": [
            "evt_wz_1790971132_740149"
          ],
          "suggested_techniques": [],
          "case_id": null
        }
      },
      {
        "wazuh_id": "1790971132.734186",
        "received_at": "2026-10-02T19:59:04.193079Z",
        "level": 4,
        "event": {
          "event_id": "evt_wz_1790971132_734186",
          "timestamp": "2026-10-02T19:58:52.942000Z",
          "ingested_at": null,
          "source": "wazuh",
          "category": "other",
          "event_type": "wazuh:60608",
          "host": "my-pc",
          "user": null,
          "outcome": "unknown",
          "process": null,
          "network": null,
          "file_path": null,
          "message": "Summary event of the report's signatures.",
          "raw": {
            "id": "1790971132.734186",
            "data": {
              "win": {
                "system": {
                  "task": "0",
                  "level": "4",
                  "opcode": "0",
                  "channel": "Application",
                  "eventID": "1001",
                  "message": "\"Fault bucket , type 0\r\nEvent Name: LiveKernelEvent\r\nResponse: Not available\r\nCab Id: 0\r\n\r\nProblem signature:\r\nP1: 193\r\nP2: 80e\r\nP3: ffffa8065b1cc080\r\nP4: ffffcc002c324d70\r\nP5: 0\r\nP6: 10_0_26200\r\nP7: 0_0\r\nP8: 768_1\r\nP9: \r\nP10: \r\n\r\nAttached files:\r\n\\\\?\\C:\\WINDOWS\\LiveKernelReports\\WATCHDOG\\WATCHDOG-20260622-1310.dmp\r\n\\\\?\\C:\\WINDOWS\\SystemTemp\\WER-2336156-0.sysdata.xml\r\n\\\\?\\C:\\ProgramData\\Microsoft\\Windows\\WER\\Temp\\WER.d9b40f11-2c2e-44cc-852c-aec0e4fa6350.tmp.WERInternalMetadata.xml\r\n\\\\?\\C:\\ProgramData\\Microsoft\\Windows\\WER\\Temp\\WER.2a4b91fc-243b-4430-89d9-0d0c88b16611.tmp.csv\r\n\\\\?\\C:\\ProgramData\\Microsoft\\Windows\\WER\\Temp\\WER.c5ca8ede-11dc-46b1-bbcc-fd191ce289eb.tmp.txt\r\n\\\\?\\C:\\ProgramData\\Microsoft\\Windows\\WER\\Temp\\WER.a3f0b104-24dd-4851-b78e-bdc04b4ff2c7.tmp.xml\r\n\r\nThese files may be available here:\r\n\\\\?\\C:\\ProgramData\\Microsoft\\Windows\\WER\\ReportQueue\\Kernel_193_5758754b1fef9a17d5def5219c3b6865d3f9fd91_00000000_3c0e2acd-61d3-4474-8f19-991743dd1e35\r\n\r\nAnalysis symbol: \r\nRechecking for solution: 0\r\nReport Id: 3c0e2acd-61d3-4474-8f19-991743dd1e35\r\nReport Status: 2051\r\nHashed bucket: \r\nCab Guid: 0\"",
                  "version": "0",
                  "computer": "MY-PC",
                  "keywords": "0x8000000000000000",
                  "threadID": "18460",
                  "processID": "17840",
                  "systemTime": "2026-10-02T18:10:28.7100657Z",
                  "providerGuid": "{0ead09bd-2157-539a-8d6d-c87f95b64d70}",
                  "providerName": "Windows Error Reporting",
                  "eventRecordID": "126746",
                  "severityValue": "INFORMATION"
                },
                "eventdata": {
                  "p1": "193",
                  "p2": "80e",
                  "p3": "ffffa8065b1cc080",
                  "p4": "ffffcc002c324d70",
                  "p5": "0",
                  "p6": "10_0_26200",
                  "p7": "0_0",
                  "p8": "768_1",
                  "cabId": "0",
                  "cabGuid": "0",
                  "reportId": "3c0e2acd-61d3-4474-8f19-991743dd1e35",
                  "response": "Not available",
                  "eventName": "LiveKernelEvent",
                  "storePath": "\\\\\\\\?\\\\C:\\\\ProgramData\\\\Microsoft\\\\Windows\\\\WER\\\\ReportQueue\\\\Kernel_193_5758754b1fef9a17d5def5219c3b6865d3f9fd91_00000000_3c0e2acd-61d3-4474-8f19-991743dd1e35",
                  "bucketType": "0",
                  "rechecking": "0",
                  "reportStatus": "2051",
                  "attachedFiles": "  \\\\\\\\?\\\\C:\\\\WINDOWS\\\\LiveKernelReports\\\\WATCHDOG\\\\WATCHDOG-20260622-1310.dmp  \\\\\\\\?\\\\C:\\\\WINDOWS\\\\SystemTemp\\\\WER-2336156-0.sysdata.xml  \\\\\\\\?\\\\C:\\\\ProgramData\\\\Microsoft\\\\Windows\\\\WER\\\\Temp\\\\WER.d9b40f11-2c2e-44cc-852c-aec0e4fa6350.tmp.WERInternalMetadata.xml  \\\\\\\\?\\\\C:\\\\ProgramData\\\\Microsoft\\\\Windows\\\\WER\\\\Temp\\\\WER.2a4b91fc-243b-4430-89d9-0d0c88b16611.tmp.csv  \\\\\\\\?\\\\C:\\\\ProgramData\\\\Microsoft\\\\Windows\\\\WER\\\\Temp\\\\WER.c5ca8ede-11dc-46b1-bbcc-fd191ce289eb.tmp.txt  \\\\\\\\?\\\\C:\\\\ProgramData\\\\Microsoft\\\\Windows\\\\WER\\\\Temp\\\\WER.a3f0b104-24dd-4851-b78e-bdc04b4ff2c7.tmp.xml"
                }
              }
            },
            "rule": {
              "id": "60608",
              "mail": false,
              "level": 4,
              "groups": [
                "windows",
                "windows_application"
              ],
              "firedtimes": 119,
              "description": "Summary event of the report's signatures."
            },
            "agent": {
              "id": "001",
              "ip": "127.0.0.1",
              "name": "my-pc"
            },
            "decoder": {
              "name": "windows_eventchannel"
            },
            "manager": {
              "name": "wazuh.manager"
            },
            "location": "EventChannel",
            "timestamp": "2026-10-02T19:58:52.942+0000"
          },
          "case_id": null
        },
        "alert": {
          "alert_id": "alr_wz_1790971132_734186",
          "rule_id": "wazuh-60608",
          "rule_name": "Summary event of the report's signatures.",
          "rule_severity": "low",
          "timestamp": "2026-10-02T19:58:52.942000Z",
          "host": "my-pc",
          "user": null,
          "src_ip": null,
          "description": "Summary event of the report's signatures.",
          "event_ids": [
            "evt_wz_1790971132_734186"
          ],
          "suggested_techniques": [],
          "case_id": null
        }
      },
      {
        "wazuh_id": "1790971132.728231",
        "received_at": "2026-10-02T19:59:04.095254Z",
        "level": 4,
        "event": {
          "event_id": "evt_wz_1790971132_728231",
          "timestamp": "2026-10-02T19:58:52.927000Z",
          "ingested_at": null,
          "source": "wazuh",
          "category": "other",
          "event_type": "wazuh:60608",
          "host": "my-pc",
          "user": null,
          "outcome": "unknown",
          "process": null,
          "network": null,
          "file_path": null,
          "message": "Summary event of the report's signatures.",
          "raw": {
            "id": "1790971132.728231",
            "data": {
              "win": {
                "system": {
                  "task": "0",
                  "level": "4",
                  "opcode": "0",
                  "channel": "Application",
                  "eventID": "1001",
                  "message": "\"Fault bucket , type 0\r\nEvent Name: LiveKernelEvent\r\nResponse: Not available\r\nCab Id: 0\r\n\r\nProblem signature:\r\nP1: 193\r\nP2: 80e\r\nP3: ffff960f08ea9080\r\nP4: ffffd08727d4cc80\r\nP5: 0\r\nP6: 10_0_26200\r\nP7: 0_0\r\nP8: 768_1\r\nP9: \r\nP10: \r\n\r\nAttached files:\r\n\\\\?\\C:\\WINDOWS\\LiveKernelReports\\WATCHDOG\\WATCHDOG-20260619-2104.dmp\r\n\\\\?\\C:\\WINDOWS\\SystemTemp\\WER-1355218-0.sysdata.xml\r\n\\\\?\\C:\\ProgramData\\Microsoft\\Windows\\WER\\Temp\\WER.d38ce383-6ffe-4ee4-92c2-f2a30f40cb86.tmp.WERInternalMetadata.xml\r\n\\\\?\\C:\\ProgramData\\Microsoft\\Windows\\WER\\Temp\\WER.4dc772cc-2a6a-4f2e-b362-d4379242f7a6.tmp.csv\r\n\\\\?\\C:\\ProgramData\\Microsoft\\Windows\\WER\\Temp\\WER.749c0692-459c-419c-a2d9-fb69bf19b3e3.tmp.txt\r\n\\\\?\\C:\\ProgramData\\Microsoft\\Windows\\WER\\Temp\\WER.9cbc585b-766d-437e-964e-97ea03885e32.tmp.xml\r\n\r\nThese files may be available here:\r\n\\\\?\\C:\\ProgramData\\Microsoft\\Windows\\WER\\ReportQueue\\Kernel_193_7d472c188a6758a3d98a0a9e3e4df6cfd1d24e_00000000_1a3fcd17-0f66-4257-9e31-5d799cc60ebd\r\n\r\nAnalysis symbol: \r\nRechecking for solution: 0\r\nReport Id: 1a3fcd17-0f66-4257-9e31-5d799cc60ebd\r\nReport Status: 2051\r\nHashed bucket: \r\nCab Guid: 0\"",
                  "version": "0",
                  "computer": "MY-PC",
                  "keywords": "0x8000000000000000",
                  "threadID": "18460",
                  "processID": "17840",
                  "systemTime": "2026-10-02T18:10:28.6560939Z",
                  "providerGuid": "{0ead09bd-2157-539a-8d6d-c87f95b64d70}",
                  "providerName": "Windows Error Reporting",
                  "eventRecordID": "126745",
                  "severityValue": "INFORMATION"
                },
                "eventdata": {
                  "p1": "193",
                  "p2": "80e",
                  "p3": "ffff960f08ea9080",
                  "p4": "ffffd08727d4cc80",
                  "p5": "0",
                  "p6": "10_0_26200",
                  "p7": "0_0",
                  "p8": "768_1",
                  "cabId": "0",
                  "cabGuid": "0",
                  "reportId": "1a3fcd17-0f66-4257-9e31-5d799cc60ebd",
                  "response": "Not available",
                  "eventName": "LiveKernelEvent",
                  "storePath": "\\\\\\\\?\\\\C:\\\\ProgramData\\\\Microsoft\\\\Windows\\\\WER\\\\ReportQueue\\\\Kernel_193_7d472c188a6758a3d98a0a9e3e4df6cfd1d24e_00000000_1a3fcd17-0f66-4257-9e31-5d799cc60ebd",
                  "bucketType": "0",
                  "rechecking": "0",
                  "reportStatus": "2051",
                  "attachedFiles": "  \\\\\\\\?\\\\C:\\\\WINDOWS\\\\LiveKernelReports\\\\WATCHDOG\\\\WATCHDOG-20260619-2104.dmp  \\\\\\\\?\\\\C:\\\\WINDOWS\\\\SystemTemp\\\\WER-1355218-0.sysdata.xml  \\\\\\\\?\\\\C:\\\\ProgramData\\\\Microsoft\\\\Windows\\\\WER\\\\Temp\\\\WER.d38ce383-6ffe-4ee4-92c2-f2a30f40cb86.tmp.WERInternalMetadata.xml  \\\\\\\\?\\\\C:\\\\ProgramData\\\\Microsoft\\\\Windows\\\\WER\\\\Temp\\\\WER.4dc772cc-2a6a-4f2e-b362-d4379242f7a6.tmp.csv  \\\\\\\\?\\\\C:\\\\ProgramData\\\\Microsoft\\\\Windows\\\\WER\\\\Temp\\\\WER.749c0692-459c-419c-a2d9-fb69bf19b3e3.tmp.txt  \\\\\\\\?\\\\C:\\\\ProgramData\\\\Microsoft\\\\Windows\\\\WER\\\\Temp\\\\WER.9cbc585b-766d-437e-964e-97ea03885e32.tmp.xml"
                }
              }
            },
            "rule": {
              "id": "60608",
              "mail": false,
              "level": 4,
              "groups": [
                "windows",
                "windows_application"
              ],
              "firedtimes": 118,
              "description": "Summary event of the report's signatures."
            },
            "agent": {
              "id": "001",
              "ip": "127.0.0.1",
              "name": "my-pc"
            },
            "decoder": {
              "name": "windows_eventchannel"
            },
            "manager": {
              "name": "wazuh.manager"
            },
            "location": "EventChannel",
            "timestamp": "2026-10-02T19:58:52.927+0000"
          },
          "case_id": null
        },
        "alert": {
          "alert_id": "alr_wz_1790971132_728231",
          "rule_id": "wazuh-60608",
          "rule_name": "Summary event of the report's signatures.",
          "rule_severity": "low",
          "timestamp": "2026-10-02T19:58:52.927000Z",
          "host": "my-pc",
          "user": null,
          "src_ip": null,
          "description": "Summary event of the report's signatures.",
          "event_ids": [
            "evt_wz_1790971132_728231"
          ],
          "suggested_techniques": [],
          "case_id": null
        }
      },
      {
        "wazuh_id": "1790971132.722216",
        "received_at": "2026-10-02T19:59:03.993043Z",
        "level": 4,
        "event": {
          "event_id": "evt_wz_1790971132_722216",
          "timestamp": "2026-10-02T19:58:52.917000Z",
          "ingested_at": null,
          "source": "wazuh",
          "category": "other",
          "event_type": "wazuh:60608",
          "host": "my-pc",
          "user": null,
          "outcome": "unknown",
          "process": null,
          "network": null,
          "file_path": null,
          "message": "Summary event of the report's signatures.",
          "raw": {
            "id": "1790971132.722216",
            "data": {
              "win": {
                "system": {
                  "task": "0",
                  "level": "4",
                  "opcode": "0",
                  "channel": "Application",
                  "eventID": "1001",
                  "message": "\"Fault bucket , type 0\r\nEvent Name: LiveKernelEvent\r\nResponse: Not available\r\nCab Id: 0\r\n\r\nProblem signature:\r\nP1: 141\r\nP2: ffff938c24922400\r\nP3: fffff8024fb55110\r\nP4: 0\r\nP5: ffff938c44ce7080\r\nP6: 10_0_26200\r\nP7: 0_0\r\nP8: 768_1\r\nP9: \r\nP10: \r\n\r\nAttached files:\r\n\\\\?\\C:\\WINDOWS\\LiveKernelReports\\WATCHDOG\\WATCHDOG-20260619-1939.dmp\r\n\\\\?\\C:\\WINDOWS\\SystemTemp\\WER-67964359-0.sysdata.xml\r\n\\\\?\\C:\\ProgramData\\Microsoft\\Windows\\WER\\Temp\\WER.f83fb9fb-7a32-435b-9645-2dae951697b4.tmp.WERInternalMetadata.xml\r\n\\\\?\\C:\\ProgramData\\Microsoft\\Windows\\WER\\Temp\\WER.7f14ed9c-263d-4511-9529-8a994afdf9f0.tmp.csv\r\n\\\\?\\C:\\ProgramData\\Microsoft\\Windows\\WER\\Temp\\WER.69b66ffa-56ce-43c5-96db-1bc2b757775d.tmp.txt\r\n\\\\?\\C:\\ProgramData\\Microsoft\\Windows\\WER\\Temp\\WER.dcb36bd6-d352-4efa-899c-c221d532cf40.tmp.xml\r\n\r\nThese files may be available here:\r\n\\\\?\\C:\\ProgramData\\Microsoft\\Windows\\WER\\ReportQueue\\Kernel_141_f6e66f63ef251aca1e634cb14a39e4db5def9df_00000000_63288c05-7b70-4b31-ada4-45bdd56b6c8a\r\n\r\nAnalysis symbol: \r\nRechecking for solution: 0\r\nReport Id: 63288c05-7b70-4b31-ada4-45bdd56b6c8a\r\nReport Status: 2051\r\nHashed bucket: \r\nCab Guid: 0\"",
                  "version": "0",
                  "computer": "MY-PC",
                  "keywords": "0x8000000000000000",
                  "threadID": "18460",
                  "processID": "17840",
                  "systemTime": "2026-10-02T18:10:28.6084723Z",
                  "providerGuid": "{0ead09bd-2157-539a-8d6d-c87f95b64d70}",
                  "providerName": "Windows Error Reporting",
                  "eventRecordID": "126744",
                  "severityValue": "INFORMATION"
                },
                "eventdata": {
                  "p1": "141",
                  "p2": "ffff938c24922400",
                  "p3": "fffff8024fb55110",
                  "p4": "0",
                  "p5": "ffff938c44ce7080",
                  "p6": "10_0_26200",
                  "p7": "0_0",
                  "p8": "768_1",
                  "cabId": "0",
                  "cabGuid": "0",
                  "reportId": "63288c05-7b70-4b31-ada4-45bdd56b6c8a",
                  "response": "Not available",
                  "eventName": "LiveKernelEvent",
                  "storePath": "\\\\\\\\?\\\\C:\\\\ProgramData\\\\Microsoft\\\\Windows\\\\WER\\\\ReportQueue\\\\Kernel_141_f6e66f63ef251aca1e634cb14a39e4db5def9df_00000000_63288c05-7b70-4b31-ada4-45bdd56b6c8a",
                  "bucketType": "0",
                  "rechecking": "0",
                  "reportStatus": "2051",
                  "attachedFiles": "  \\\\\\\\?\\\\C:\\\\WINDOWS\\\\LiveKernelReports\\\\WATCHDOG\\\\WATCHDOG-20260619-1939.dmp  \\\\\\\\?\\\\C:\\\\WINDOWS\\\\SystemTemp\\\\WER-67964359-0.sysdata.xml  \\\\\\\\?\\\\C:\\\\ProgramData\\\\Microsoft\\\\Windows\\\\WER\\\\Temp\\\\WER.f83fb9fb-7a32-435b-9645-2dae951697b4.tmp.WERInternalMetadata.xml  \\\\\\\\?\\\\C:\\\\ProgramData\\\\Microsoft\\\\Windows\\\\WER\\\\Temp\\\\WER.7f14ed9c-263d-4511-9529-8a994afdf9f0.tmp.csv  \\\\\\\\?\\\\C:\\\\ProgramData\\\\Microsoft\\\\Windows\\\\WER\\\\Temp\\\\WER.69b66ffa-56ce-43c5-96db-1bc2b757775d.tmp.txt  \\\\\\\\?\\\\C:\\\\ProgramData\\\\Microsoft\\\\Windows\\\\WER\\\\Temp\\\\WER.dcb36bd6-d352-4efa-899c-c221d532cf40.tmp.xml"
                }
              }
            },
            "rule": {
              "id": "60608",
              "mail": false,
              "level": 4,
              "groups": [
                "windows",
                "windows_application"
              ],
              "firedtimes": 117,
              "description": "Summary event of the report's signatures."
            },
            "agent": {
              "id": "001",
              "ip": "127.0.0.1",
              "name": "my-pc"
            },
            "decoder": {
              "name": "windows_eventchannel"
            },
            "manager": {
              "name": "wazuh.manager"
            },
            "location": "EventChannel",
            "timestamp": "2026-10-02T19:58:52.917+0000"
          },
          "case_id": null
        },
        "alert": {
          "alert_id": "alr_wz_1790971132_722216",
          "rule_id": "wazuh-60608",
          "rule_name": "Summary event of the report's signatures.",
          "rule_severity": "low",
          "timestamp": "2026-10-02T19:58:52.917000Z",
          "host": "my-pc",
          "user": null,
          "src_ip": null,
          "description": "Summary event of the report's signatures.",
          "event_ids": [
            "evt_wz_1790971132_722216"
          ],
          "suggested_techniques": [],
          "case_id": null
        }
      },
      {
        "wazuh_id": "1790971132.716209",
        "received_at": "2026-10-02T19:59:03.884110Z",
        "level": 4,
        "event": {
          "event_id": "evt_wz_1790971132_716209",
          "timestamp": "2026-10-02T19:58:52.905000Z",
          "ingested_at": null,
          "source": "wazuh",
          "category": "other",
          "event_type": "wazuh:60608",
          "host": "my-pc",
          "user": null,
          "outcome": "unknown",
          "process": null,
          "network": null,
          "file_path": null,
          "message": "Summary event of the report's signatures.",
          "raw": {
            "id": "1790971132.716209",
            "data": {
              "win": {
                "system": {
                  "task": "0",
                  "level": "4",
                  "opcode": "0",
                  "channel": "Application",
                  "eventID": "1001",
                  "message": "\"Fault bucket , type 0\r\nEvent Name: LiveKernelEvent\r\nResponse: Not available\r\nCab Id: 0\r\n\r\nProblem signature:\r\nP1: 141\r\nP2: ffff938c34164370\r\nP3: fffff8024fb55110\r\nP4: 0\r\nP5: ffff938c3c765080\r\nP6: 10_0_26200\r\nP7: 0_0\r\nP8: 768_1\r\nP9: \r\nP10: \r\n\r\nAttached files:\r\n\\\\?\\C:\\WINDOWS\\LiveKernelReports\\WATCHDOG\\WATCHDOG-20260619-1901.dmp\r\n\\\\?\\C:\\WINDOWS\\SystemTemp\\WER-65681906-0.sysdata.xml\r\n\\\\?\\C:\\ProgramData\\Microsoft\\Windows\\WER\\Temp\\WER.92ab4874-3b50-467c-ae28-da93eb1e6ee1.tmp.WERInternalMetadata.xml\r\n\\\\?\\C:\\ProgramData\\Microsoft\\Windows\\WER\\Temp\\WER.feb44c60-56b5-4f3b-88a3-285e9d794d3f.tmp.csv\r\n\\\\?\\C:\\ProgramData\\Microsoft\\Windows\\WER\\Temp\\WER.2cdfad9b-ea2f-49a9-bb6e-539ebf408344.tmp.txt\r\n\\\\?\\C:\\ProgramData\\Microsoft\\Windows\\WER\\Temp\\WER.cfb18c51-3660-441d-a2f9-ac6c37802576.tmp.xml\r\n\r\nThese files may be available here:\r\n\\\\?\\C:\\ProgramData\\Microsoft\\Windows\\WER\\ReportQueue\\Kernel_141_29eb4a9474455e636c148458751b2e91caabb_00000000_512d96b1-e5f2-436c-a8c8-2c8a8e4991b3\r\n\r\nAnalysis symbol: \r\nRechecking for solution: 0\r\nReport Id: 512d96b1-e5f2-436c-a8c8-2c8a8e4991b3\r\nReport Status: 2051\r\nHashed bucket: \r\nCab Guid: 0\"",
                  "version": "0",
                  "computer": "MY-PC",
                  "keywords": "0x8000000000000000",
                  "threadID": "18460",
                  "processID": "17840",
                  "systemTime": "2026-10-02T18:10:28.5598649Z",
                  "providerGuid": "{0ead09bd-2157-539a-8d6d-c87f95b64d70}",
                  "providerName": "Windows Error Reporting",
                  "eventRecordID": "126743",
                  "severityValue": "INFORMATION"
                },
                "eventdata": {
                  "p1": "141",
                  "p2": "ffff938c34164370",
                  "p3": "fffff8024fb55110",
                  "p4": "0",
                  "p5": "ffff938c3c765080",
                  "p6": "10_0_26200",
                  "p7": "0_0",
                  "p8": "768_1",
                  "cabId": "0",
                  "cabGuid": "0",
                  "reportId": "512d96b1-e5f2-436c-a8c8-2c8a8e4991b3",
                  "response": "Not available",
                  "eventName": "LiveKernelEvent",
                  "storePath": "\\\\\\\\?\\\\C:\\\\ProgramData\\\\Microsoft\\\\Windows\\\\WER\\\\ReportQueue\\\\Kernel_141_29eb4a9474455e636c148458751b2e91caabb_00000000_512d96b1-e5f2-436c-a8c8-2c8a8e4991b3",
                  "bucketType": "0",
                  "rechecking": "0",
                  "reportStatus": "2051",
                  "attachedFiles": "  \\\\\\\\?\\\\C:\\\\WINDOWS\\\\LiveKernelReports\\\\WATCHDOG\\\\WATCHDOG-20260619-1901.dmp  \\\\\\\\?\\\\C:\\\\WINDOWS\\\\SystemTemp\\\\WER-65681906-0.sysdata.xml  \\\\\\\\?\\\\C:\\\\ProgramData\\\\Microsoft\\\\Windows\\\\WER\\\\Temp\\\\WER.92ab4874-3b50-467c-ae28-da93eb1e6ee1.tmp.WERInternalMetadata.xml  \\\\\\\\?\\\\C:\\\\ProgramData\\\\Microsoft\\\\Windows\\\\WER\\\\Temp\\\\WER.feb44c60-56b5-4f3b-88a3-285e9d794d3f.tmp.csv  \\\\\\\\?\\\\C:\\\\ProgramData\\\\Microsoft\\\\Windows\\\\WER\\\\Temp\\\\WER.2cdfad9b-ea2f-49a9-bb6e-539ebf408344.tmp.txt  \\\\\\\\?\\\\C:\\\\ProgramData\\\\Microsoft\\\\Windows\\\\WER\\\\Temp\\\\WER.cfb18c51-3660-441d-a2f9-ac6c37802576.tmp.xml"
                }
              }
            },
            "rule": {
              "id": "60608",
              "mail": false,
              "level": 4,
              "groups": [
                "windows",
                "windows_application"
              ],
              "firedtimes": 116,
              "description": "Summary event of the report's signatures."
            },
            "agent": {
              "id": "001",
              "ip": "127.0.0.1",
              "name": "my-pc"
            },
            "decoder": {
              "name": "windows_eventchannel"
            },
            "manager": {
              "name": "wazuh.manager"
            },
            "location": "EventChannel",
            "timestamp": "2026-10-02T19:58:52.905+0000"
          },
          "case_id": null
        },
        "alert": {
          "alert_id": "alr_wz_1790971132_716209",
          "rule_id": "wazuh-60608",
          "rule_name": "Summary event of the report's signatures.",
          "rule_severity": "low",
          "timestamp": "2026-10-02T19:58:52.905000Z",
          "host": "my-pc",
          "user": null,
          "src_ip": null,
          "description": "Summary event of the report's signatures.",
          "event_ids": [
            "evt_wz_1790971132_716209"
          ],
          "suggested_techniques": [],
          "case_id": null
        }
      },
