{
  "created_at": "2026-10-02T20:05:08.482075Z",
  "note": "Recorded sample from the author's own PC, with names and addresses replaced. Nothing here is live.",
  "feed": {
    "status": {
      "checked_at": "2026-10-02T20:05:08.482075Z",
      "wazuh_api": {
        "reachable": true,
        "detail": "Recorded sample."
      },
      "backfill": {
        "reachable": true,
        "detail": "Recorded sample."
      },
      "alert_count": 4287,
      "last_alert_at": "2026-10-02T20:02:13.137000Z",
      "queue_length": 0,
      "model": {
        "reachable": true,
        "detail": "Recorded sample."
      },
      "sync": {
        "reachable": true,
        "detail": "Recorded sample."
      }
    },
    "alerts": [
      {
        "wazuh_id": "1790971333.932368",
        "received_at": "2026-10-02T20:02:14.436059Z",
        "level": 5,
        "event": {
          "event_id": "evt_wz_1790971333_932368",
          "timestamp": "2026-10-02T20:02:13.137000Z",
          "ingested_at": null,
          "source": "wazuh",
          "category": "other",
          "event_type": "wazuh:60104",
          "host": "my-pc",
          "user": null,
          "outcome": "unknown",
          "process": null,
          "network": null,
          "file_path": null,
          "message": "Windows audit failure event",
          "raw": {
            "id": "1790971333.932368",
            "data": {
              "win": {
                "system": {
                  "task": "12290",
                  "level": "0",
                  "opcode": "0",
                  "channel": "Security",
                  "eventID": "5061",
                  "message": "\"Cryptographic operation.\r\n\r\nSubject:\r\n\tSecurity ID:\t\tS-1-5-21-1000000000-1000000000-1000000000-1001\r\n\tAccount Name:\t\tuser1\r\n\tAccount Domain:\t\tMY-PC\r\n\tLogon ID:\t\t0x45BB2\r\n\r\nCryptographic Parameters:\r\n\tProvider Name:\tMicrosoft Software Key Storage Provider\r\n\tAlgorithm Name:\tUNKNOWN\r\n\tKey Name:\tTB_0_bing.com\r\n\tKey Type:\tUser key.\r\n\r\nCryptographic Operation:\r\n\tOperation:\tOpen Key.\r\n\tReturn Code:\t0x80090016\"",
                  "version": "0",
                  "computer": "MY-PC",
                  "keywords": "0x8010000000000000",
                  "threadID": "6024",
                  "processID": "1320",
                  "systemTime": "2026-10-02T20:02:12.2627917Z",
                  "providerGuid": "{54849625-5478-4994-a5ba-3e3b0328c30d}",
                  "providerName": "Microsoft-Windows-Security-Auditing",
                  "eventRecordID": "1235776",
                  "severityValue": "AUDIT_FAILURE"
                },
                "eventdata": {
                  "keyName": "TB_0_bing.com",
                  "keyType": "%%2500",
                  "operation": "%%2480",
                  "returnCode": "0x80090016",
                  "providerName": "Microsoft Software Key Storage Provider",
                  "algorithmName": "UNKNOWN",
                  "subjectLogonId": "0x45bb2",
                  "subjectUserSid": "S-1-5-21-1000000000-1000000000-1000000000-1001",
                  "subjectUserName": "user1",
                  "subjectDomainName": "MY-PC"
                }
              }
            },
            "rule": {
              "id": "60104",
              "tsc": [
                "CC7.2",
                "CC7.3"
              ],
              "gdpr": [
                "IV_35.7.d"
              ],
              "mail": false,
              "hipaa": [
                "164.312.b"
              ],
              "level": 5,
              "groups": [
                "windows",
                "windows_security"
              ],
              "pci_dss": [
                "10.6.1"
              ],
              "firedtimes": 4,
              "description": "Windows audit failure event",
              "nist_800_53": [
                "AU.6"
              ]
            },
            "agent": {
              "id": "001",
              "ip": "127.0.0.1",
              "name": "my-pc"
            },
            "decoder": {
              "name": "windows_eventchannel"
            },
            "manager": {
              "name": "wazuh.manager"
            },
            "location": "EventChannel",
            "timestamp": "2026-10-02T20:02:13.137+0000"
          },
          "case_id": null
        },
        "alert": {
          "alert_id": "alr_wz_1790971333_932368",
          "rule_id": "wazuh-60104",
          "rule_name": "Windows audit failure event",
          "rule_severity": "low",
          "timestamp": "2026-10-02T20:02:13.137000Z",
          "host": "my-pc",
          "user": null,
          "src_ip": null,
          "description": "Windows audit failure event",
          "event_ids": [
            "evt_wz_1790971333_932368"
          ],
          "suggested_techniques": [],
          "case_id": null
        }
      },
      {
        "wazuh_id": "1790971331.929461",
        "received_at": "2026-10-02T20:02:13.346673Z",
        "level": 5,
        "event": {
          "event_id": "evt_wz_1790971331_929461",
          "timestamp": "2026-10-02T20:02:11.496000Z",
          "ingested_at": null,
          "source": "wazuh",
          "category": "other",
          "event_type": "wazuh:60104",
          "host": "my-pc",
          "user": null,
          "outcome": "unknown",
          "process": null,
          "network": null,
          "file_path": null,
          "message": "Windows audit failure event",
          "raw": {
            "id": "1790971331.929461",
            "data": {
              "win": {
                "system": {
                  "task": "12290",
                  "level": "0",
                  "opcode": "0",
                  "channel": "Security",
                  "eventID": "5061",
                  "message": "\"Cryptographic operation.\r\n\r\nSubject:\r\n\tSecurity ID:\t\tS-1-5-21-1000000000-1000000000-1000000000-1001\r\n\tAccount Name:\t\tuser1\r\n\tAccount Domain:\t\tMY-PC\r\n\tLogon ID:\t\t0x45BB2\r\n\r\nCryptographic Parameters:\r\n\tProvider Name:\tMicrosoft Software Key Storage Provider\r\n\tAlgorithm Name:\tUNKNOWN\r\n\tKey Name:\tTB_0_office.com\r\n\tKey Type:\tUser key.\r\n\r\nCryptographic Operation:\r\n\tOperation:\tOpen Key.\r\n\tReturn Code:\t0x80090016\"",
                  "version": "0",
                  "computer": "MY-PC",
                  "keywords": "0x8010000000000000",
                  "threadID": "6024",
                  "processID": "1320",
                  "systemTime": "2026-10-02T20:02:11.4782065Z",
                  "providerGuid": "{54849625-5478-4994-a5ba-3e3b0328c30d}",
                  "providerName": "Microsoft-Windows-Security-Auditing",
                  "eventRecordID": "1235773",
                  "severityValue": "AUDIT_FAILURE"
                },
                "eventdata": {
                  "keyName": "TB_0_office.com",
                  "keyType": "%%2500",
                  "operation": "%%2480",
                  "returnCode": "0x80090016",
                  "providerName": "Microsoft Software Key Storage Provider",
                  "algorithmName": "UNKNOWN",
                  "subjectLogonId": "0x45bb2",
                  "subjectUserSid": "S-1-5-21-1000000000-1000000000-1000000000-1001",
                  "subjectUserName": "user1",
                  "subjectDomainName": "MY-PC"
                }
              }
            },
            "rule": {
              "id": "60104",
              "tsc": [
                "CC7.2",
                "CC7.3"
              ],
              "gdpr": [
                "IV_35.7.d"
              ],
              "mail": false,
              "hipaa": [
                "164.312.b"
              ],
              "level": 5,
              "groups": [
                "windows",
                "windows_security"
              ],
              "pci_dss": [
                "10.6.1"
              ],
              "firedtimes": 3,
              "description": "Windows audit failure event",
              "nist_800_53": [
                "AU.6"
              ]
            },
            "agent": {
              "id": "001",
              "ip": "127.0.0.1",
              "name": "my-pc"
            },
            "decoder": {
              "name": "windows_eventchannel"
            },
            "manager": {
              "name": "wazuh.manager"
            },
            "location": "EventChannel",
            "timestamp": "2026-10-02T20:02:11.496+0000"
          },
          "case_id": null
        },
        "alert": {
          "alert_id": "alr_wz_1790971331_929461",
          "rule_id": "wazuh-60104",
          "rule_name": "Windows audit failure event",
          "rule_severity": "low",
          "timestamp": "2026-10-02T20:02:11.496000Z",
          "host": "my-pc",
          "user": null,
          "src_ip": null,
          "description": "Windows audit failure event",
          "event_ids": [
            "evt_wz_1790971331_929461"
          ],
          "suggested_techniques": [],
          "case_id": null
        }
      },
      {
        "wazuh_id": "1790971330.926554",
        "received_at": "2026-10-02T20:02:11.237725Z",
        "level": 5,
        "event": {
          "event_id": "evt_wz_1790971330_926554",
          "timestamp": "2026-10-02T20:02:10.102000Z",
          "ingested_at": null,
          "source": "wazuh",
          "category": "other",
          "event_type": "wazuh:60104",
          "host": "my-pc",
          "user": null,
          "outcome": "unknown",
          "process": null,
          "network": null,
          "file_path": null,
          "message": "Windows audit failure event",
          "raw": {
            "id": "1790971330.926554",
            "data": {
              "win": {
                "system": {
                  "task": "12290",
                  "level": "0",
                  "opcode": "0",
                  "channel": "Security",
                  "eventID": "5061",
                  "message": "\"Cryptographic operation.\r\n\r\nSubject:\r\n\tSecurity ID:\t\tS-1-5-21-1000000000-1000000000-1000000000-1001\r\n\tAccount Name:\t\tuser1\r\n\tAccount Domain:\t\tMY-PC\r\n\tLogon ID:\t\t0x45BB2\r\n\r\nCryptographic Parameters:\r\n\tProvider Name:\tMicrosoft Software Key Storage Provider\r\n\tAlgorithm Name:\tUNKNOWN\r\n\tKey Name:\tTB_0_office.com\r\n\tKey Type:\tUser key.\r\n\r\nCryptographic Operation:\r\n\tOperation:\tOpen Key.\r\n\tReturn Code:\t0x80090016\"",
                  "version": "0",
                  "computer": "MY-PC",
                  "keywords": "0x8010000000000000",
                  "threadID": "6024",
                  "processID": "1320",
                  "systemTime": "2026-10-02T20:02:09.8491616Z",
                  "providerGuid": "{54849625-5478-4994-a5ba-3e3b0328c30d}",
                  "providerName": "Microsoft-Windows-Security-Auditing",
                  "eventRecordID": "1235770",
                  "severityValue": "AUDIT_FAILURE"
                },
                "eventdata": {
                  "keyName": "TB_0_office.com",
                  "keyType": "%%2500",
                  "operation": "%%2480",
                  "returnCode": "0x80090016",
                  "providerName": "Microsoft Software Key Storage Provider",
                  "algorithmName": "UNKNOWN",
                  "subjectLogonId": "0x45bb2",
                  "subjectUserSid": "S-1-5-21-1000000000-1000000000-1000000000-1001",
                  "subjectUserName": "user1",
                  "subjectDomainName": "MY-PC"
                }
              }
            },
            "rule": {
              "id": "60104",
              "tsc": [
                "CC7.2",
                "CC7.3"
              ],
              "gdpr": [
                "IV_35.7.d"
              ],
              "mail": false,
              "hipaa": [
                "164.312.b"
              ],
              "level": 5,
              "groups": [
                "windows",
                "windows_security"
              ],
              "pci_dss": [
                "10.6.1"
              ],
              "firedtimes": 2,
              "description": "Windows audit failure event",
              "nist_800_53": [
                "AU.6"
              ]
            },
            "agent": {
              "id": "001",
              "ip": "127.0.0.1",
              "name": "my-pc"
            },
            "decoder": {
              "name": "windows_eventchannel"
            },
            "manager": {
              "name": "wazuh.manager"
            },
            "location": "EventChannel",
            "timestamp": "2026-10-02T20:02:10.102+0000"
          },
          "case_id": null
        },
        "alert": {
          "alert_id": "alr_wz_1790971330_926554",
          "rule_id": "wazuh-60104",
          "rule_name": "Windows audit failure event",
          "rule_severity": "low",
          "timestamp": "2026-10-02T20:02:10.102000Z",
          "host": "my-pc",
          "user": null,
          "src_ip": null,
          "description": "Windows audit failure event",
          "event_ids": [
            "evt_wz_1790971330_926554"
          ],
          "suggested_techniques": [],
          "case_id": null
        }
      },
      {
        "wazuh_id": "1790971330.923653",
        "received_at": "2026-10-02T20:02:11.072195Z",
        "level": 5,
        "event": {
          "event_id": "evt_wz_1790971330_923653",
          "timestamp": "2026-10-02T20:02:10.099000Z",
          "ingested_at": null,
          "source": "wazuh",
          "category": "other",
          "event_type": "wazuh:60104",
          "host": "my-pc",
          "user": null,
          "outcome": "unknown",
          "process": null,
          "network": null,
          "file_path": null,
          "message": "Windows audit failure event",
          "raw": {
            "id": "1790971330.923653",
            "data": {
              "win": {
                "system": {
                  "task": "12290",
                  "level": "0",
                  "opcode": "0",
                  "channel": "Security",
                  "eventID": "5061",
                  "message": "\"Cryptographic operation.\r\n\r\nSubject:\r\n\tSecurity ID:\t\tS-1-5-21-1000000000-1000000000-1000000000-1001\r\n\tAccount Name:\t\tuser1\r\n\tAccount Domain:\t\tMY-PC\r\n\tLogon ID:\t\t0x45BB2\r\n\r\nCryptographic Parameters:\r\n\tProvider Name:\tMicrosoft Software Key Storage Provider\r\n\tAlgorithm Name:\tUNKNOWN\r\n\tKey Name:\tTB_0_bing.com\r\n\tKey Type:\tUser key.\r\n\r\nCryptographic Operation:\r\n\tOperation:\tOpen Key.\r\n\tReturn Code:\t0x80090016\"",
                  "version": "0",
                  "computer": "MY-PC",
                  "keywords": "0x8010000000000000",
                  "threadID": "20188",
                  "processID": "1320",
                  "systemTime": "2026-10-02T20:02:09.0890481Z",
                  "providerGuid": "{54849625-5478-4994-a5ba-3e3b0328c30d}",
                  "providerName": "Microsoft-Windows-Security-Auditing",
                  "eventRecordID": "1235769",
                  "severityValue": "AUDIT_FAILURE"
                },
                "eventdata": {
                  "keyName": "TB_0_bing.com",
                  "keyType": "%%2500",
                  "operation": "%%2480",
                  "returnCode": "0x80090016",
                  "providerName": "Microsoft Software Key Storage Provider",
                  "algorithmName": "UNKNOWN",
                  "subjectLogonId": "0x45bb2",
                  "subjectUserSid": "S-1-5-21-1000000000-1000000000-1000000000-1001",
                  "subjectUserName": "user1",
                  "subjectDomainName": "MY-PC"
                }
              }
            },
            "rule": {
              "id": "60104",
              "tsc": [
                "CC7.2",
                "CC7.3"
              ],
              "gdpr": [
                "IV_35.7.d"
              ],
              "mail": false,
              "hipaa": [
                "164.312.b"
              ],
              "level": 5,
              "groups": [
                "windows",
                "windows_security"
              ],
              "pci_dss": [
                "10.6.1"
              ],
              "firedtimes": 1,
              "description": "Windows audit failure event",
              "nist_800_53": [
                "AU.6"
              ]
            },
            "agent": {
              "id": "001",
              "ip": "127.0.0.1",
              "name": "my-pc"
            },
            "decoder": {
              "name": "windows_eventchannel"
            },
            "manager": {
              "name": "wazuh.manager"
            },
            "location": "EventChannel",
            "timestamp": "2026-10-02T20:02:10.099+0000"
          },
          "case_id": null
        },
        "alert": {
          "alert_id": "alr_wz_1790971330_923653",
          "rule_id": "wazuh-60104",
          "rule_name": "Windows audit failure event",
          "rule_severity": "low",
          "timestamp": "2026-10-02T20:02:10.099000Z",
          "host": "my-pc",
          "user": null,
          "src_ip": null,
          "description": "Windows audit failure event",
          "event_ids": [
            "evt_wz_1790971330_923653"
          ],
          "suggested_techniques": [],
          "case_id": null
        }
      },
      {
        "wazuh_id": "1790971309.922057",
        "received_at": "2026-10-02T20:01:49.858551Z",
        "level": 3,
        "event": {
          "event_id": "evt_wz_1790971309_922057",
          "timestamp": "2026-10-02T20:01:49.017000Z",
          "ingested_at": null,
          "source": "wazuh",
          "category": "other",
          "event_type": "wazuh:60642",
          "host": "my-pc",
          "user": null,
          "outcome": "unknown",
          "process": null,
          "network": null,
          "file_path": null,
          "message": "Software protection service scheduled successfully.",
          "raw": {
            "id": "1790971309.922057",
            "data": {
              "win": {
                "system": {
                  "task": "0",
                  "level": "4",
                  "opcode": "0",
                  "channel": "Application",
                  "eventID": "16384",
                  "message": "\"Successfully scheduled Software Protection service for re-start at 2126-09-08T20:01:48Z. Reason: RulesEngine.\"",
                  "version": "0",
                  "computer": "MY-PC",
                  "keywords": "0x80000000000000",
                  "threadID": "0",
                  "processID": "19868",
                  "systemTime": "2026-10-02T20:01:49.0147699Z",
                  "providerGuid": "{E23B33B0-C8C9-472C-A5F9-F2BDFEA0F156}",
                  "providerName": "Microsoft-Windows-Security-SPP",
                  "eventRecordID": "126788",
                  "severityValue": "INFORMATION",
                  "eventSourceName": "Software Protection Platform Service"
                },
                "eventdata": {
                  "data": "2126-09-08T20:01:48Z, RulesEngine"
                }
              }
            },
            "rule": {
              "id": "60642",
              "mail": false,
              "level": 3,
              "groups": [
                "windows",
                "windows_application"
              ],
              "firedtimes": 1,
              "description": "Software protection service scheduled successfully."
            },
            "agent": {
              "id": "001",
              "ip": "127.0.0.1",
              "name": "my-pc"
            },
            "decoder": {
              "name": "windows_eventchannel"
            },
            "manager": {
              "name": "wazuh.manager"
            },
            "location": "EventChannel",
            "timestamp": "2026-10-02T20:01:49.017+0000"
          },
          "case_id": null
        },
        "alert": {
          "alert_id": "alr_wz_1790971309_922057",
          "rule_id": "wazuh-60642",
          "rule_name": "Software protection service scheduled successfully.",
          "rule_severity": "info",
          "timestamp": "2026-10-02T20:01:49.017000Z",
          "host": "my-pc",
          "user": null,
          "src_ip": null,
          "description": "Software protection service scheduled successfully.",
          "event_ids": [
            "evt_wz_1790971309_922057"
          ],
          "suggested_techniques": [],
          "case_id": null
        }
      },
      {
        "wazuh_id": "1790971133.920463",
        "received_at": "2026-10-02T19:59:07.728790Z",
        "level": 3,
        "event": {
          "event_id": "evt_wz_1790971133_920463",
          "timestamp": "2026-10-02T19:58:53.556000Z",
          "ingested_at": null,
          "source": "wazuh",
          "category": "other",
          "event_type": "wazuh:60642",
          "host": "my-pc",
          "user": null,
          "outcome": "unknown",
          "process": null,
          "network": null,
          "file_path": null,
          "message": "Software protection service scheduled successfully.",
          "raw": {
            "id": "1790971133.920463",
            "data": {
              "win": {
                "system": {
                  "task": "0",
                  "level": "4",
                  "opcode": "0",
                  "channel": "Application",
                  "eventID": "16384",
                  "message": "\"Successfully scheduled Software Protection service for re-start at 2126-09-08T19:17:18Z. Reason: RulesEngine.\"",
                  "version": "0",
                  "computer": "MY-PC",
                  "keywords": "0x80000000000000",
                  "threadID": "0",
                  "processID": "3124",
                  "systemTime": "2026-10-02T19:17:18.6122790Z",
                  "providerGuid": "{E23B33B0-C8C9-472C-A5F9-F2BDFEA0F156}",
                  "providerName": "Microsoft-Windows-Security-SPP",
                  "eventRecordID": "126785",
                  "severityValue": "INFORMATION",
                  "eventSourceName": "Software Protection Platform Service"
                },
                "eventdata": {
                  "data": "2126-09-08T19:17:18Z, RulesEngine"
                }
              }
            },
            "rule": {
              "id": "60642",
              "mail": false,
              "level": 3,
              "groups": [
                "windows",
                "windows_application"
              ],
              "firedtimes": 5,
              "description": "Software protection service scheduled successfully."
            },
            "agent": {
              "id": "001",
              "ip": "127.0.0.1",
              "name": "my-pc"
            },
            "decoder": {
              "name": "windows_eventchannel"
            },
            "manager": {
              "name": "wazuh.manager"
            },
            "location": "EventChannel",
            "timestamp": "2026-10-02T19:58:53.556+0000"
          },
          "case_id": null
        },
        "alert": {
          "alert_id": "alr_wz_1790971133_920463",
          "rule_id": "wazuh-60642",
          "rule_name": "Software protection service scheduled successfully.",
          "rule_severity": "info",
          "timestamp": "2026-10-02T19:58:53.556000Z",
          "host": "my-pc",
          "user": null,
          "src_ip": null,
          "description": "Software protection service scheduled successfully.",
          "event_ids": [
            "evt_wz_1790971133_920463"
          ],
          "suggested_techniques": [],
          "case_id": null
        }
      },
      {
        "wazuh_id": "1790971133.918869",
        "received_at": "2026-10-02T19:59:07.645507Z",
        "level": 3,
        "event": {
          "event_id": "evt_wz_1790971133_918869",
          "timestamp": "2026-10-02T19:58:53.542000Z",
          "ingested_at": null,
          "source": "wazuh",
          "category": "other",
          "event_type": "wazuh:60642",
          "host": "my-pc",
          "user": null,
          "outcome": "unknown",
          "process": null,
          "network": null,
          "file_path": null,
          "message": "Software protection service scheduled successfully.",
          "raw": {
            "id": "1790971133.918869",
            "data": {
              "win": {
                "system": {
                  "task": "0",
                  "level": "4",
                  "opcode": "0",
                  "channel": "Application",
                  "eventID": "16384",
                  "message": "\"Successfully scheduled Software Protection service for re-start at 2126-09-08T18:17:05Z. Reason: RulesEngine.\"",
                  "version": "0",
                  "computer": "MY-PC",
                  "keywords": "0x80000000000000",
                  "threadID": "0",
                  "processID": "1076",
                  "systemTime": "2026-10-02T18:17:05.1856782Z",
                  "providerGuid": "{E23B33B0-C8C9-472C-A5F9-F2BDFEA0F156}",
                  "providerName": "Microsoft-Windows-Security-SPP",
                  "eventRecordID": "126783",
                  "severityValue": "INFORMATION",
                  "eventSourceName": "Software Protection Platform Service"
                },
                "eventdata": {
                  "data": "2126-09-08T18:17:05Z, RulesEngine"
                }
              }
            },
            "rule": {
              "id": "60642",
              "mail": false,
              "level": 3,
              "groups": [
                "windows",
                "windows_application"
              ],
              "firedtimes": 4,
              "description": "Software protection service scheduled successfully."
            },
            "agent": {
              "id": "001",
              "ip": "127.0.0.1",
              "name": "my-pc"
            },
            "decoder": {
              "name": "windows_eventchannel"
            },
            "manager": {
              "name": "wazuh.manager"
            },
            "location": "EventChannel",
            "timestamp": "2026-10-02T19:58:53.542+0000"
          },
          "case_id": null
        },
        "alert": {
          "alert_id": "alr_wz_1790971133_918869",
          "rule_id": "wazuh-60642",
          "rule_name": "Software protection service scheduled successfully.",
          "rule_severity": "info",
          "timestamp": "2026-10-02T19:58:53.542000Z",
          "host": "my-pc",
          "user": null,
          "src_ip": null,
          "description": "Software protection service scheduled successfully.",
          "event_ids": [
            "evt_wz_1790971133_918869"
          ],
          "suggested_techniques": [],
          "case_id": null
        }
      },
      {
        "wazuh_id": "1790971133.914179",
        "received_at": "2026-10-02T19:59:07.543835Z",
        "level": 4,
        "event": {
          "event_id": "evt_wz_1790971133_914179",
          "timestamp": "2026-10-02T19:58:53.508000Z",
          "ingested_at": null,
          "source": "wazuh",
          "category": "other",
          "event_type": "wazuh:60608",
          "host": "my-pc",
          "user": null,
          "outcome": "unknown",
          "process": null,
          "network": null,
          "file_path": null,
          "message": "Summary event of the report's signatures.",
          "raw": {
            "id": "1790971133.914179",
            "data": {
              "win": {
                "system": {
                  "task": "0",
                  "level": "4",
                  "opcode": "0",
                  "channel": "Application",
                  "eventID": "1001",
                  "message": "\"Fault bucket , type 0\r\nEvent Name: LiveKernelEvent\r\nResponse: Not available\r\nCab Id: 0\r\n\r\nProblem signature:\r\nP1: 193\r\nP2: aaaaaaaaaaaaaaaa\r\nP3: aaaaaaaaaaaaaaaa\r\nP4: aaaaaaaaaaaaaaaa\r\nP5: aaaaaaaaaaaaaaaa\r\nP6: 10_0_26200\r\nP7: 0_0\r\nP8: 768_1\r\nP9: \r\nP10: \r\n\r\nAttached files:\r\n\\\\?\\C:\\WINDOWS\\LiveKernelReports\\WATCHDOG\\WATCHDOG-20261002-2110.dmp\r\n\\\\?\\C:\\WINDOWS\\SystemTemp\\WER-1241156-0.sysdata.xml\r\n\\\\?\\C:\\ProgramData\\Microsoft\\Windows\\WER\\Temp\\WER.e0f83809-86db-4848-8939-9bd947300391.tmp.xml\r\n\r\nThese files may be available here:\r\n\\\\?\\C:\\ProgramData\\Microsoft\\Windows\\WER\\ReportQueue\\Kernel_193_f9e20219aaf295c75aa6f6c7ea5fd1dac91c2_00000000_3f782012-6e66-4bca-8963-045d93f1bf82\r\n\r\nAnalysis symbol: \r\nRechecking for solution: 0\r\nReport Id: 3f782012-6e66-4bca-8963-045d93f1bf82\r\nReport Status: 2049\r\nHashed bucket: \r\nCab Guid: 0\"",
                  "version": "0",
                  "computer": "MY-PC",
                  "keywords": "0x8000000000000000",
                  "threadID": "18460",
                  "processID": "17840",
                  "systemTime": "2026-10-02T18:10:30.5169179Z",
                  "providerGuid": "{0ead09bd-2157-539a-8d6d-c87f95b64d70}",
                  "providerName": "Windows Error Reporting",
                  "eventRecordID": "126781",
                  "severityValue": "INFORMATION"
                },
                "eventdata": {
                  "p1": "193",
                  "p2": "aaaaaaaaaaaaaaaa",
                  "p3": "aaaaaaaaaaaaaaaa",
                  "p4": "aaaaaaaaaaaaaaaa",
                  "p5": "aaaaaaaaaaaaaaaa",
                  "p6": "10_0_26200",
                  "p7": "0_0",
                  "p8": "768_1",
                  "cabId": "0",
                  "cabGuid": "0",
                  "reportId": "3f782012-6e66-4bca-8963-045d93f1bf82",
                  "response": "Not available",
                  "eventName": "LiveKernelEvent",
                  "storePath": "\\\\\\\\?\\\\C:\\\\ProgramData\\\\Microsoft\\\\Windows\\\\WER\\\\ReportQueue\\\\Kernel_193_f9e20219aaf295c75aa6f6c7ea5fd1dac91c2_00000000_3f782012-6e66-4bca-8963-045d93f1bf82",
                  "bucketType": "0",
                  "rechecking": "0",
                  "reportStatus": "2049",
                  "attachedFiles": "  \\\\\\\\?\\\\C:\\\\WINDOWS\\\\LiveKernelReports\\\\WATCHDOG\\\\WATCHDOG-20261002-2110.dmp  \\\\\\\\?\\\\C:\\\\WINDOWS\\\\SystemTemp\\\\WER-1241156-0.sysdata.xml  \\\\\\\\?\\\\C:\\\\ProgramData\\\\Microsoft\\\\Windows\\\\WER\\\\Temp\\\\WER.e0f83809-86db-4848-8939-9bd947300391.tmp.xml"
                }
              }
            },
            "rule": {
              "id": "60608",
              "mail": false,
              "level": 4,
              "groups": [
                "windows",
                "windows_application"
              ],
              "firedtimes": 154,
              "description": "Summary event of the report's signatures."
            },
            "agent": {
              "id": "001",
              "ip": "127.0.0.1",
              "name": "my-pc"
            },
            "decoder": {
              "name": "windows_eventchannel"
            },
            "manager": {
              "name": "wazuh.manager"
            },
            "location": "EventChannel",
            "timestamp": "2026-10-02T19:58:53.508+0000"
          },
          "case_id": null
        },
        "alert": {
          "alert_id": "alr_wz_1790971133_914179",
          "rule_id": "wazuh-60608",
          "rule_name": "Summary event of the report's signatures.",
          "rule_severity": "low",
          "timestamp": "2026-10-02T19:58:53.508000Z",
          "host": "my-pc",
          "user": null,
          "src_ip": null,
          "description": "Summary event of the report's signatures.",
          "event_ids": [
            "evt_wz_1790971133_914179"
          ],
          "suggested_techniques": [],
          "case_id": null
        }
      },
      {
        "wazuh_id": "1790971133.909493",
        "received_at": "2026-10-02T19:59:07.447758Z",
        "level": 4,
        "event": {
          "event_id": "evt_wz_1790971133_909493",
          "timestamp": "2026-10-02T19:58:53.491000Z",
          "ingested_at": null,
          "source": "wazuh",
          "category": "other",
          "event_type": "wazuh:60608",
          "host": "my-pc",
          "user": null,
          "outcome": "unknown",
          "process": null,
          "network": null,
          "file_path": null,
          "message": "Summary event of the report's signatures.",
          "raw": {
            "id": "1790971133.909493",
            "data": {
              "win": {
                "system": {
                  "task": "0",
                  "level": "4",
                  "opcode": "0",
                  "channel": "Application",
                  "eventID": "1001",
                  "message": "\"Fault bucket , type 0\r\nEvent Name: LiveKernelEvent\r\nResponse: Not available\r\nCab Id: 0\r\n\r\nProblem signature:\r\nP1: 193\r\nP2: aaaaaaaaaaaaaaaa\r\nP3: aaaaaaaaaaaaaaaa\r\nP4: aaaaaaaaaaaaaaaa\r\nP5: aaaaaaaaaaaaaaaa\r\nP6: 10_0_26200\r\nP7: 0_0\r\nP8: 768_1\r\nP9: \r\nP10: \r\n\r\nAttached files:\r\n\\\\?\\C:\\WINDOWS\\LiveKernelReports\\WATCHDOG\\WATCHDOG-20260930-2028.dmp\r\n\\\\?\\C:\\WINDOWS\\SystemTemp\\WER-379281-0.sysdata.xml\r\n\\\\?\\C:\\ProgramData\\Microsoft\\Windows\\WER\\Temp\\WER.f2664f6a-1df4-4656-bf95-0eeb87ac4079.tmp.xml\r\n\r\nThese files may be available here:\r\n\\\\?\\C:\\ProgramData\\Microsoft\\Windows\\WER\\ReportQueue\\Kernel_193_f9e20219aaf295c75aa6f6c7ea5fd1dac91c2_00000000_31dfc7eb-e5bf-4b98-8902-836ff1e89b98\r\n\r\nAnalysis symbol: \r\nRechecking for solution: 0\r\nReport Id: 31dfc7eb-e5bf-4b98-8902-836ff1e89b98\r\nReport Status: 2049\r\nHashed bucket: \r\nCab Guid: 0\"",
                  "version": "0",
                  "computer": "MY-PC",
                  "keywords": "0x8000000000000000",
                  "threadID": "18460",
                  "processID": "17840",
                  "systemTime": "2026-10-02T18:10:30.4612928Z",
                  "providerGuid": "{0ead09bd-2157-539a-8d6d-c87f95b64d70}",
                  "providerName": "Windows Error Reporting",
                  "eventRecordID": "126780",
                  "severityValue": "INFORMATION"
                },
                "eventdata": {
                  "p1": "193",
                  "p2": "aaaaaaaaaaaaaaaa",
                  "p3": "aaaaaaaaaaaaaaaa",
                  "p4": "aaaaaaaaaaaaaaaa",
                  "p5": "aaaaaaaaaaaaaaaa",
                  "p6": "10_0_26200",
                  "p7": "0_0",
                  "p8": "768_1",
                  "cabId": "0",
                  "cabGuid": "0",
                  "reportId": "31dfc7eb-e5bf-4b98-8902-836ff1e89b98",
                  "response": "Not available",
                  "eventName": "LiveKernelEvent",
                  "storePath": "\\\\\\\\?\\\\C:\\\\ProgramData\\\\Microsoft\\\\Windows\\\\WER\\\\ReportQueue\\\\Kernel_193_f9e20219aaf295c75aa6f6c7ea5fd1dac91c2_00000000_31dfc7eb-e5bf-4b98-8902-836ff1e89b98",
                  "bucketType": "0",
                  "rechecking": "0",
                  "reportStatus": "2049",
                  "attachedFiles": "  \\\\\\\\?\\\\C:\\\\WINDOWS\\\\LiveKernelReports\\\\WATCHDOG\\\\WATCHDOG-20260930-2028.dmp  \\\\\\\\?\\\\C:\\\\WINDOWS\\\\SystemTemp\\\\WER-379281-0.sysdata.xml  \\\\\\\\?\\\\C:\\\\ProgramData\\\\Microsoft\\\\Windows\\\\WER\\\\Temp\\\\WER.f2664f6a-1df4-4656-bf95-0eeb87ac4079.tmp.xml"
                }
              }
            },
            "rule": {
              "id": "60608",
              "mail": false,
              "level": 4,
              "groups": [
                "windows",
                "windows_application"
              ],
              "firedtimes": 153,
              "description": "Summary event of the report's signatures."
            },
            "agent": {
              "id": "001",
              "ip": "127.0.0.1",
              "name": "my-pc"
            },
            "decoder": {
              "name": "windows_eventchannel"
            },
            "manager": {
              "name": "wazuh.manager"
            },
            "location": "EventChannel",
            "timestamp": "2026-10-02T19:58:53.491+0000"
          },
          "case_id": null
        },
        "alert": {
          "alert_id": "alr_wz_1790971133_909493",
          "rule_id": "wazuh-60608",
          "rule_name": "Summary event of the report's signatures.",
          "rule_severity": "low",
          "timestamp": "2026-10-02T19:58:53.491000Z",
          "host": "my-pc",
          "user": null,
          "src_ip": null,
          "description": "Summary event of the report's signatures.",
          "event_ids": [
            "evt_wz_1790971133_909493"
          ],
          "suggested_techniques": [],
          "case_id": null
        }
      },
      {
        "wazuh_id": "1790971133.904807",
        "received_at": "2026-10-02T19:59:07.333159Z",
        "level": 4,
        "event": {
          "event_id": "evt_wz_1790971133_904807",
          "timestamp": "2026-10-02T19:58:53.475000Z",
          "ingested_at": null,
          "source": "wazuh",
          "category": "other",
          "event_type": "wazuh:60608",
          "host": "my-pc",
          "user": null,
          "outcome": "unknown",
          "process": null,
          "network": null,
          "file_path": null,
          "message": "Summary event of the report's signatures.",
          "raw": {
            "id": "1790971133.904807",
            "data": {
              "win": {
                "system": {
                  "task": "0",
                  "level": "4",
                  "opcode": "0",
                  "channel": "Application",
                  "eventID": "1001",
                  "message": "\"Fault bucket , type 0\r\nEvent Name: LiveKernelEvent\r\nResponse: Not available\r\nCab Id: 0\r\n\r\nProblem signature:\r\nP1: 193\r\nP2: aaaaaaaaaaaaaaaa\r\nP3: aaaaaaaaaaaaaaaa\r\nP4: aaaaaaaaaaaaaaaa\r\nP5: aaaaaaaaaaaaaaaa\r\nP6: 10_0_26200\r\nP7: 0_0\r\nP8: 768_1\r\nP9: \r\nP10: \r\n\r\nAttached files:\r\n\\\\?\\C:\\WINDOWS\\LiveKernelReports\\WATCHDOG\\WATCHDOG-20260929-1846.dmp\r\n\\\\?\\C:\\WINDOWS\\SystemTemp\\WER-134921-0.sysdata.xml\r\n\\\\?\\C:\\ProgramData\\Microsoft\\Windows\\WER\\Temp\\WER.81669fa9-59fc-449f-a2a0-ee32a398b7c0.tmp.xml\r\n\r\nThese files may be available here:\r\n\\\\?\\C:\\ProgramData\\Microsoft\\Windows\\WER\\ReportQueue\\Kernel_193_f9e20219aaf295c75aa6f6c7ea5fd1dac91c2_00000000_79bbbe64-561a-4a9d-8532-3987f9d47a8e\r\n\r\nAnalysis symbol: \r\nRechecking for solution: 0\r\nReport Id: 79bbbe64-561a-4a9d-8532-3987f9d47a8e\r\nReport Status: 2049\r\nHashed bucket: \r\nCab Guid: 0\"",
                  "version": "0",
                  "computer": "MY-PC",
                  "keywords": "0x8000000000000000",
                  "threadID": "18460",
                  "processID": "17840",
                  "systemTime": "2026-10-02T18:10:30.4117351Z",
                  "providerGuid": "{0ead09bd-2157-539a-8d6d-c87f95b64d70}",
                  "providerName": "Windows Error Reporting",
                  "eventRecordID": "126779",
                  "severityValue": "INFORMATION"
                },
                "eventdata": {
                  "p1": "193",
                  "p2": "aaaaaaaaaaaaaaaa",
                  "p3": "aaaaaaaaaaaaaaaa",
                  "p4": "aaaaaaaaaaaaaaaa",
                  "p5": "aaaaaaaaaaaaaaaa",
                  "p6": "10_0_26200",
                  "p7": "0_0",
                  "p8": "768_1",
                  "cabId": "0",
                  "cabGuid": "0",
                  "reportId": "79bbbe64-561a-4a9d-8532-3987f9d47a8e",
                  "response": "Not available",
                  "eventName": "LiveKernelEvent",
                  "storePath": "\\\\\\\\?\\\\C:\\\\ProgramData\\\\Microsoft\\\\Windows\\\\WER\\\\ReportQueue\\\\Kernel_193_f9e20219aaf295c75aa6f6c7ea5fd1dac91c2_00000000_79bbbe64-561a-4a9d-8532-3987f9d47a8e",
                  "bucketType": "0",
                  "rechecking": "0",
                  "reportStatus": "2049",
                  "attachedFiles": "  \\\\\\\\?\\\\C:\\\\WINDOWS\\\\LiveKernelReports\\\\WATCHDOG\\\\WATCHDOG-20260929-1846.dmp  \\\\\\\\?\\\\C:\\\\WINDOWS\\\\SystemTemp\\\\WER-134921-0.sysdata.xml  \\\\\\\\?\\\\C:\\\\ProgramData\\\\Microsoft\\\\Windows\\\\WER\\\\Temp\\\\WER.81669fa9-59fc-449f-a2a0-ee32a398b7c0.tmp.xml"
                }
              }
            },
            "rule": {
              "id": "60608",
              "mail": false,
              "level": 4,
              "groups": [
                "windows",
                "windows_application"
              ],
              "firedtimes": 152,
              "description": "Summary event of the report's signatures."
            },
            "agent": {
              "id": "001",
              "ip": "127.0.0.1",
              "name": "my-pc"
            },
            "decoder": {
              "name": "windows_eventchannel"
            },
            "manager": {
              "name": "wazuh.manager"
            },
            "location": "EventChannel",
            "timestamp": "2026-10-02T19:58:53.475+0000"
          },
          "case_id": null
        },
        "alert": {
          "alert_id": "alr_wz_1790971133_904807",
          "rule_id": "wazuh-60608",
          "rule_name": "Summary event of the report's signatures.",
          "rule_severity": "low",
          "timestamp": "2026-10-02T19:58:53.475000Z",
          "host": "my-pc",
          "user": null,
          "src_ip": null,
          "description": "Summary event of the report's signatures.",
          "event_ids": [
            "evt_wz_1790971133_904807"
          ],
          "suggested_techniques": [],
          "case_id": null
        }
      },
      {
        "wazuh_id": "1790971133.900101",
        "received_at": "2026-10-02T19:59:07.195837Z",
        "level": 4,
        "event": {
          "event_id": "evt_wz_1790971133_900101",
          "timestamp": "2026-10-02T19:58:53.460000Z",
          "ingested_at": null,
          "source": "wazuh",
          "category": "other",
          "event_type": "wazuh:60608",
          "host": "my-pc",
          "user": null,
          "outcome": "unknown",
          "process": null,
          "network": null,
          "file_path": null,
          "message": "Summary event of the report's signatures.",
          "raw": {
            "id": "1790971133.900101",
            "data": {
              "win": {
                "system": {
                  "task": "0",
                  "level": "4",
                  "opcode": "0",
                  "channel": "Application",
                  "eventID": "1001",
                  "message": "\"Fault bucket , type 0\r\nEvent Name: LiveKernelEvent\r\nResponse: Not available\r\nCab Id: 0\r\n\r\nProblem signature:\r\nP1: 141\r\nP2: aaaaaaaaaaaaaaaa\r\nP3: aaaaaaaaaaaaaaaa\r\nP4: aaaaaaaaaaaaaaaa\r\nP5: aaaaaaaaaaaaaaaa\r\nP6: 10_0_26200\r\nP7: 0_0\r\nP8: 768_1\r\nP9: \r\nP10: \r\n\r\nAttached files:\r\n\\\\?\\C:\\WINDOWS\\LiveKernelReports\\WATCHDOG\\WATCHDOG-20260927-1821.dmp\r\n\\\\?\\C:\\WINDOWS\\SystemTemp\\WER-150862921-0.sysdata.xml\r\n\\\\?\\C:\\ProgramData\\Microsoft\\Windows\\WER\\Temp\\WER.c8c6afc5-beb8-4899-a7d1-7a663320eeed.tmp.xml\r\n\r\nThese files may be available here:\r\n\\\\?\\C:\\ProgramData\\Microsoft\\Windows\\WER\\ReportQueue\\Kernel_141_8a9b8c950f2f844e554a3e3693788afd332595a_00000000_75ded4ee-f55f-4600-a4bc-e93e74629cb1\r\n\r\nAnalysis symbol: \r\nRechecking for solution: 0\r\nReport Id: 75ded4ee-f55f-4600-a4bc-e93e74629cb1\r\nReport Status: 2049\r\nHashed bucket: \r\nCab Guid: 0\"",
                  "version": "0",
                  "computer": "MY-PC",
                  "keywords": "0x8000000000000000",
                  "threadID": "18460",
                  "processID": "17840",
                  "systemTime": "2026-10-02T18:10:30.3529238Z",
                  "providerGuid": "{0ead09bd-2157-539a-8d6d-c87f95b64d70}",
                  "providerName": "Windows Error Reporting",
                  "eventRecordID": "126778",
                  "severityValue": "INFORMATION"
                },
                "eventdata": {
                  "p1": "141",
                  "p2": "aaaaaaaaaaaaaaaa",
                  "p3": "aaaaaaaaaaaaaaaa",
                  "p4": "aaaaaaaaaaaaaaaa",
                  "p5": "aaaaaaaaaaaaaaaa",
                  "p6": "10_0_26200",
                  "p7": "0_0",
                  "p8": "768_1",
                  "cabId": "0",
                  "cabGuid": "0",
                  "reportId": "75ded4ee-f55f-4600-a4bc-e93e74629cb1",
                  "response": "Not available",
                  "eventName": "LiveKernelEvent",
                  "storePath": "\\\\\\\\?\\\\C:\\\\ProgramData\\\\Microsoft\\\\Windows\\\\WER\\\\ReportQueue\\\\Kernel_141_8a9b8c950f2f844e554a3e3693788afd332595a_00000000_75ded4ee-f55f-4600-a4bc-e93e74629cb1",
                  "bucketType": "0",
                  "rechecking": "0",
                  "reportStatus": "2049",
                  "attachedFiles": "  \\\\\\\\?\\\\C:\\\\WINDOWS\\\\LiveKernelReports\\\\WATCHDOG\\\\WATCHDOG-20260927-1821.dmp  \\\\\\\\?\\\\C:\\\\WINDOWS\\\\SystemTemp\\\\WER-150862921-0.sysdata.xml  \\\\\\\\?\\\\C:\\\\ProgramData\\\\Microsoft\\\\Windows\\\\WER\\\\Temp\\\\WER.c8c6afc5-beb8-4899-a7d1-7a663320eeed.tmp.xml"
                }
              }
            },
            "rule": {
              "id": "60608",
              "mail": false,
              "level": 4,
              "groups": [
                "windows",
                "windows_application"
              ],
              "firedtimes": 151,
              "description": "Summary event of the report's signatures."
            },
            "agent": {
              "id": "001",
              "ip": "127.0.0.1",
              "name": "my-pc"
            },
            "decoder": {
              "name": "windows_eventchannel"
            },
            "manager": {
              "name": "wazuh.manager"
            },
            "location": "EventChannel",
            "timestamp": "2026-10-02T19:58:53.460+0000"
          },
          "case_id": null
        },
        "alert": {
          "alert_id": "alr_wz_1790971133_900101",
          "rule_id": "wazuh-60608",
          "rule_name": "Summary event of the report's signatures.",
          "rule_severity": "low",
          "timestamp": "2026-10-02T19:58:53.460000Z",
          "host": "my-pc",
          "user": null,
          "src_ip": null,
          "description": "Summary event of the report's signatures.",
          "event_ids": [
            "evt_wz_1790971133_900101"
          ],
          "suggested_techniques": [],
          "case_id": null
        }
      },
