        {
          "event_id": "evt_wz_1790609655_1664401",
          "timestamp": "2026-09-28T15:34:15.053000Z",
          "ingested_at": null,
          "source": "wazuh",
          "category": "authentication",
          "event_type": "wazuh:60122",
          "host": "my-pc",
          "user": "sentinel-test-nobody",
          "outcome": "failure",
          "process": {
            "pid": null,
            "name": "C:\\Windows\\System32\\svchost.exe",
            "command_line": null,
            "parent_pid": null,
            "parent_name": null,
            "user": null,
            "hash_sha256": null
          },
          "network": {
            "src_ip": "::1",
            "src_port": null,
            "dst_ip": null,
            "dst_port": null,
            "protocol": null,
            "bytes_sent": null,
            "bytes_received": null,
            "domain": null
          },
          "file_path": null,
          "message": "Logon Failure - Unknown user or bad password",
          "raw": {
            "id": "1790609655.1664401",
            "data": {
              "win": {
                "system": {
                  "task": "12544",
                  "level": "0",
                  "opcode": "0",
                  "channel": "Security",
                  "eventID": "4625",
                  "message": "\"An account failed to log on.\r\n\r\nSubject:\r\n\tSecurity ID:\t\tS-1-5-21-1000000000-1000000000-1000000000-1001\r\n\tAccount Name:\t\tuser1\r\n\tAccount Domain:\t\tMY-PC\r\n\tLogon ID:\t\t0x1EE801B4\r\n\r\nLogon Type:\t\t\t2\r\n\r\nAccount For Which Logon Failed:\r\n\tSecurity ID:\t\tS-1-0-0\r\n\tAccount Name:\t\tsentinel-test-nobody\r\n\tAccount Domain:\t\tMY-PC\r\n\r\nFailure Information:\r\n\tFailure Reason:\t\tUnknown user name or bad password.\r\n\tStatus:\t\t\t0xC000006D\r\n\tSub Status:\t\t0xC0000064\r\n\r\nProcess Information:\r\n\tCaller Process ID:\t0x2bb8\r\n\tCaller Process Name:\tC:\\Windows\\System32\\svchost.exe\r\n\r\nNetwork Information:\r\n\tWorkstation Name:\tMY-PC\r\n\tSource Network Address:\t::1\r\n\tSource Port:\t\t0\r\n\r\nDetailed Authentication Information:\r\n\tLogon Process:\t\tseclogo\r\n\tAuthentication Package:\tNegotiate\r\n\tTransited Services:\t-\r\n\tPackage Name (NTLM only):\t-\r\n\tKey Length:\t\t0\r\n\r\nThis event is generated when a logon request fails. It is generated on the computer where access was attempted.\r\n\r\nThe Subject fields indicate the account on the local system which requested the logon. This is most commonly a service such as the Server service, or a local process such as Winlogon.exe or Services.exe.\r\n\r\nThe Logon Type field indicates the kind of logon that was requested. The most common types are 2 (interactive) and 3 (network).\r\n\r\nThe Process Information fields indicate which account and process on the system requested the logon.\r\n\r\nThe Network Information fields indicate where a remote logon request originated. Workstation name is not always available and may be left blank in some cases.\r\n\r\nThe authentication information fields provide detailed information about this specific logon request.\r\n\t- Transited services indicate which intermediate services have participated in this logon request.\r\n\t- Package name indicates which sub-protocol was used among the NTLM protocols.\r\n\t- Key length indicates the length of the generated session key. This will be 0 if no session key was requested.\"",
                  "version": "0",
                  "computer": "MY-PC",
                  "keywords": "0x8010000000000000",
                  "threadID": "1688",
                  "processID": "1304",
                  "systemTime": "2026-09-28T15:34:14.0726550Z",
                  "providerGuid": "{54849625-5478-4994-a5ba-3e3b0328c30d}",
                  "providerName": "Microsoft-Windows-Security-Auditing",
                  "eventRecordID": "1213796",
                  "severityValue": "AUDIT_FAILURE"
                },
                "eventdata": {
                  "ipPort": "0",
                  "status": "0xc000006d",
                  "ipAddress": "::1",
                  "keyLength": "0",
                  "logonType": "2",
                  "processId": "0x2bb8",
                  "subStatus": "0xc0000064",
                  "processName": "C:\\\\Windows\\\\System32\\\\svchost.exe",
                  "failureReason": "%%2313",
                  "targetUserSid": "S-1-0-0",
                  "subjectLogonId": "0x1ee801b4",
                  "subjectUserSid": "S-1-5-21-1000000000-1000000000-1000000000-1001",
                  "targetUserName": "sentinel-test-nobody",
                  "subjectUserName": "user1",
                  "workstationName": "MY-PC",
                  "logonProcessName": "seclogo",
                  "targetDomainName": "MY-PC",
                  "subjectDomainName": "MY-PC",
                  "authenticationPackageName": "Negotiate"
                }
              }
            },
            "rule": {
              "id": "60122",
              "tsc": [
                "CC6.1",
                "CC6.8",
                "CC7.2",
                "CC7.3"
              ],
              "gdpr": [
                "IV_35.7.d",
                "IV_32.2"
              ],
              "mail": false,
              "gpg13": [
                "7.1"
              ],
              "hipaa": [
                "164.312.b"
              ],
              "level": 5,
              "mitre": {
                "id": [
                  "T1531"
                ],
                "tactic": [
                  "Impact"
                ],
                "technique": [
                  "Account Access Removal"
                ]
              },
              "groups": [
                "windows",
                "windows_security",
                "authentication_failed"
              ],
              "pci_dss": [
                "10.2.4",
                "10.2.5"
              ],
              "firedtimes": 7,
              "description": "Logon Failure - Unknown user or bad password",
              "nist_800_53": [
                "AU.14",
                "AC.7"
              ]
            },
            "agent": {
              "id": "001",
              "ip": "127.0.0.1",
              "name": "my-pc"
            },
            "decoder": {
              "name": "windows_eventchannel"
            },
            "manager": {
              "name": "wazuh.manager"
            },
            "location": "EventChannel",
            "timestamp": "2026-09-28T15:34:15.053+0000"
          },
          "case_id": null
        },
        {
          "event_id": "evt_wz_1790609655_1671224",
          "timestamp": "2026-09-28T15:34:15.068000Z",
          "ingested_at": null,
          "source": "wazuh",
          "category": "authentication",
          "event_type": "wazuh:60122",
          "host": "my-pc",
          "user": "sentinel-test-nobody",
          "outcome": "failure",
          "process": {
            "pid": null,
            "name": "C:\\Windows\\System32\\svchost.exe",
            "command_line": null,
            "parent_pid": null,
            "parent_name": null,
            "user": null,
            "hash_sha256": null
          },
          "network": {
            "src_ip": "::1",
            "src_port": null,
            "dst_ip": null,
            "dst_port": null,
            "protocol": null,
            "bytes_sent": null,
            "bytes_received": null,
            "domain": null
          },
          "file_path": null,
          "message": "Logon Failure - Unknown user or bad password",
          "raw": {
            "id": "1790609655.1671224",
            "data": {
              "win": {
                "system": {
                  "task": "12544",
                  "level": "0",
                  "opcode": "0",
                  "channel": "Security",
                  "eventID": "4625",
                  "message": "\"An account failed to log on.\r\n\r\nSubject:\r\n\tSecurity ID:\t\tS-1-5-21-1000000000-1000000000-1000000000-1001\r\n\tAccount Name:\t\tuser1\r\n\tAccount Domain:\t\tMY-PC\r\n\tLogon ID:\t\t0x1EE801B4\r\n\r\nLogon Type:\t\t\t2\r\n\r\nAccount For Which Logon Failed:\r\n\tSecurity ID:\t\tS-1-0-0\r\n\tAccount Name:\t\tsentinel-test-nobody\r\n\tAccount Domain:\t\tMY-PC\r\n\r\nFailure Information:\r\n\tFailure Reason:\t\tUnknown user name or bad password.\r\n\tStatus:\t\t\t0xC000006D\r\n\tSub Status:\t\t0xC0000064\r\n\r\nProcess Information:\r\n\tCaller Process ID:\t0x2bb8\r\n\tCaller Process Name:\tC:\\Windows\\System32\\svchost.exe\r\n\r\nNetwork Information:\r\n\tWorkstation Name:\tMY-PC\r\n\tSource Network Address:\t::1\r\n\tSource Port:\t\t0\r\n\r\nDetailed Authentication Information:\r\n\tLogon Process:\t\tseclogo\r\n\tAuthentication Package:\tNegotiate\r\n\tTransited Services:\t-\r\n\tPackage Name (NTLM only):\t-\r\n\tKey Length:\t\t0\r\n\r\nThis event is generated when a logon request fails. It is generated on the computer where access was attempted.\r\n\r\nThe Subject fields indicate the account on the local system which requested the logon. This is most commonly a service such as the Server service, or a local process such as Winlogon.exe or Services.exe.\r\n\r\nThe Logon Type field indicates the kind of logon that was requested. The most common types are 2 (interactive) and 3 (network).\r\n\r\nThe Process Information fields indicate which account and process on the system requested the logon.\r\n\r\nThe Network Information fields indicate where a remote logon request originated. Workstation name is not always available and may be left blank in some cases.\r\n\r\nThe authentication information fields provide detailed information about this specific logon request.\r\n\t- Transited services indicate which intermediate services have participated in this logon request.\r\n\t- Package name indicates which sub-protocol was used among the NTLM protocols.\r\n\t- Key length indicates the length of the generated session key. This will be 0 if no session key was requested.\"",
                  "version": "0",
                  "computer": "MY-PC",
                  "keywords": "0x8010000000000000",
                  "threadID": "1688",
                  "processID": "1304",
                  "systemTime": "2026-09-28T15:34:14.0742950Z",
                  "providerGuid": "{54849625-5478-4994-a5ba-3e3b0328c30d}",
                  "providerName": "Microsoft-Windows-Security-Auditing",
                  "eventRecordID": "1213797",
                  "severityValue": "AUDIT_FAILURE"
                },
                "eventdata": {
                  "ipPort": "0",
                  "status": "0xc000006d",
                  "ipAddress": "::1",
                  "keyLength": "0",
                  "logonType": "2",
                  "processId": "0x2bb8",
                  "subStatus": "0xc0000064",
                  "processName": "C:\\\\Windows\\\\System32\\\\svchost.exe",
                  "failureReason": "%%2313",
                  "targetUserSid": "S-1-0-0",
                  "subjectLogonId": "0x1ee801b4",
                  "subjectUserSid": "S-1-5-21-1000000000-1000000000-1000000000-1001",
                  "targetUserName": "sentinel-test-nobody",
                  "subjectUserName": "user1",
                  "workstationName": "MY-PC",
                  "logonProcessName": "seclogo",
                  "targetDomainName": "MY-PC",
                  "subjectDomainName": "MY-PC",
                  "authenticationPackageName": "Negotiate"
                }
              }
            },
            "rule": {
              "id": "60122",
              "tsc": [
                "CC6.1",
                "CC6.8",
                "CC7.2",
                "CC7.3"
              ],
              "gdpr": [
                "IV_35.7.d",
                "IV_32.2"
              ],
              "mail": false,
              "gpg13": [
                "7.1"
              ],
              "hipaa": [
                "164.312.b"
              ],
              "level": 5,
              "mitre": {
                "id": [
                  "T1531"
                ],
                "tactic": [
                  "Impact"
                ],
                "technique": [
                  "Account Access Removal"
                ]
              },
              "groups": [
                "windows",
                "windows_security",
                "authentication_failed"
              ],
              "pci_dss": [
                "10.2.4",
                "10.2.5"
              ],
              "firedtimes": 8,
              "description": "Logon Failure - Unknown user or bad password",
              "nist_800_53": [
                "AU.14",
                "AC.7"
              ]
            },
            "agent": {
              "id": "001",
              "ip": "127.0.0.1",
              "name": "my-pc"
            },
            "decoder": {
              "name": "windows_eventchannel"
            },
            "manager": {
              "name": "wazuh.manager"
            },
            "location": "EventChannel",
            "timestamp": "2026-09-28T15:34:15.068+0000"
          },
          "case_id": null
        },
        {
          "event_id": "evt_wz_1790609655_1678047",
          "timestamp": "2026-09-28T15:34:15.084000Z",
          "ingested_at": null,
          "source": "wazuh",
          "category": "authentication",
          "event_type": "wazuh:60204",
          "host": "my-pc",
          "user": "sentinel-test-nobody",
          "outcome": "failure",
          "process": {
            "pid": null,
            "name": "C:\\Windows\\System32\\svchost.exe",
            "command_line": null,
            "parent_pid": null,
            "parent_name": null,
            "user": null,
            "hash_sha256": null
          },
          "network": {
            "src_ip": "::1",
            "src_port": null,
            "dst_ip": null,
            "dst_port": null,
            "protocol": null,
            "bytes_sent": null,
            "bytes_received": null,
            "domain": null
          },
          "file_path": null,
          "message": "Multiple Windows Logon Failures",
          "raw": {
            "id": "1790609655.1678047",
            "data": {
              "win": {
                "system": {
                  "task": "12544",
                  "level": "0",
                  "opcode": "0",
                  "channel": "Security",
                  "eventID": "4625",
                  "message": "\"An account failed to log on.\r\n\r\nSubject:\r\n\tSecurity ID:\t\tS-1-5-21-1000000000-1000000000-1000000000-1001\r\n\tAccount Name:\t\tuser1\r\n\tAccount Domain:\t\tMY-PC\r\n\tLogon ID:\t\t0x1EE801B4\r\n\r\nLogon Type:\t\t\t2\r\n\r\nAccount For Which Logon Failed:\r\n\tSecurity ID:\t\tS-1-0-0\r\n\tAccount Name:\t\tsentinel-test-nobody\r\n\tAccount Domain:\t\tMY-PC\r\n\r\nFailure Information:\r\n\tFailure Reason:\t\tUnknown user name or bad password.\r\n\tStatus:\t\t\t0xC000006D\r\n\tSub Status:\t\t0xC0000064\r\n\r\nProcess Information:\r\n\tCaller Process ID:\t0x2bb8\r\n\tCaller Process Name:\tC:\\Windows\\System32\\svchost.exe\r\n\r\nNetwork Information:\r\n\tWorkstation Name:\tMY-PC\r\n\tSource Network Address:\t::1\r\n\tSource Port:\t\t0\r\n\r\nDetailed Authentication Information:\r\n\tLogon Process:\t\tseclogo\r\n\tAuthentication Package:\tNegotiate\r\n\tTransited Services:\t-\r\n\tPackage Name (NTLM only):\t-\r\n\tKey Length:\t\t0\r\n\r\nThis event is generated when a logon request fails. It is generated on the computer where access was attempted.\r\n\r\nThe Subject fields indicate the account on the local system which requested the logon. This is most commonly a service such as the Server service, or a local process such as Winlogon.exe or Services.exe.\r\n\r\nThe Logon Type field indicates the kind of logon that was requested. The most common types are 2 (interactive) and 3 (network).\r\n\r\nThe Process Information fields indicate which account and process on the system requested the logon.\r\n\r\nThe Network Information fields indicate where a remote logon request originated. Workstation name is not always available and may be left blank in some cases.\r\n\r\nThe authentication information fields provide detailed information about this specific logon request.\r\n\t- Transited services indicate which intermediate services have participated in this logon request.\r\n\t- Package name indicates which sub-protocol was used among the NTLM protocols.\r\n\t- Key length indicates the length of the generated session key. This will be 0 if no session key was requested.\"",
                  "version": "0",
                  "computer": "MY-PC",
                  "keywords": "0x8010000000000000",
                  "threadID": "1688",
                  "processID": "1304",
                  "systemTime": "2026-09-28T15:34:14.0758396Z",
                  "providerGuid": "{54849625-5478-4994-a5ba-3e3b0328c30d}",
                  "providerName": "Microsoft-Windows-Security-Auditing",
                  "eventRecordID": "1213798",
                  "severityValue": "AUDIT_FAILURE"
                },
                "eventdata": {
                  "ipPort": "0",
                  "status": "0xc000006d",
                  "ipAddress": "::1",
                  "keyLength": "0",
                  "logonType": "2",
                  "processId": "0x2bb8",
                  "subStatus": "0xc0000064",
                  "processName": "C:\\\\Windows\\\\System32\\\\svchost.exe",
                  "failureReason": "%%2313",
                  "targetUserSid": "S-1-0-0",
                  "subjectLogonId": "0x1ee801b4",
                  "subjectUserSid": "S-1-5-21-1000000000-1000000000-1000000000-1001",
                  "targetUserName": "sentinel-test-nobody",
                  "subjectUserName": "user1",
                  "workstationName": "MY-PC",
                  "logonProcessName": "seclogo",
                  "targetDomainName": "MY-PC",
                  "subjectDomainName": "MY-PC",
                  "authenticationPackageName": "Negotiate"
                }
              }
            },
            "rule": {
              "id": "60204",
              "tsc": [
                "CC6.1",
                "CC6.8",
                "CC7.2",
                "CC7.3"
              ],
              "gdpr": [
                "IV_35.7.d",
                "IV_32.2"
              ],
              "mail": false,
              "hipaa": [
                "164.312.b"
              ],
              "level": 10,
              "mitre": {
                "id": [
                  "T1110"
                ],
                "tactic": [
                  "Credential Access"
                ],
                "technique": [
                  "Brute Force"
                ]
              },
              "groups": [
                "windows",
                "windows_security",
                "authentication_failures"
              ],
              "pci_dss": [
                "10.2.4",
                "10.2.5",
                "11.4"
              ],
              "frequency": 8,
              "firedtimes": 1,
              "description": "Multiple Windows Logon Failures",
              "nist_800_53": [
                "AU.14",
                "AC.7",
                "SI.4"
              ]
            },
            "agent": {
              "id": "001",
              "ip": "127.0.0.1",
              "name": "my-pc"
            },
            "decoder": {
              "name": "windows_eventchannel"
            },
            "manager": {
              "name": "wazuh.manager"
            },
            "location": "EventChannel",
            "timestamp": "2026-09-28T15:34:15.084+0000",
            "previous_output": "{\"win\":{\"system\":{\"providerName\":\"Microsoft-Windows-Security-Auditing\",\"providerGuid\":\"{54849625-5478-4994-a5ba-3e3b0328c30d}\",\"eventID\":\"4625\",\"version\":\"0\",\"level\":\"0\",\"task\":\"12544\",\"opcode\":\"0\",\"keywords\":\"0x8010000000000000\",\"systemTime\":\"2026-09-28T15:34:14.0742950Z\",\"eventRecordID\":\"1213797\",\"processID\":\"1304\",\"threadID\":\"1688\",\"channel\":\"Security\",\"computer\":\"MY-PC\",\"severityValue\":\"AUDIT_FAILURE\",\"message\":\"\\\"An account failed to log on.\\r\\n\\r\\nSubject:\\r\\n\\tSecurity ID:\\t\\tS-1-5-21-1000000000-1000000000-1000000000-1001\\r\\n\\tAccount Name:\\t\\tuser1\\r\\n\\tAccount Domain:\\t\\tMY-PC\\r\\n\\tLogon ID:\\t\\t0x1EE801B4\\r\\n\\r\\nLogon Type:\\t\\t\\t2\\r\\n\\r\\nAccount For Which Logon Failed:\\r\\n\\tSecurity ID:\\t\\tS-1-0-0\\r\\n\\tAccount Name:\\t\\tsentinel-test-nobody\\r\\n\\tAccount Domain:\\t\\tMY-PC\\r\\n\\r\\nFailure Information:\\r\\n\\tFailure Reason:\\t\\tUnknown user name or bad password.\\r\\n\\tStatus:\\t\\t\\t0xC000006D\\r\\n\\tSub Status:\\t\\t0xC0000064\\r\\n\\r\\nProcess Information:\\r\\n\\tCaller Process ID:\\t0x2bb8\\r\\n\\tCaller Process Name:\\tC:\\\\Windows\\\\System32\\\\svchost.exe\\r\\n\\r\\nNetwork Information:\\r\\n\\tWorkstation Name:\\tMY-PC\\r\\n\\tSource Network Address:\\t::1\\r\\n\\tSource Port:\\t\\t0\\r\\n\\r\\nDetailed Authentication Information:\\r\\n\\tLogon Process:\\t\\tseclogo\\r\\n\\tAuthentication Package:\\tNegotiate\\r\\n\\tTransited Services:\\t-\\r\\n\\tPackage Name (NTLM only):\\t-\\r\\n\\tKey Length:\\t\\t0\\r\\n\\r\\nThis event is generated when a logon request fails. It is generated on the computer where access was attempted.\\r\\n\\r\\nThe Subject fields indicate the account on the local system which requested the logon. This is most commonly a service such as the Server service, or a local process such as Winlogon.exe or Services.exe.\\r\\n\\r\\nThe Logon Type field indicates the kind of logon that was requested. The most common types are 2 (interactive) and 3 (network).\\r\\n\\r\\nThe Process Information fields indicate which account and process on the system requested the logon.\\r\\n\\r\\nThe Network Information fields indicate where a remote logon request originated. Workstation name is not always available and may be left blank in some cases.\\r\\n\\r\\nThe authentication information fields provide detailed information about this specific logon request.\\r\\n\\t- Transited services indicate which intermediate services have participated in this logon request.\\r\\n\\t- Package name indicates which sub-protocol was used among the NTLM protocols.\\r\\n\\t- Key length indicates the length of the generated session key. This will be 0 if no session key was requested.\\\"\"},\"eventdata\":{\"subjectUserSid\":\"S-1-5-21-1000000000-1000000000-1000000000-1001\",\"subjectUserName\":\"user1\",\"subjectDomainName\":\"MY-PC\",\"subjectLogonId\":\"0x1ee801b4\",\"targetUserSid\":\"S-1-0-0\",\"targetUserName\":\"sentinel-test-nobody\",\"targetDomainName\":\"MY-PC\",\"status\":\"0xc000006d\",\"failureReason\":\"%%2313\",\"subStatus\":\"0xc0000064\",\"logonType\":\"2\",\"logonProcessName\":\"seclogo\",\"authenticationPackageName\":\"Negotiate\",\"workstationName\":\"MY-PC\",\"keyLength\":\"0\",\"processId\":\"0x2bb8\",\"processName\":\"C:\\\\\\\\Windows\\\\\\\\System32\\\\\\\\svchost.exe\",\"ipAddress\":\"::1\",\"ipPort\":\"0\"}}}\n{\"win\":{\"system\":{\"providerName\":\"Microsoft-Windows-Security-Auditing\",\"providerGuid\":\"{54849625-5478-4994-a5ba-3e3b0328c30d}\",\"eventID\":\"4625\",\"version\":\"0\",\"level\":\"0\",\"task\":\"12544\",\"opcode\":\"0\",\"keywords\":\"0x8010000000000000\",\"systemTime\":\"2026-09-28T15:34:14.0726550Z\",\"eventRecordID\":\"1213796\",\"processID\":\"1304\",\"threadID\":\"1688\",\"channel\":\"Security\",\"computer\":\"MY-PC\",\"severityValue\":\"AUDIT_FAILURE\",\"message\":\"\\\"An account failed to log on.\\r\\n\\r\\nSubject:\\r\\n\\tSecurity ID:\\t\\tS-1-5-21-1000000000-1000000000-1000000000-1001\\r\\n\\tAccount Name:\\t\\tuser1\\r\\n\\tAccount Domain:\\t\\tMY-PC\\r\\n\\tLogon ID:\\t\\t0x1EE801B4\\r\\n\\r\\nLogon Type:\\t\\t\\t2\\r\\n\\r\\nAccount For Which Logon Failed:\\r\\n\\tSecurity ID:\\t\\tS-1-0-0\\r\\n\\tAccount Name:\\t\\tsentinel-test-nobody\\r\\n\\tAccount Domain:\\t\\tMY-PC\\r\\n\\r\\nFailure Information:\\r\\n\\tFailure Reason:\\t\\tUnknown user name or bad password.\\r\\n\\tStatus:\\t\\t\\t0xC000006D\\r\\n\\tSub Status:\\t\\t0xC0000064\\r\\n\\r\\nProcess Information:\\r\\n\\tCaller Process ID:\\t0x2bb8\\r\\n\\tCaller Process Name:\\tC:\\\\Windows\\\\System32\\\\svchost.exe\\r\\n\\r\\nNetwork Information:\\r\\n\\tWorkstation Name:\\tMY-PC\\r\\n\\tSource Network Address:\\t::1\\r\\n\\tSource Port:\\t\\t0\\r\\n\\r\\nDetailed Authentication Information:\\r\\n\\tLogon Process:\\t\\tseclogo\\r\\n\\tAuthentication Package:\\tNegotiate\\r\\n\\tTransited Services:\\t-\\r\\n\\tPackage Name (NTLM only):\\t-\\r\\n\\tKey Length:\\t\\t0\\r\\n\\r\\nThis event is generated when a logon request fails. It is generated on the computer where access was attempted.\\r\\n\\r\\nThe Subject fields indicate the account on the local system which requested the logon. This is most commonly a service such as the Server service, or a local process such as Winlogon.exe or Services.exe.\\r\\n\\r\\nThe Logon Type field indicates the kind of logon that was requested. The most common types are 2 (interactive) and 3 (network).\\r\\n\\r\\nThe Process Information fields indicate which account and process on the system requested the logon.\\r\\n\\r\\nThe Network Information fields indicate where a remote logon request originated. Workstation name is not always available and may be left blank in some cases.\\r\\n\\r\\nThe authentication information fields provide detailed information about this specific logon request.\\r\\n\\t- Transited services indicate which intermediate services have participated in this logon request.\\r\\n\\t- Package name indicates which sub-protocol was used among the NTLM protocols.\\r\\n\\t- Key length indicates the length of the generated session key. This will be 0 if no session key was requested.\\\"\"},\"eventdata\":{\"subjectUserSid\":\"S-1-5-21-1000000000-1000000000-1000000000-1001\",\"subjectUserName\":\"user1\",\"subjectDomainName\":\"MY-PC\",\"subjectLogonId\":\"0x1ee801b4\",\"targetUserSid\":\"S-1-0-0\",\"targetUserName\":\"sentinel-test-nobody\",\"targetDomainName\":\"MY-PC\",\"status\":\"0xc000006d\",\"failureReason\":\"%%2313\",\"subStatus\":\"0xc0000064\",\"logonType\":\"2\",\"logonProcessName\":\"seclogo\",\"authenticationPackageName\":\"Negotiate\",\"workstationName\":\"MY-PC\",\"keyLength\":\"0\",\"processId\":\"0x2bb8\",\"processName\":\"C:\\\\\\\\Windows\\\\\\\\System32\\\\\\\\svchost.exe\",\"ipAddress\":\"::1\",\"ipPort\":\"0\"}}}\n{\"win\":{\"system\":{\"providerName\":\"Microsoft-Windows-Security-Auditing\",\"providerGuid\":\"{54849625-5478-4994-a5ba-3e3b0328c30d}\",\"eventID\":\"4625\",\"version\":\"0\",\"level\":\"0\",\"task\":\"12544\",\"opcode\":\"0\",\"keywords\":\"0x8010000000000000\",\"systemTime\":\"2026-09-28T15:34:14.0709401Z\",\"eventRecordID\":\"1213795\",\"processID\":\"1304\",\"threadID\":\"1688\",\"channel\":\"Security\",\"computer\":\"MY-PC\",\"severityValue\":\"AUDIT_FAILURE\",\"message\":\"\\\"An account failed to log on.\\r\\n\\r\\nSubject:\\r\\n\\tSecurity ID:\\t\\tS-1-5-21-1000000000-1000000000-1000000000-1001\\r\\n\\tAccount Name:\\t\\tuser1\\r\\n\\tAccount Domain:\\t\\tMY-PC\\r\\n\\tLogon ID:\\t\\t0x1EE801B4\\r\\n\\r\\nLogon Type:\\t\\t\\t2\\r\\n\\r\\nAccount For Which Logon Failed:\\r\\n\\tSecurity ID:\\t\\tS-1-0-0\\r\\n\\tAccount Name:\\t\\tsentinel-test-nobody\\r\\n\\tAccount Domain:\\t\\tMY-PC\\r\\n\\r\\nFailure Information:\\r\\n\\tFailure Reason:\\t\\tUnknown user name or bad password.\\r\\n\\tStatus:\\t\\t\\t0xC000006D\\r\\n\\tSub Status:\\t\\t0xC0000064\\r\\n\\r\\nProcess Information:\\r\\n\\tCaller Process ID:\\t0x2bb8\\r\\n\\tCaller Process Name:\\tC:\\\\Windows\\\\System32\\\\svchost.exe\\r\\n\\r\\nNetwork Information:\\r\\n\\tWorkstation Name:\\tMY-PC\\r\\n\\tSource Network Address:\\t::1\\r\\n\\tSource Port:\\t\\t0\\r\\n\\r\\nDetailed Authentication Information:\\r\\n\\tLogon Process:\\t\\tseclogo\\r\\n\\tAuthentication Package:\\tNegotiate\\r\\n\\tTransited Services:\\t-\\r\\n\\tPackage Name (NTLM only):\\t-\\r\\n\\tKey Length:\\t\\t0\\r\\n\\r\\nThis event is generated when a logon request fails. It is generated on the computer where access was attempted.\\r\\n\\r\\nThe Subject fields indicate the account on the local system which requested the logon. This is most commonly a service such as the Server service, or a local process such as Winlogon.exe or Services.exe.\\r\\n\\r\\nThe Logon Type field indicates the kind of logon that was requested. The most common types are 2 (interactive) and 3 (network).\\r\\n\\r\\nThe Process Information fields indicate which account and process on the system requested the logon.\\r\\n\\r\\nThe Network Information fields indicate where a remote logon request originated. Workstation name is not always available and may be left blank in some cases.\\r\\n\\r\\nThe authentication information fields provide detailed information about this specific logon request.\\r\\n\\t- Transited services indicate which intermediate services have participated in this logon request.\\r\\n\\t- Package name indicates which sub-protocol was used among the NTLM protocols.\\r\\n\\t- Key length indicates the length of the generated session key. This will be 0 if no session key was requested.\\\"\"},\"eventdata\":{\"subjectUserSid\":\"S-1-5-21-1000000000-1000000000-1000000000-1001\",\"subjectUserName\":\"user1\",\"subjectDomainName\":\"MY-PC\",\"subjectLogonId\":\"0x1ee801b4\",\"targetUserSid\":\"S-1-0-0\",\"targetUserName\":\"sentinel-test-nobody\",\"targetDomainName\":\"MY-PC\",\"status\":\"0xc000006d\",\"failureReason\":\"%%2313\",\"subStatus\":\"0xc0000064\",\"logonType\":\"2\",\"logonProcessName\":\"seclogo\",\"authenticationPackageName\":\"Negotiate\",\"workstationName\":\"MY-PC\",\"keyLength\":\"0\",\"processId\":\"0x2bb8\",\"processName\":\"C:\\\\\\\\Windows\\\\\\\\System32\\\\\\\\svchost.exe\",\"ipAddress\":\"::1\",\"ipPort\":\"0\"}}}\n{\"win\":{\"system\":{\"providerName\":\"Microsoft-Windows-Security-Auditing\",\"providerGuid\":\"{54849625-5478-4994-a5ba-3e3b0328c30d}\",\"eventID\":\"4625\",\"version\":\"0\",\"level\":\"0\",\"task\":\"12544\",\"opcode\":\"0\",\"keywords\":\"0x8010000000000000\",\"systemTime\":\"2026-09-28T15:34:14.0692496Z\",\"eventRecordID\":\"1213794\",\"processID\":\"1304\",\"threadID\":\"1688\",\"channel\":\"Security\",\"computer\":\"MY-PC\",\"severityValue\":\"AUDIT_FAILURE\",\"message\":\"\\\"An account failed to log on.\\r\\n\\r\\nSubject:\\r\\n\\tSecurity ID:\\t\\tS-1-5-21-1000000000-1000000000-1000000000-1001\\r\\n\\tAccount Name:\\t\\tuser1\\r\\n\\tAccount Domain:\\t\\tMY-PC\\r\\n\\tLogon ID:\\t\\t0x1EE801B4\\r\\n\\r\\nLogon Type:\\t\\t\\t2\\r\\n\\r\\nAccount For Which Logon Failed:\\r\\n\\tSecurity ID:\\t\\tS-1-0-0\\r\\n\\tAccount Name:\\t\\tsentinel-test-nobody\\r\\n\\tAccount Domain:\\t\\tMY-PC\\r\\n\\r\\nFailure Information:\\r\\n\\tFailure Reason:\\t\\tUnknown user name or bad password.\\r\\n\\tStatus:\\t\\t\\t0xC000006D\\r\\n\\tSub Status:\\t\\t0xC0000064\\r\\n\\r\\nProcess Information:\\r\\n\\tCaller Process ID:\\t0x2bb8\\r\\n\\tCaller Process Name:\\tC:\\\\Windows\\\\System32\\\\svchost.exe\\r\\n\\r\\nNetwork Information:\\r\\n\\tWorkstation Name:\\tMY-PC\\r\\n\\tSource Network Address:\\t::1\\r\\n\\tSource Port:\\t\\t0\\r\\n\\r\\nDetailed Authentication Information:\\r\\n\\tLogon Process:\\t\\tseclogo\\r\\n\\tAuthentication Package:\\tNegotiate\\r\\n\\tTransited Services:\\t-\\r\\n\\tPackage Name (NTLM only):\\t-\\r\\n\\tKey Length:\\t\\t0\\r\\n\\r\\nThis event is generated when a logon request fails. It is generated on the computer where access was attempted.\\r\\n\\r\\nThe Subject fields indicate the account on the local system which requested the logon. This is most commonly a service such as the Server service, or a local process such as Winlogon.exe or Services.exe.\\r\\n\\r\\nThe Logon Type field indicates the kind of logon that was requested. The most common types are 2 (interactive) and 3 (network).\\r\\n\\r\\nThe Process Information fields indicate which account and process on the system requested the logon.\\r\\n\\r\\nThe Network Information fields indicate where a remote logon request originated. Workstation name is not always available and may be left blank in some cases.\\r\\n\\r\\nThe authentication information fields provide detailed information about this specific logon request.\\r\\n\\t- Transited services indicate which intermediate services have participated in this logon request.\\r\\n\\t- Package name indicates which sub-protocol was used among the NTLM protocols.\\r\\n\\t- Key length indicates the length of the generated session key. This will be 0 if no session key was requested.\\\"\"},\"eventdata\":{\"subjectUserSid\":\"S-1-5-21-1000000000-1000000000-1000000000-1001\",\"subjectUserName\":\"user1\",\"subjectDomainName\":\"MY-PC\",\"subjectLogonId\":\"0x1ee801b4\",\"targetUserSid\":\"S-1-0-0\",\"targetUserName\":\"sentinel-test-nobody\",\"targetDomainName\":\"MY-PC\",\"status\":\"0xc000006d\",\"failureReason\":\"%%2313\",\"subStatus\":\"0xc0000064\",\"logonType\":\"2\",\"logonProcessName\":\"seclogo\",\"authenticationPackageName\":\"Negotiate\",\"workstationName\":\"MY-PC\",\"keyLength\":\"0\",\"processId\":\"0x2bb8\",\"processName\":\"C:\\\\\\\\Windows\\\\\\\\System32\\\\\\\\svchost.exe\",\"ipAddress\":\"::1\",\"ipPort\":\"0\"}}}\n{\"win\":{\"system\":{\"providerName\":\"Microsoft-Windows-Security-Auditing\",\"providerGuid\":\"{54849625-5478-4994-a5ba-3e3b0328c30d}\",\"eventID\":\"4625\",\"version\":\"0\",\"level\":\"0\",\"task\":\"12544\",\"opcode\":\"0\",\"keywords\":\"0x8010000000000000\",\"systemTime\":\"2026-09-28T15:34:14.0675384Z\",\"eventRecordID\":\"1213793\",\"processID\":\"1304\",\"threadID\":\"1688\",\"channel\":\"Security\",\"computer\":\"MY-PC\",\"severityValue\":\"AUDIT_FAILURE\",\"message\":\"\\\"An account failed to log on.\\r\\n\\r\\nSubject:\\r\\n\\tSecurity ID:\\t\\tS-1-5-21-1000000000-1000000000-1000000000-1001\\r\\n\\tAccount Name:\\t\\tuser1\\r\\n\\tAccount Domain:\\t\\tMY-PC\\r\\n\\tLogon ID:\\t\\t0x1EE801B4\\r\\n\\r\\nLogon Type:\\t\\t\\t2\\r\\n\\r\\nAccount For Which Logon Failed:\\r\\n\\tSecurity ID:\\t\\tS-1-0-0\\r\\n\\tAccount Name:\\t\\tsentinel-test-nobody\\r\\n\\tAccount Domain:\\t\\tMY-PC\\r\\n\\r\\nFailure Information:\\r\\n\\tFailure Reason:\\t\\tUnknown user name or bad password.\\r\\n\\tStatus:\\t\\t\\t0xC000006D\\r\\n\\tSub Status:\\t\\t0xC0000064\\r\\n\\r\\nProcess Information:\\r\\n\\tCaller Process ID:\\t0x2bb8\\r\\n\\tCaller Process Name:\\tC:\\\\Windows\\\\System32\\\\svchost.exe\\r\\n\\r\\nNetwork Information:\\r\\n\\tWorkstation Name:\\tMY-PC\\r\\n\\tSource Network Address:\\t::1\\r\\n\\tSource Port:\\t\\t0\\r\\n\\r\\nDetailed Authentication Information:\\r\\n\\tLogon Process:\\t\\tseclogo\\r\\n\\tAuthentication Package:\\tNegotiate\\r\\n\\tTransited Services:\\t-\\r\\n\\tPackage Name (NTLM only):\\t-\\r\\n\\tKey Length:\\t\\t0\\r\\n\\r\\nThis event is generated when a logon request fails. It is generated on the computer where access was attempted.\\r\\n\\r\\nThe Subject fields indicate the account on the local system which requested the logon. This is most commonly a service such as the Server service, or a local process such as Winlogon.exe or Services.exe.\\r\\n\\r\\nThe Logon Type field indicates the kind of logon that was requested. The most common types are 2 (interactive) and 3 (network).\\r\\n\\r\\nThe Process Information fields indicate which account and process on the system requested the logon.\\r\\n\\r\\nThe Network Information fields indicate where a remote logon request originated. Workstation name is not always available and may be left blank in some cases.\\r\\n\\r\\nThe authentication information fields provide detailed information about this specific logon request.\\r\\n\\t- Transited services indicate which intermediate services have participated in this logon request.\\r\\n\\t- Package name indicates which sub-protocol was used among the NTLM protocols.\\r\\n\\t- Key length indicates the length of the generated session key. This will be 0 if no session key was requested.\\\"\"},\"eventdata\":{\"subjectUserSid\":\"S-1-5-21-1000000000-1000000000-1000000000-1001\",\"subjectUserName\":\"user1\",\"subjectDomainName\":\"MY-PC\",\"subjectLogonId\":\"0x1ee801b4\",\"targetUserSid\":\"S-1-0-0\",\"targetUserName\":\"sentinel-test-nobody\",\"targetDomainName\":\"MY-PC\",\"status\":\"0xc000006d\",\"failureReason\":\"%%2313\",\"subStatus\":\"0xc0000064\",\"logonType\":\"2\",\"logonProcessName\":\"seclogo\",\"authenticationPackageName\":\"Negotiate\",\"workstationName\":\"MY-PC\",\"keyLength\":\"0\",\"processId\":\"0x2bb8\",\"processName\":\"C:\\\\\\\\Windows\\\\\\\\System32\\\\\\\\svchost.exe\",\"ipAddress\":\"::1\",\"ipPort\":\"0\"}}}\n{\"win\":{\"system\":{\"providerName\":\"Microsoft-Windows-Security-Auditing\",\"providerGuid\":\"{54849625-5478-4994-a5ba-3e3b0328c30d}\",\"eventID\":\"4625\",\"version\":\"0\",\"level\":\"0\",\"task\":\"12544\",\"opcode\":\"0\",\"keywords\":\"0x8010000000000000\",\"systemTime\":\"2026-09-28T15:34:14.0658430Z\",\"eventRecordID\":\"1213792\",\"processID\":\"1304\",\"threadID\":\"1688\",\"channel\":\"Security\",\"computer\":\"MY-PC\",\"severityValue\":\"AUDIT_FAILURE\",\"message\":\"\\\"An account failed to log on.\\r\\n\\r\\nSubject:\\r\\n\\tSecurity ID:\\t\\tS-1-5-21-1000000000-1000000000-1000000000-1001\\r\\n\\tAccount Name:\\t\\tuser1\\r\\n\\tAccount Domain:\\t\\tMY-PC\\r\\n\\tLogon ID:\\t\\t0x1EE801B4\\r\\n\\r\\nLogon Type:\\t\\t\\t2\\r\\n\\r\\nAccount For Which Logon Failed:\\r\\n\\tSecurity ID:\\t\\tS-1-0-0\\r\\n\\tAccount Name:\\t\\tsentinel-test-nobody\\r\\n\\tAccount Domain:\\t\\tMY-PC\\r\\n\\r\\nFailure Information:\\r\\n\\tFailure Reason:\\t\\tUnknown user name or bad password.\\r\\n\\tStatus:\\t\\t\\t0xC000006D\\r\\n\\tSub Status:\\t\\t0xC0000064\\r\\n\\r\\nProcess Information:\\r\\n\\tCaller Process ID:\\t0x2bb8\\r\\n\\tCaller Process Name:\\tC:\\\\Windows\\\\System32\\\\svchost.exe\\r\\n\\r\\nNetwork Information:\\r\\n\\tWorkstation Name:\\tMY-PC\\r\\n\\tSource Network Address:\\t::1\\r\\n\\tSource Port:\\t\\t0\\r\\n\\r\\nDetailed Authentication Information:\\r\\n\\tLogon Process:\\t\\tseclogo\\r\\n\\tAuthentication Package:\\tNegotiate\\r\\n\\tTransited Services:\\t-\\r\\n\\tPackage Name (NTLM only):\\t-\\r\\n\\tKey Length:\\t\\t0\\r\\n\\r\\nThis event is generated when a logon request fails. It is generated on the computer where access was attempted.\\r\\n\\r\\nThe Subject fields indicate the account on the local system which requested the logon. This is most commonly a service such as the Server service, or a local process such as Winlogon.exe or Services.exe.\\r\\n\\r\\nThe Logon Type field indicates the kind of logon that was requested. The most common types are 2 (interactive) and 3 (network).\\r\\n\\r\\nThe Process Information fields indicate which account and process on the system requested the logon.\\r\\n\\r\\nThe Network Information fields indicate where a remote logon request originated. Workstation name is not always available and may be left blank in some cases.\\r\\n\\r\\nThe authentication information fields provide detailed information about this specific logon request.\\r\\n\\t- Transited services indicate which intermediate services have participated in this logon request.\\r\\n\\t- Package name indicates which sub-protocol was used among the NTLM protocols.\\r\\n\\t- Key length indicates the length of the generated session key. This will be 0 if no session key was requested.\\\"\"},\"eventdata\":{\"subjectUserSid\":\"S-1-5-21-1000000000-1000000000-1000000000-1001\",\"subjectUserName\":\"user1\",\"subjectDomainName\":\"MY-PC\",\"subjectLogonId\":\"0x1ee801b4\",\"targetUserSid\":\"S-1-0-0\",\"targetUserName\":\"sentinel-test-nobody\",\"targetDomainName\":\"MY-PC\",\"status\":\"0xc000006d\",\"failureReason\":\"%%2313\",\"subStatus\":\"0xc0000064\",\"logonType\":\"2\",\"logonProcessName\":\"seclogo\",\"authenticationPackageName\":\"Negotiate\",\"workstationName\":\"MY-PC\",\"keyLength\":\"0\",\"processId\":\"0x2bb8\",\"processName\":\"C:\\\\\\\\Windows\\\\\\\\System32\\\\\\\\svchost.exe\",\"ipAddress\":\"::1\",\"ipPort\":\"0\"}}}\n{\"win\":{\"system\":{\"providerName\":\"Microsoft-Windows-Security-Auditing\",\"providerGuid\":\"{54849625-5478-4994-a5ba-3e3b0328c30d}\",\"eventID\":\"4625\",\"version\":\"0\",\"level\":\"0\",\"task\":\"12544\",\"opcode\":\"0\",\"keywords\":\"0x8010000000000000\",\"systemTime\":\"2026-09-28T15:34:14.0368079Z\",\"eventRecordID\":\"1213791\",\"processID\":\"1304\",\"threadID\":\"1688\",\"channel\":\"Security\",\"computer\":\"MY-PC\",\"severityValue\":\"AUDIT_FAILURE\",\"message\":\"\\\"An account failed to log on.\\r\\n\\r\\nSubject:\\r\\n\\tSecurity ID:\\t\\tS-1-5-21-1000000000-1000000000-1000000000-1001\\r\\n\\tAccount Name:\\t\\tuser1\\r\\n\\tAccount Domain:\\t\\tMY-PC\\r\\n\\tLogon ID:\\t\\t0x1EE801B4\\r\\n\\r\\nLogon Type:\\t\\t\\t2\\r\\n\\r\\nAccount For Which Logon Failed:\\r\\n\\tSecurity ID:\\t\\tS-1-0-0\\r\\n\\tAccount Name:\\t\\tsentinel-test-nobody\\r\\n\\tAccount Domain:\\t\\tMY-PC\\r\\n\\r\\nFailure Information:\\r\\n\\tFailure Reason:\\t\\tUnknown user name or bad password.\\r\\n\\tStatus:\\t\\t\\t0xC000006D\\r\\n\\tSub Status:\\t\\t0xC0000064\\r\\n\\r\\nProcess Information:\\r\\n\\tCaller Process ID:\\t0x2bb8\\r\\n\\tCaller Process Name:\\tC:\\\\Windows\\\\System32\\\\svchost.exe\\r\\n\\r\\nNetwork Information:\\r\\n\\tWorkstation Name:\\tMY-PC\\r\\n\\tSource Network Address:\\t::1\\r\\n\\tSource Port:\\t\\t0\\r\\n\\r\\nDetailed Authentication Information:\\r\\n\\tLogon Process:\\t\\tseclogo\\r\\n\\tAuthentication Package:\\tNegotiate\\r\\n\\tTransited Services:\\t-\\r\\n\\tPackage Name (NTLM only):\\t-\\r\\n\\tKey Length:\\t\\t0\\r\\n\\r\\nThis event is generated when a logon request fails. It is generated on the computer where access was attempted.\\r\\n\\r\\nThe Subject fields indicate the account on the local system which requested the logon. This is most commonly a service such as the Server service, or a local process such as Winlogon.exe or Services.exe.\\r\\n\\r\\nThe Logon Type field indicates the kind of logon that was requested. The most common types are 2 (interactive) and 3 (network).\\r\\n\\r\\nThe Process Information fields indicate which account and process on the system requested the logon.\\r\\n\\r\\nThe Network Information fields indicate where a remote logon request originated. Workstation name is not always available and may be left blank in some cases.\\r\\n\\r\\nThe authentication information fields provide detailed information about this specific logon request.\\r\\n\\t- Transited services indicate which intermediate services have participated in this logon request.\\r\\n\\t- Package name indicates which sub-protocol was used among the NTLM protocols.\\r\\n\\t- Key length indicates the length of the generated session key. This will be 0 if no session key was requested.\\\"\"},\"eventdata\":{\"subjectUserSid\":\"S-1-5-21-1000000000-1000000000-1000000000-1001\",\"subjectUserName\":\"user1\",\"subjectDomainName\":\"MY-PC\",\"subjectLogonId\":\"0x1ee801b4\",\"targetUserSid\":\"S-1-0-0\",\"targetUserName\":\"sentinel-test-nobody\",\"targetDomainName\":\"MY-PC\",\"status\":\"0xc000006d\",\"failureReason\":\"%%2313\",\"subStatus\":\"0xc0000064\",\"logonType\":\"2\",\"logonProcessName\":\"seclogo\",\"authenticationPackageName\":\"Negotiate\",\"workstationName\":\"MY-PC\",\"keyLength\":\"0\",\"processId\":\"0x2bb8\",\"processName\":\"C:\\\\\\\\Windows\\\\\\\\System32\\\\\\\\svchost.exe\",\"ipAddress\":\"::1\",\"ipPort\":\"0\"}}}"
          },
          "case_id": null
        },
