      {
        "wazuh_id": "1790971133.849243",
        "received_at": "2026-10-02T19:59:06.074011Z",
        "level": 4,
        "event": {
          "event_id": "evt_wz_1790971133_849243",
          "timestamp": "2026-10-02T19:58:53.288000Z",
          "ingested_at": null,
          "source": "wazuh",
          "category": "other",
          "event_type": "wazuh:60608",
          "host": "my-pc",
          "user": null,
          "outcome": "unknown",
          "process": null,
          "network": null,
          "file_path": null,
          "message": "Summary event of the report's signatures.",
          "raw": {
            "id": "1790971133.849243",
            "data": {
              "win": {
                "system": {
                  "task": "0",
                  "level": "4",
                  "opcode": "0",
                  "channel": "Application",
                  "eventID": "1001",
                  "message": "\"Fault bucket , type 0\r\nEvent Name: LiveKernelEvent\r\nResponse: Not available\r\nCab Id: 0\r\n\r\nProblem signature:\r\nP1: 193\r\nP2: 80e\r\nP3: ffffd08301eea0c0\r\nP4: ffff93823d3bdd70\r\nP5: 0\r\nP6: 10_0_26200\r\nP7: 0_0\r\nP8: 768_1\r\nP9: \r\nP10: \r\n\r\nAttached files:\r\n\\\\?\\C:\\WINDOWS\\LiveKernelReports\\WATCHDOG\\WATCHDOG-20260729-1851.dmp\r\n\\\\?\\C:\\WINDOWS\\SystemTemp\\WER-3005703-0.sysdata.xml\r\n\\\\?\\C:\\ProgramData\\Microsoft\\Windows\\WER\\Temp\\WER.41543202-d1ac-41a7-93f1-2a7290e6c6de.tmp.xml\r\n\r\nThese files may be available here:\r\n\\\\?\\C:\\ProgramData\\Microsoft\\Windows\\WER\\ReportQueue\\Kernel_193_76f4eeaab2d293ac81d37b3b87871367170ad38_00000000_a9dd5d18-c657-4773-8e53-48cdb9d5332f\r\n\r\nAnalysis symbol: \r\nRechecking for solution: 0\r\nReport Id: a9dd5d18-c657-4773-8e53-48cdb9d5332f\r\nReport Status: 2051\r\nHashed bucket: \r\nCab Guid: 0\"",
                  "version": "0",
                  "computer": "MY-PC",
                  "keywords": "0x8000000000000000",
                  "threadID": "18460",
                  "processID": "17840",
                  "systemTime": "2026-10-02T18:10:29.7903853Z",
                  "providerGuid": "{0ead09bd-2157-539a-8d6d-c87f95b64d70}",
                  "providerName": "Windows Error Reporting",
                  "eventRecordID": "126767",
                  "severityValue": "INFORMATION"
                },
                "eventdata": {
                  "p1": "193",
                  "p2": "80e",
                  "p3": "ffffd08301eea0c0",
                  "p4": "ffff93823d3bdd70",
                  "p5": "0",
                  "p6": "10_0_26200",
                  "p7": "0_0",
                  "p8": "768_1",
                  "cabId": "0",
                  "cabGuid": "0",
                  "reportId": "a9dd5d18-c657-4773-8e53-48cdb9d5332f",
                  "response": "Not available",
                  "eventName": "LiveKernelEvent",
                  "storePath": "\\\\\\\\?\\\\C:\\\\ProgramData\\\\Microsoft\\\\Windows\\\\WER\\\\ReportQueue\\\\Kernel_193_76f4eeaab2d293ac81d37b3b87871367170ad38_00000000_a9dd5d18-c657-4773-8e53-48cdb9d5332f",
                  "bucketType": "0",
                  "rechecking": "0",
                  "reportStatus": "2051",
                  "attachedFiles": "  \\\\\\\\?\\\\C:\\\\WINDOWS\\\\LiveKernelReports\\\\WATCHDOG\\\\WATCHDOG-20260729-1851.dmp  \\\\\\\\?\\\\C:\\\\WINDOWS\\\\SystemTemp\\\\WER-3005703-0.sysdata.xml  \\\\\\\\?\\\\C:\\\\ProgramData\\\\Microsoft\\\\Windows\\\\WER\\\\Temp\\\\WER.41543202-d1ac-41a7-93f1-2a7290e6c6de.tmp.xml"
                }
              }
            },
            "rule": {
              "id": "60608",
              "mail": false,
              "level": 4,
              "groups": [
                "windows",
                "windows_application"
              ],
              "firedtimes": 140,
              "description": "Summary event of the report's signatures."
            },
            "agent": {
              "id": "001",
              "ip": "127.0.0.1",
              "name": "my-pc"
            },
            "decoder": {
              "name": "windows_eventchannel"
            },
            "manager": {
              "name": "wazuh.manager"
            },
            "location": "EventChannel",
            "timestamp": "2026-10-02T19:58:53.288+0000"
          },
          "case_id": null
        },
        "alert": {
          "alert_id": "alr_wz_1790971133_849243",
          "rule_id": "wazuh-60608",
          "rule_name": "Summary event of the report's signatures.",
          "rule_severity": "low",
          "timestamp": "2026-10-02T19:58:53.288000Z",
          "host": "my-pc",
          "user": null,
          "src_ip": null,
          "description": "Summary event of the report's signatures.",
          "event_ids": [
            "evt_wz_1790971133_849243"
          ],
          "suggested_techniques": [],
          "case_id": null
        }
      },
      {
        "wazuh_id": "1790971133.844653",
        "received_at": "2026-10-02T19:59:05.989825Z",
        "level": 4,
        "event": {
          "event_id": "evt_wz_1790971133_844653",
          "timestamp": "2026-10-02T19:58:53.272000Z",
          "ingested_at": null,
          "source": "wazuh",
          "category": "other",
          "event_type": "wazuh:60608",
          "host": "my-pc",
          "user": null,
          "outcome": "unknown",
          "process": null,
          "network": null,
          "file_path": null,
          "message": "Summary event of the report's signatures.",
          "raw": {
            "id": "1790971133.844653",
            "data": {
              "win": {
                "system": {
                  "task": "0",
                  "level": "4",
                  "opcode": "0",
                  "channel": "Application",
                  "eventID": "1001",
                  "message": "\"Fault bucket , type 0\r\nEvent Name: LiveKernelEvent\r\nResponse: Not available\r\nCab Id: 0\r\n\r\nProblem signature:\r\nP1: 193\r\nP2: 80e\r\nP3: ffffaa8a40888080\r\nP4: ffffe28c9c6fcd30\r\nP5: 0\r\nP6: 10_0_26200\r\nP7: 0_0\r\nP8: 768_1\r\nP9: \r\nP10: \r\n\r\nAttached files:\r\n\\\\?\\C:\\WINDOWS\\LiveKernelReports\\WATCHDOG\\WATCHDOG-20260728-0803.dmp\r\n\\\\?\\C:\\WINDOWS\\SystemTemp\\WER-27378953-0.sysdata.xml\r\n\\\\?\\C:\\ProgramData\\Microsoft\\Windows\\WER\\Temp\\WER.34ec3b5a-fc70-40a9-a340-f5daad8c3465.tmp.xml\r\n\r\nThese files may be available here:\r\n\\\\?\\C:\\ProgramData\\Microsoft\\Windows\\WER\\ReportQueue\\Kernel_193_aaac78c7a75fa51e651911c91eae5cae491603a_00000000_fee578a4-f2cd-42c7-8148-945492d7f5d5\r\n\r\nAnalysis symbol: \r\nRechecking for solution: 0\r\nReport Id: fee578a4-f2cd-42c7-8148-945492d7f5d5\r\nReport Status: 2051\r\nHashed bucket: \r\nCab Guid: 0\"",
                  "version": "0",
                  "computer": "MY-PC",
                  "keywords": "0x8000000000000000",
                  "threadID": "18460",
                  "processID": "17840",
                  "systemTime": "2026-10-02T18:10:29.7398046Z",
                  "providerGuid": "{0ead09bd-2157-539a-8d6d-c87f95b64d70}",
                  "providerName": "Windows Error Reporting",
                  "eventRecordID": "126766",
                  "severityValue": "INFORMATION"
                },
                "eventdata": {
                  "p1": "193",
                  "p2": "80e",
                  "p3": "ffffaa8a40888080",
                  "p4": "ffffe28c9c6fcd30",
                  "p5": "0",
                  "p6": "10_0_26200",
                  "p7": "0_0",
                  "p8": "768_1",
                  "cabId": "0",
                  "cabGuid": "0",
                  "reportId": "fee578a4-f2cd-42c7-8148-945492d7f5d5",
                  "response": "Not available",
                  "eventName": "LiveKernelEvent",
                  "storePath": "\\\\\\\\?\\\\C:\\\\ProgramData\\\\Microsoft\\\\Windows\\\\WER\\\\ReportQueue\\\\Kernel_193_aaac78c7a75fa51e651911c91eae5cae491603a_00000000_fee578a4-f2cd-42c7-8148-945492d7f5d5",
                  "bucketType": "0",
                  "rechecking": "0",
                  "reportStatus": "2051",
                  "attachedFiles": "  \\\\\\\\?\\\\C:\\\\WINDOWS\\\\LiveKernelReports\\\\WATCHDOG\\\\WATCHDOG-20260728-0803.dmp  \\\\\\\\?\\\\C:\\\\WINDOWS\\\\SystemTemp\\\\WER-27378953-0.sysdata.xml  \\\\\\\\?\\\\C:\\\\ProgramData\\\\Microsoft\\\\Windows\\\\WER\\\\Temp\\\\WER.34ec3b5a-fc70-40a9-a340-f5daad8c3465.tmp.xml"
                }
              }
            },
            "rule": {
              "id": "60608",
              "mail": false,
              "level": 4,
              "groups": [
                "windows",
                "windows_application"
              ],
              "firedtimes": 139,
              "description": "Summary event of the report's signatures."
            },
            "agent": {
              "id": "001",
              "ip": "127.0.0.1",
              "name": "my-pc"
            },
            "decoder": {
              "name": "windows_eventchannel"
            },
            "manager": {
              "name": "wazuh.manager"
            },
            "location": "EventChannel",
            "timestamp": "2026-10-02T19:58:53.272+0000"
          },
          "case_id": null
        },
        "alert": {
          "alert_id": "alr_wz_1790971133_844653",
          "rule_id": "wazuh-60608",
          "rule_name": "Summary event of the report's signatures.",
          "rule_severity": "low",
          "timestamp": "2026-10-02T19:58:53.272000Z",
          "host": "my-pc",
          "user": null,
          "src_ip": null,
          "description": "Summary event of the report's signatures.",
          "event_ids": [
            "evt_wz_1790971133_844653"
          ],
          "suggested_techniques": [],
          "case_id": null
        }
      },
      {
        "wazuh_id": "1790971133.840075",
        "received_at": "2026-10-02T19:59:05.908274Z",
        "level": 4,
        "event": {
          "event_id": "evt_wz_1790971133_840075",
          "timestamp": "2026-10-02T19:58:53.256000Z",
          "ingested_at": null,
          "source": "wazuh",
          "category": "other",
          "event_type": "wazuh:60608",
          "host": "my-pc",
          "user": null,
          "outcome": "unknown",
          "process": null,
          "network": null,
          "file_path": null,
          "message": "Summary event of the report's signatures.",
          "raw": {
            "id": "1790971133.840075",
            "data": {
              "win": {
                "system": {
                  "task": "0",
                  "level": "4",
                  "opcode": "0",
                  "channel": "Application",
                  "eventID": "1001",
                  "message": "\"Fault bucket , type 0\r\nEvent Name: LiveKernelEvent\r\nResponse: Not available\r\nCab Id: 0\r\n\r\nProblem signature:\r\nP1: 193\r\nP2: 80e\r\nP3: ffffba0239f99080\r\nP4: ffffd00be0879d70\r\nP5: 0\r\nP6: 10_0_26200\r\nP7: 0_0\r\nP8: 768_1\r\nP9: \r\nP10: \r\n\r\nAttached files:\r\n\\\\?\\C:\\WINDOWS\\LiveKernelReports\\WATCHDOG\\WATCHDOG-20260727-1117.dmp\r\n\\\\?\\C:\\WINDOWS\\SystemTemp\\WER-4152156-0.sysdata.xml\r\n\\\\?\\C:\\ProgramData\\Microsoft\\Windows\\WER\\Temp\\WER.c8ab69cd-eacc-4d42-a126-cd751c72ac9b.tmp.xml\r\n\r\nThese files may be available here:\r\n\\\\?\\C:\\ProgramData\\Microsoft\\Windows\\WER\\ReportQueue\\Kernel_193_77a37bdef74e66accb21b5677aaaee061973d_00000000_5f535af7-85bc-471b-90f3-6afd9b3bbb1b\r\n\r\nAnalysis symbol: \r\nRechecking for solution: 0\r\nReport Id: 5f535af7-85bc-471b-90f3-6afd9b3bbb1b\r\nReport Status: 2051\r\nHashed bucket: \r\nCab Guid: 0\"",
                  "version": "0",
                  "computer": "MY-PC",
                  "keywords": "0x8000000000000000",
                  "threadID": "18460",
                  "processID": "17840",
                  "systemTime": "2026-10-02T18:10:29.6884345Z",
                  "providerGuid": "{0ead09bd-2157-539a-8d6d-c87f95b64d70}",
                  "providerName": "Windows Error Reporting",
                  "eventRecordID": "126765",
                  "severityValue": "INFORMATION"
                },
                "eventdata": {
                  "p1": "193",
                  "p2": "80e",
                  "p3": "ffffba0239f99080",
                  "p4": "ffffd00be0879d70",
                  "p5": "0",
                  "p6": "10_0_26200",
                  "p7": "0_0",
                  "p8": "768_1",
                  "cabId": "0",
                  "cabGuid": "0",
                  "reportId": "5f535af7-85bc-471b-90f3-6afd9b3bbb1b",
                  "response": "Not available",
                  "eventName": "LiveKernelEvent",
                  "storePath": "\\\\\\\\?\\\\C:\\\\ProgramData\\\\Microsoft\\\\Windows\\\\WER\\\\ReportQueue\\\\Kernel_193_77a37bdef74e66accb21b5677aaaee061973d_00000000_5f535af7-85bc-471b-90f3-6afd9b3bbb1b",
                  "bucketType": "0",
                  "rechecking": "0",
                  "reportStatus": "2051",
                  "attachedFiles": "  \\\\\\\\?\\\\C:\\\\WINDOWS\\\\LiveKernelReports\\\\WATCHDOG\\\\WATCHDOG-20260727-1117.dmp  \\\\\\\\?\\\\C:\\\\WINDOWS\\\\SystemTemp\\\\WER-4152156-0.sysdata.xml  \\\\\\\\?\\\\C:\\\\ProgramData\\\\Microsoft\\\\Windows\\\\WER\\\\Temp\\\\WER.c8ab69cd-eacc-4d42-a126-cd751c72ac9b.tmp.xml"
                }
              }
            },
            "rule": {
              "id": "60608",
              "mail": false,
              "level": 4,
              "groups": [
                "windows",
                "windows_application"
              ],
              "firedtimes": 138,
              "description": "Summary event of the report's signatures."
            },
            "agent": {
              "id": "001",
              "ip": "127.0.0.1",
              "name": "my-pc"
            },
            "decoder": {
              "name": "windows_eventchannel"
            },
            "manager": {
              "name": "wazuh.manager"
            },
            "location": "EventChannel",
            "timestamp": "2026-10-02T19:58:53.256+0000"
          },
          "case_id": null
        },
        "alert": {
          "alert_id": "alr_wz_1790971133_840075",
          "rule_id": "wazuh-60608",
          "rule_name": "Summary event of the report's signatures.",
          "rule_severity": "low",
          "timestamp": "2026-10-02T19:58:53.256000Z",
          "host": "my-pc",
          "user": null,
          "src_ip": null,
          "description": "Summary event of the report's signatures.",
          "event_ids": [
            "evt_wz_1790971133_840075"
          ],
          "suggested_techniques": [],
          "case_id": null
        }
      },
      {
        "wazuh_id": "1790971133.835493",
        "received_at": "2026-10-02T19:59:05.820669Z",
        "level": 4,
        "event": {
          "event_id": "evt_wz_1790971133_835493",
          "timestamp": "2026-10-02T19:58:53.241000Z",
          "ingested_at": null,
          "source": "wazuh",
          "category": "other",
          "event_type": "wazuh:60608",
          "host": "my-pc",
          "user": null,
          "outcome": "unknown",
          "process": null,
          "network": null,
          "file_path": null,
          "message": "Summary event of the report's signatures.",
          "raw": {
            "id": "1790971133.835493",
            "data": {
              "win": {
                "system": {
                  "task": "0",
                  "level": "4",
                  "opcode": "0",
                  "channel": "Application",
                  "eventID": "1001",
                  "message": "\"Fault bucket , type 0\r\nEvent Name: LiveKernelEvent\r\nResponse: Not available\r\nCab Id: 0\r\n\r\nProblem signature:\r\nP1: 193\r\nP2: 80e\r\nP3: ffffad0a18a61080\r\nP4: ffffbf8f2a0e2010\r\nP5: 0\r\nP6: 10_0_26200\r\nP7: 0_0\r\nP8: 768_1\r\nP9: \r\nP10: \r\n\r\nAttached files:\r\n\\\\?\\C:\\WINDOWS\\LiveKernelReports\\WATCHDOG\\WATCHDOG-20260724-2314.dmp\r\n\\\\?\\C:\\WINDOWS\\SystemTemp\\WER-4124890-0.sysdata.xml\r\n\\\\?\\C:\\ProgramData\\Microsoft\\Windows\\WER\\Temp\\WER.7053c59c-421e-480a-9b04-8792dd292189.tmp.xml\r\n\r\nThese files may be available here:\r\n\\\\?\\C:\\ProgramData\\Microsoft\\Windows\\WER\\ReportQueue\\Kernel_193_79bb995efeed93ae237b1694de591b523e5b58_00000000_40c2e475-c9b9-49ad-9adc-60aa25abef97\r\n\r\nAnalysis symbol: \r\nRechecking for solution: 0\r\nReport Id: 40c2e475-c9b9-49ad-9adc-60aa25abef97\r\nReport Status: 2051\r\nHashed bucket: \r\nCab Guid: 0\"",
                  "version": "0",
                  "computer": "MY-PC",
                  "keywords": "0x8000000000000000",
                  "threadID": "18460",
                  "processID": "17840",
                  "systemTime": "2026-10-02T18:10:29.6355808Z",
                  "providerGuid": "{0ead09bd-2157-539a-8d6d-c87f95b64d70}",
                  "providerName": "Windows Error Reporting",
                  "eventRecordID": "126764",
                  "severityValue": "INFORMATION"
                },
                "eventdata": {
                  "p1": "193",
                  "p2": "80e",
                  "p3": "ffffad0a18a61080",
                  "p4": "ffffbf8f2a0e2010",
                  "p5": "0",
                  "p6": "10_0_26200",
                  "p7": "0_0",
                  "p8": "768_1",
                  "cabId": "0",
                  "cabGuid": "0",
                  "reportId": "40c2e475-c9b9-49ad-9adc-60aa25abef97",
                  "response": "Not available",
                  "eventName": "LiveKernelEvent",
                  "storePath": "\\\\\\\\?\\\\C:\\\\ProgramData\\\\Microsoft\\\\Windows\\\\WER\\\\ReportQueue\\\\Kernel_193_79bb995efeed93ae237b1694de591b523e5b58_00000000_40c2e475-c9b9-49ad-9adc-60aa25abef97",
                  "bucketType": "0",
                  "rechecking": "0",
                  "reportStatus": "2051",
                  "attachedFiles": "  \\\\\\\\?\\\\C:\\\\WINDOWS\\\\LiveKernelReports\\\\WATCHDOG\\\\WATCHDOG-20260724-2314.dmp  \\\\\\\\?\\\\C:\\\\WINDOWS\\\\SystemTemp\\\\WER-4124890-0.sysdata.xml  \\\\\\\\?\\\\C:\\\\ProgramData\\\\Microsoft\\\\Windows\\\\WER\\\\Temp\\\\WER.7053c59c-421e-480a-9b04-8792dd292189.tmp.xml"
                }
              }
            },
            "rule": {
              "id": "60608",
              "mail": false,
              "level": 4,
              "groups": [
                "windows",
                "windows_application"
              ],
              "firedtimes": 137,
              "description": "Summary event of the report's signatures."
            },
            "agent": {
              "id": "001",
              "ip": "127.0.0.1",
              "name": "my-pc"
            },
            "decoder": {
              "name": "windows_eventchannel"
            },
            "manager": {
              "name": "wazuh.manager"
            },
            "location": "EventChannel",
            "timestamp": "2026-10-02T19:58:53.241+0000"
          },
          "case_id": null
        },
        "alert": {
          "alert_id": "alr_wz_1790971133_835493",
          "rule_id": "wazuh-60608",
          "rule_name": "Summary event of the report's signatures.",
          "rule_severity": "low",
          "timestamp": "2026-10-02T19:58:53.241000Z",
          "host": "my-pc",
          "user": null,
          "src_ip": null,
          "description": "Summary event of the report's signatures.",
          "event_ids": [
            "evt_wz_1790971133_835493"
          ],
          "suggested_techniques": [],
          "case_id": null
        }
      },
      {
        "wazuh_id": "1790971133.830919",
        "received_at": "2026-10-02T19:59:05.733735Z",
        "level": 4,
        "event": {
          "event_id": "evt_wz_1790971133_830919",
          "timestamp": "2026-10-02T19:58:53.225000Z",
          "ingested_at": null,
          "source": "wazuh",
          "category": "other",
          "event_type": "wazuh:60608",
          "host": "my-pc",
          "user": null,
          "outcome": "unknown",
          "process": null,
          "network": null,
          "file_path": null,
          "message": "Summary event of the report's signatures.",
          "raw": {
            "id": "1790971133.830919",
            "data": {
              "win": {
                "system": {
                  "task": "0",
                  "level": "4",
                  "opcode": "0",
                  "channel": "Application",
                  "eventID": "1001",
                  "message": "\"Fault bucket , type 0\r\nEvent Name: LiveKernelEvent\r\nResponse: Not available\r\nCab Id: 0\r\n\r\nProblem signature:\r\nP1: 193\r\nP2: 80e\r\nP3: ffffc68d394df080\r\nP4: ffffe70353068d70\r\nP5: 0\r\nP6: 10_0_26200\r\nP7: 0_0\r\nP8: 768_1\r\nP9: \r\nP10: \r\n\r\nAttached files:\r\n\\\\?\\C:\\WINDOWS\\LiveKernelReports\\WATCHDOG\\WATCHDOG-20260720-2235.dmp\r\n\\\\?\\C:\\WINDOWS\\SystemTemp\\WER-572218-0.sysdata.xml\r\n\\\\?\\C:\\ProgramData\\Microsoft\\Windows\\WER\\Temp\\WER.d4abc54e-de93-48f6-a19d-d176888e8294.tmp.xml\r\n\r\nThese files may be available here:\r\n\\\\?\\C:\\ProgramData\\Microsoft\\Windows\\WER\\ReportQueue\\Kernel_193_aefd29234f67a0263c5b4678a696a53ece6cf_00000000_7e841a56-a1d5-41de-b6f2-42b44f00d12e\r\n\r\nAnalysis symbol: \r\nRechecking for solution: 0\r\nReport Id: 7e841a56-a1d5-41de-b6f2-42b44f00d12e\r\nReport Status: 2051\r\nHashed bucket: \r\nCab Guid: 0\"",
                  "version": "0",
                  "computer": "MY-PC",
                  "keywords": "0x8000000000000000",
                  "threadID": "18460",
                  "processID": "17840",
                  "systemTime": "2026-10-02T18:10:29.5847391Z",
                  "providerGuid": "{0ead09bd-2157-539a-8d6d-c87f95b64d70}",
                  "providerName": "Windows Error Reporting",
                  "eventRecordID": "126763",
                  "severityValue": "INFORMATION"
                },
                "eventdata": {
                  "p1": "193",
                  "p2": "80e",
                  "p3": "ffffc68d394df080",
                  "p4": "ffffe70353068d70",
                  "p5": "0",
                  "p6": "10_0_26200",
                  "p7": "0_0",
                  "p8": "768_1",
                  "cabId": "0",
                  "cabGuid": "0",
                  "reportId": "7e841a56-a1d5-41de-b6f2-42b44f00d12e",
                  "response": "Not available",
                  "eventName": "LiveKernelEvent",
                  "storePath": "\\\\\\\\?\\\\C:\\\\ProgramData\\\\Microsoft\\\\Windows\\\\WER\\\\ReportQueue\\\\Kernel_193_aefd29234f67a0263c5b4678a696a53ece6cf_00000000_7e841a56-a1d5-41de-b6f2-42b44f00d12e",
                  "bucketType": "0",
                  "rechecking": "0",
                  "reportStatus": "2051",
                  "attachedFiles": "  \\\\\\\\?\\\\C:\\\\WINDOWS\\\\LiveKernelReports\\\\WATCHDOG\\\\WATCHDOG-20260720-2235.dmp  \\\\\\\\?\\\\C:\\\\WINDOWS\\\\SystemTemp\\\\WER-572218-0.sysdata.xml  \\\\\\\\?\\\\C:\\\\ProgramData\\\\Microsoft\\\\Windows\\\\WER\\\\Temp\\\\WER.d4abc54e-de93-48f6-a19d-d176888e8294.tmp.xml"
                }
              }
            },
            "rule": {
              "id": "60608",
              "mail": false,
              "level": 4,
              "groups": [
                "windows",
                "windows_application"
              ],
              "firedtimes": 136,
              "description": "Summary event of the report's signatures."
            },
            "agent": {
              "id": "001",
              "ip": "127.0.0.1",
              "name": "my-pc"
            },
            "decoder": {
              "name": "windows_eventchannel"
            },
            "manager": {
              "name": "wazuh.manager"
            },
            "location": "EventChannel",
            "timestamp": "2026-10-02T19:58:53.225+0000"
          },
          "case_id": null
        },
        "alert": {
          "alert_id": "alr_wz_1790971133_830919",
          "rule_id": "wazuh-60608",
          "rule_name": "Summary event of the report's signatures.",
          "rule_severity": "low",
          "timestamp": "2026-10-02T19:58:53.225000Z",
          "host": "my-pc",
          "user": null,
          "src_ip": null,
          "description": "Summary event of the report's signatures.",
          "event_ids": [
            "evt_wz_1790971133_830919"
          ],
          "suggested_techniques": [],
          "case_id": null
        }
      },
      {
        "wazuh_id": "1790971133.826329",
        "received_at": "2026-10-02T19:59:05.649624Z",
        "level": 4,
        "event": {
          "event_id": "evt_wz_1790971133_826329",
          "timestamp": "2026-10-02T19:58:53.210000Z",
          "ingested_at": null,
          "source": "wazuh",
          "category": "other",
          "event_type": "wazuh:60608",
          "host": "my-pc",
          "user": null,
          "outcome": "unknown",
          "process": null,
          "network": null,
          "file_path": null,
          "message": "Summary event of the report's signatures.",
          "raw": {
            "id": "1790971133.826329",
            "data": {
              "win": {
                "system": {
                  "task": "0",
                  "level": "4",
                  "opcode": "0",
                  "channel": "Application",
                  "eventID": "1001",
                  "message": "\"Fault bucket , type 0\r\nEvent Name: LiveKernelEvent\r\nResponse: Not available\r\nCab Id: 0\r\n\r\nProblem signature:\r\nP1: 193\r\nP2: 80e\r\nP3: ffffe605aa6d2080\r\nP4: ffffd581771d2b30\r\nP5: 0\r\nP6: 10_0_26200\r\nP7: 0_0\r\nP8: 768_1\r\nP9: \r\nP10: \r\n\r\nAttached files:\r\n\\\\?\\C:\\WINDOWS\\LiveKernelReports\\WATCHDOG\\WATCHDOG-20260718-2305.dmp\r\n\\\\?\\C:\\WINDOWS\\SystemTemp\\WER-101721406-0.sysdata.xml\r\n\\\\?\\C:\\ProgramData\\Microsoft\\Windows\\WER\\Temp\\WER.a9396065-da21-4ce6-886a-d02d1b6b83c1.tmp.xml\r\n\r\nThese files may be available here:\r\n\\\\?\\C:\\ProgramData\\Microsoft\\Windows\\WER\\ReportQueue\\Kernel_193_98fca2b6a5ad6bd885c676bc66c76b5f57b43f_00000000_9ae3ed95-d4cf-4209-9d91-6774985c0c57\r\n\r\nAnalysis symbol: \r\nRechecking for solution: 0\r\nReport Id: 9ae3ed95-d4cf-4209-9d91-6774985c0c57\r\nReport Status: 2051\r\nHashed bucket: \r\nCab Guid: 0\"",
                  "version": "0",
                  "computer": "MY-PC",
                  "keywords": "0x8000000000000000",
                  "threadID": "18460",
                  "processID": "17840",
                  "systemTime": "2026-10-02T18:10:29.5333413Z",
                  "providerGuid": "{0ead09bd-2157-539a-8d6d-c87f95b64d70}",
                  "providerName": "Windows Error Reporting",
                  "eventRecordID": "126762",
                  "severityValue": "INFORMATION"
                },
                "eventdata": {
                  "p1": "193",
                  "p2": "80e",
                  "p3": "ffffe605aa6d2080",
                  "p4": "ffffd581771d2b30",
                  "p5": "0",
                  "p6": "10_0_26200",
                  "p7": "0_0",
                  "p8": "768_1",
                  "cabId": "0",
                  "cabGuid": "0",
                  "reportId": "9ae3ed95-d4cf-4209-9d91-6774985c0c57",
                  "response": "Not available",
                  "eventName": "LiveKernelEvent",
                  "storePath": "\\\\\\\\?\\\\C:\\\\ProgramData\\\\Microsoft\\\\Windows\\\\WER\\\\ReportQueue\\\\Kernel_193_98fca2b6a5ad6bd885c676bc66c76b5f57b43f_00000000_9ae3ed95-d4cf-4209-9d91-6774985c0c57",
                  "bucketType": "0",
                  "rechecking": "0",
                  "reportStatus": "2051",
                  "attachedFiles": "  \\\\\\\\?\\\\C:\\\\WINDOWS\\\\LiveKernelReports\\\\WATCHDOG\\\\WATCHDOG-20260718-2305.dmp  \\\\\\\\?\\\\C:\\\\WINDOWS\\\\SystemTemp\\\\WER-101721406-0.sysdata.xml  \\\\\\\\?\\\\C:\\\\ProgramData\\\\Microsoft\\\\Windows\\\\WER\\\\Temp\\\\WER.a9396065-da21-4ce6-886a-d02d1b6b83c1.tmp.xml"
                }
              }
            },
            "rule": {
              "id": "60608",
              "mail": false,
              "level": 4,
              "groups": [
                "windows",
                "windows_application"
              ],
              "firedtimes": 135,
              "description": "Summary event of the report's signatures."
            },
            "agent": {
              "id": "001",
              "ip": "127.0.0.1",
              "name": "my-pc"
            },
            "decoder": {
              "name": "windows_eventchannel"
            },
            "manager": {
              "name": "wazuh.manager"
            },
            "location": "EventChannel",
            "timestamp": "2026-10-02T19:58:53.210+0000"
          },
          "case_id": null
        },
        "alert": {
          "alert_id": "alr_wz_1790971133_826329",
          "rule_id": "wazuh-60608",
          "rule_name": "Summary event of the report's signatures.",
          "rule_severity": "low",
          "timestamp": "2026-10-02T19:58:53.210000Z",
          "host": "my-pc",
          "user": null,
          "src_ip": null,
          "description": "Summary event of the report's signatures.",
          "event_ids": [
            "evt_wz_1790971133_826329"
          ],
          "suggested_techniques": [],
          "case_id": null
        }
      },
      {
        "wazuh_id": "1790971133.821751",
        "received_at": "2026-10-02T19:59:05.554756Z",
        "level": 4,
        "event": {
          "event_id": "evt_wz_1790971133_821751",
          "timestamp": "2026-10-02T19:58:53.194000Z",
          "ingested_at": null,
          "source": "wazuh",
          "category": "other",
          "event_type": "wazuh:60608",
          "host": "my-pc",
          "user": null,
          "outcome": "unknown",
          "process": null,
          "network": null,
          "file_path": null,
          "message": "Summary event of the report's signatures.",
          "raw": {
            "id": "1790971133.821751",
            "data": {
              "win": {
                "system": {
                  "task": "0",
                  "level": "4",
                  "opcode": "0",
                  "channel": "Application",
                  "eventID": "1001",
                  "message": "\"Fault bucket , type 0\r\nEvent Name: LiveKernelEvent\r\nResponse: Not available\r\nCab Id: 0\r\n\r\nProblem signature:\r\nP1: 193\r\nP2: 80e\r\nP3: ffffde8d404840c0\r\nP4: ffff908235cacd70\r\nP5: 0\r\nP6: 10_0_26200\r\nP7: 0_0\r\nP8: 768_1\r\nP9: \r\nP10: \r\n\r\nAttached files:\r\n\\\\?\\C:\\WINDOWS\\LiveKernelReports\\WATCHDOG\\WATCHDOG-20260716-2211.dmp\r\n\\\\?\\C:\\WINDOWS\\SystemTemp\\WER-68515-0.sysdata.xml\r\n\\\\?\\C:\\ProgramData\\Microsoft\\Windows\\WER\\Temp\\WER.06236123-f62a-4a56-a05b-968976ef5c39.tmp.xml\r\n\r\nThese files may be available here:\r\n\\\\?\\C:\\ProgramData\\Microsoft\\Windows\\WER\\ReportQueue\\Kernel_193_66b1a31dd3d1c105bf0e3b67991ff541fc9b418_00000000_0fcb046c-1393-41be-87d0-61abb605b1c7\r\n\r\nAnalysis symbol: \r\nRechecking for solution: 0\r\nReport Id: 0fcb046c-1393-41be-87d0-61abb605b1c7\r\nReport Status: 2051\r\nHashed bucket: \r\nCab Guid: 0\"",
                  "version": "0",
                  "computer": "MY-PC",
                  "keywords": "0x8000000000000000",
                  "threadID": "18460",
                  "processID": "17840",
                  "systemTime": "2026-10-02T18:10:29.4819716Z",
                  "providerGuid": "{0ead09bd-2157-539a-8d6d-c87f95b64d70}",
                  "providerName": "Windows Error Reporting",
                  "eventRecordID": "126761",
                  "severityValue": "INFORMATION"
                },
                "eventdata": {
                  "p1": "193",
                  "p2": "80e",
                  "p3": "ffffde8d404840c0",
                  "p4": "ffff908235cacd70",
                  "p5": "0",
                  "p6": "10_0_26200",
                  "p7": "0_0",
                  "p8": "768_1",
                  "cabId": "0",
                  "cabGuid": "0",
                  "reportId": "0fcb046c-1393-41be-87d0-61abb605b1c7",
                  "response": "Not available",
                  "eventName": "LiveKernelEvent",
                  "storePath": "\\\\\\\\?\\\\C:\\\\ProgramData\\\\Microsoft\\\\Windows\\\\WER\\\\ReportQueue\\\\Kernel_193_66b1a31dd3d1c105bf0e3b67991ff541fc9b418_00000000_0fcb046c-1393-41be-87d0-61abb605b1c7",
                  "bucketType": "0",
                  "rechecking": "0",
                  "reportStatus": "2051",
                  "attachedFiles": "  \\\\\\\\?\\\\C:\\\\WINDOWS\\\\LiveKernelReports\\\\WATCHDOG\\\\WATCHDOG-20260716-2211.dmp  \\\\\\\\?\\\\C:\\\\WINDOWS\\\\SystemTemp\\\\WER-68515-0.sysdata.xml  \\\\\\\\?\\\\C:\\\\ProgramData\\\\Microsoft\\\\Windows\\\\WER\\\\Temp\\\\WER.06236123-f62a-4a56-a05b-968976ef5c39.tmp.xml"
                }
              }
            },
            "rule": {
              "id": "60608",
              "mail": false,
              "level": 4,
              "groups": [
                "windows",
                "windows_application"
              ],
              "firedtimes": 134,
              "description": "Summary event of the report's signatures."
            },
            "agent": {
              "id": "001",
              "ip": "127.0.0.1",
              "name": "my-pc"
            },
            "decoder": {
              "name": "windows_eventchannel"
            },
            "manager": {
              "name": "wazuh.manager"
            },
            "location": "EventChannel",
            "timestamp": "2026-10-02T19:58:53.194+0000"
          },
          "case_id": null
        },
        "alert": {
          "alert_id": "alr_wz_1790971133_821751",
          "rule_id": "wazuh-60608",
          "rule_name": "Summary event of the report's signatures.",
          "rule_severity": "low",
          "timestamp": "2026-10-02T19:58:53.194000Z",
          "host": "my-pc",
          "user": null,
          "src_ip": null,
          "description": "Summary event of the report's signatures.",
          "event_ids": [
            "evt_wz_1790971133_821751"
          ],
          "suggested_techniques": [],
          "case_id": null
        }
      },
      {
        "wazuh_id": "1790971133.817165",
        "received_at": "2026-10-02T19:59:05.467966Z",
        "level": 4,
        "event": {
          "event_id": "evt_wz_1790971133_817165",
          "timestamp": "2026-10-02T19:58:53.178000Z",
          "ingested_at": null,
          "source": "wazuh",
          "category": "other",
          "event_type": "wazuh:60608",
          "host": "my-pc",
          "user": null,
          "outcome": "unknown",
          "process": null,
          "network": null,
          "file_path": null,
          "message": "Summary event of the report's signatures.",
          "raw": {
            "id": "1790971133.817165",
            "data": {
              "win": {
                "system": {
                  "task": "0",
                  "level": "4",
                  "opcode": "0",
                  "channel": "Application",
                  "eventID": "1001",
                  "message": "\"Fault bucket , type 0\r\nEvent Name: LiveKernelEvent\r\nResponse: Not available\r\nCab Id: 0\r\n\r\nProblem signature:\r\nP1: 193\r\nP2: 80e\r\nP3: ffffd08998c32080\r\nP4: ffffab83f9a24d70\r\nP5: 0\r\nP6: 10_0_26200\r\nP7: 0_0\r\nP8: 768_1\r\nP9: \r\nP10: \r\n\r\nAttached files:\r\n\\\\?\\C:\\WINDOWS\\LiveKernelReports\\WATCHDOG\\WATCHDOG-20260716-2128.dmp\r\n\\\\?\\C:\\WINDOWS\\SystemTemp\\WER-3085343-0.sysdata.xml\r\n\\\\?\\C:\\ProgramData\\Microsoft\\Windows\\WER\\Temp\\WER.4073d00a-f0ef-4667-b76a-ee1f3db87a61.tmp.xml\r\n\r\nThese files may be available here:\r\n\\\\?\\C:\\ProgramData\\Microsoft\\Windows\\WER\\ReportQueue\\Kernel_193_1014ab587456ece3379df434668afdbacbe5fb5_00000000_ff74c937-93dd-4ae1-aacf-9ed461c1c51c\r\n\r\nAnalysis symbol: \r\nRechecking for solution: 0\r\nReport Id: ff74c937-93dd-4ae1-aacf-9ed461c1c51c\r\nReport Status: 2051\r\nHashed bucket: \r\nCab Guid: 0\"",
                  "version": "0",
                  "computer": "MY-PC",
                  "keywords": "0x8000000000000000",
                  "threadID": "18460",
                  "processID": "17840",
                  "systemTime": "2026-10-02T18:10:29.4288090Z",
                  "providerGuid": "{0ead09bd-2157-539a-8d6d-c87f95b64d70}",
                  "providerName": "Windows Error Reporting",
                  "eventRecordID": "126760",
                  "severityValue": "INFORMATION"
                },
                "eventdata": {
                  "p1": "193",
                  "p2": "80e",
                  "p3": "ffffd08998c32080",
                  "p4": "ffffab83f9a24d70",
                  "p5": "0",
                  "p6": "10_0_26200",
                  "p7": "0_0",
                  "p8": "768_1",
                  "cabId": "0",
                  "cabGuid": "0",
                  "reportId": "ff74c937-93dd-4ae1-aacf-9ed461c1c51c",
                  "response": "Not available",
                  "eventName": "LiveKernelEvent",
                  "storePath": "\\\\\\\\?\\\\C:\\\\ProgramData\\\\Microsoft\\\\Windows\\\\WER\\\\ReportQueue\\\\Kernel_193_1014ab587456ece3379df434668afdbacbe5fb5_00000000_ff74c937-93dd-4ae1-aacf-9ed461c1c51c",
                  "bucketType": "0",
                  "rechecking": "0",
                  "reportStatus": "2051",
                  "attachedFiles": "  \\\\\\\\?\\\\C:\\\\WINDOWS\\\\LiveKernelReports\\\\WATCHDOG\\\\WATCHDOG-20260716-2128.dmp  \\\\\\\\?\\\\C:\\\\WINDOWS\\\\SystemTemp\\\\WER-3085343-0.sysdata.xml  \\\\\\\\?\\\\C:\\\\ProgramData\\\\Microsoft\\\\Windows\\\\WER\\\\Temp\\\\WER.4073d00a-f0ef-4667-b76a-ee1f3db87a61.tmp.xml"
                }
              }
            },
            "rule": {
              "id": "60608",
              "mail": false,
              "level": 4,
              "groups": [
                "windows",
                "windows_application"
              ],
              "firedtimes": 133,
              "description": "Summary event of the report's signatures."
            },
            "agent": {
              "id": "001",
              "ip": "127.0.0.1",
              "name": "my-pc"
            },
            "decoder": {
              "name": "windows_eventchannel"
            },
            "manager": {
              "name": "wazuh.manager"
            },
            "location": "EventChannel",
            "timestamp": "2026-10-02T19:58:53.178+0000"
          },
          "case_id": null
        },
        "alert": {
          "alert_id": "alr_wz_1790971133_817165",
          "rule_id": "wazuh-60608",
          "rule_name": "Summary event of the report's signatures.",
          "rule_severity": "low",
          "timestamp": "2026-10-02T19:58:53.178000Z",
          "host": "my-pc",
          "user": null,
          "src_ip": null,
          "description": "Summary event of the report's signatures.",
          "event_ids": [
            "evt_wz_1790971133_817165"
          ],
          "suggested_techniques": [],
          "case_id": null
        }
      },
      {
        "wazuh_id": "1790971133.811206",
        "received_at": "2026-10-02T19:59:05.384912Z",
        "level": 4,
        "event": {
          "event_id": "evt_wz_1790971133_811206",
          "timestamp": "2026-10-02T19:58:53.162000Z",
          "ingested_at": null,
          "source": "wazuh",
          "category": "other",
          "event_type": "wazuh:60608",
          "host": "my-pc",
          "user": null,
          "outcome": "unknown",
          "process": null,
          "network": null,
          "file_path": null,
          "message": "Summary event of the report's signatures.",
          "raw": {
            "id": "1790971133.811206",
            "data": {
              "win": {
                "system": {
                  "task": "0",
                  "level": "4",
                  "opcode": "0",
                  "channel": "Application",
                  "eventID": "1001",
                  "message": "\"Fault bucket , type 0\r\nEvent Name: LiveKernelEvent\r\nResponse: Not available\r\nCab Id: 0\r\n\r\nProblem signature:\r\nP1: 193\r\nP2: 80e\r\nP3: ffffd70f8dc680c0\r\nP4: ffffae8fab8abd70\r\nP5: 0\r\nP6: 10_0_26200\r\nP7: 0_0\r\nP8: 768_1\r\nP9: \r\nP10: \r\n\r\nAttached files:\r\n\\\\?\\C:\\WINDOWS\\LiveKernelReports\\WATCHDOG\\WATCHDOG-20260708-1815.dmp\r\n\\\\?\\C:\\WINDOWS\\SystemTemp\\WER-8552843-0.sysdata.xml\r\n\\\\?\\C:\\ProgramData\\Microsoft\\Windows\\WER\\Temp\\WER.a69758b4-ad15-4cb2-a861-262fe0536d3e.tmp.WERInternalMetadata.xml\r\n\\\\?\\C:\\ProgramData\\Microsoft\\Windows\\WER\\Temp\\WER.137fe617-3f20-4dd4-b3f6-63baf27560ec.tmp.csv\r\n\\\\?\\C:\\ProgramData\\Microsoft\\Windows\\WER\\Temp\\WER.db896ace-7c93-4ce7-ab1e-a94778b1bde1.tmp.txt\r\n\\\\?\\C:\\ProgramData\\Microsoft\\Windows\\WER\\Temp\\WER.5a072fe5-5b37-4742-a40c-6fd18d7a53ca.tmp.xml\r\n\r\nThese files may be available here:\r\n\\\\?\\C:\\ProgramData\\Microsoft\\Windows\\WER\\ReportQueue\\Kernel_193_c8b2e25b2347ff38ce16cb8c3d01b59a8c7232c_00000000_6be389c9-7a33-47cb-b4d5-6526b870062a\r\n\r\nAnalysis symbol: \r\nRechecking for solution: 0\r\nReport Id: 6be389c9-7a33-47cb-b4d5-6526b870062a\r\nReport Status: 2051\r\nHashed bucket: \r\nCab Guid: 0\"",
                  "version": "0",
                  "computer": "MY-PC",
                  "keywords": "0x8000000000000000",
                  "threadID": "18460",
                  "processID": "17840",
                  "systemTime": "2026-10-02T18:10:29.3799196Z",
                  "providerGuid": "{0ead09bd-2157-539a-8d6d-c87f95b64d70}",
                  "providerName": "Windows Error Reporting",
                  "eventRecordID": "126759",
                  "severityValue": "INFORMATION"
                },
                "eventdata": {
                  "p1": "193",
                  "p2": "80e",
                  "p3": "ffffd70f8dc680c0",
                  "p4": "ffffae8fab8abd70",
                  "p5": "0",
                  "p6": "10_0_26200",
                  "p7": "0_0",
                  "p8": "768_1",
                  "cabId": "0",
                  "cabGuid": "0",
                  "reportId": "6be389c9-7a33-47cb-b4d5-6526b870062a",
                  "response": "Not available",
                  "eventName": "LiveKernelEvent",
                  "storePath": "\\\\\\\\?\\\\C:\\\\ProgramData\\\\Microsoft\\\\Windows\\\\WER\\\\ReportQueue\\\\Kernel_193_c8b2e25b2347ff38ce16cb8c3d01b59a8c7232c_00000000_6be389c9-7a33-47cb-b4d5-6526b870062a",
                  "bucketType": "0",
                  "rechecking": "0",
                  "reportStatus": "2051",
                  "attachedFiles": "  \\\\\\\\?\\\\C:\\\\WINDOWS\\\\LiveKernelReports\\\\WATCHDOG\\\\WATCHDOG-20260708-1815.dmp  \\\\\\\\?\\\\C:\\\\WINDOWS\\\\SystemTemp\\\\WER-8552843-0.sysdata.xml  \\\\\\\\?\\\\C:\\\\ProgramData\\\\Microsoft\\\\Windows\\\\WER\\\\Temp\\\\WER.a69758b4-ad15-4cb2-a861-262fe0536d3e.tmp.WERInternalMetadata.xml  \\\\\\\\?\\\\C:\\\\ProgramData\\\\Microsoft\\\\Windows\\\\WER\\\\Temp\\\\WER.137fe617-3f20-4dd4-b3f6-63baf27560ec.tmp.csv  \\\\\\\\?\\\\C:\\\\ProgramData\\\\Microsoft\\\\Windows\\\\WER\\\\Temp\\\\WER.db896ace-7c93-4ce7-ab1e-a94778b1bde1.tmp.txt  \\\\\\\\?\\\\C:\\\\ProgramData\\\\Microsoft\\\\Windows\\\\WER\\\\Temp\\\\WER.5a072fe5-5b37-4742-a40c-6fd18d7a53ca.tmp.xml"
                }
              }
            },
            "rule": {
              "id": "60608",
              "mail": false,
              "level": 4,
              "groups": [
                "windows",
                "windows_application"
              ],
              "firedtimes": 132,
              "description": "Summary event of the report's signatures."
            },
            "agent": {
              "id": "001",
              "ip": "127.0.0.1",
              "name": "my-pc"
            },
            "decoder": {
              "name": "windows_eventchannel"
            },
            "manager": {
              "name": "wazuh.manager"
            },
            "location": "EventChannel",
            "timestamp": "2026-10-02T19:58:53.162+0000"
          },
          "case_id": null
        },
        "alert": {
          "alert_id": "alr_wz_1790971133_811206",
          "rule_id": "wazuh-60608",
          "rule_name": "Summary event of the report's signatures.",
          "rule_severity": "low",
          "timestamp": "2026-10-02T19:58:53.162000Z",
          "host": "my-pc",
          "user": null,
          "src_ip": null,
          "description": "Summary event of the report's signatures.",
          "event_ids": [
            "evt_wz_1790971133_811206"
          ],
          "suggested_techniques": [],
          "case_id": null
        }
      },
